
N1825_0_13 (GTP_LUT5CARRY)
          I4

N1822_0_26 (GTP_LUT5CARRY)
          I4

N1822_0_22 (GTP_LUT5CARRY)
          I4

N1822_0_11 (GTP_LUT5CARRY)
          I4

N1822_0_23 (GTP_LUT5CARRY)
          I4

N1827_0_17 (GTP_LUT5CARRY)
          I4

N1822_0_29 (GTP_LUT5CARRY)
          I4

N1827_0_22 (GTP_LUT5CARRY)
          I4

N1825_0_25 (GTP_LUT5CARRY)
          I4

N1825_0_4 (GTP_LUT5CARRY)
         I4

N1825_0_14 (GTP_LUT5CARRY)
          I4

N1825_0_22 (GTP_LUT5CARRY)
          I4

N1825_0_18 (GTP_LUT5CARRY)
          I4

N1825_0_15 (GTP_LUT5CARRY)
          I4

N1827_0_10 (GTP_LUT5CARRY)
          I4

N1827_0_19 (GTP_LUT5CARRY)
          I4

N1827_0_21 (GTP_LUT5CARRY)
          I4

N1827_0_3 (GTP_LUT5CARRY)
         I4

N1825_0_23 (GTP_LUT5CARRY)
          I4

N1827_0_15 (GTP_LUT5CARRY)
          I4

N1825_0_21 (GTP_LUT5CARRY)
          I4

N1825_0_11 (GTP_LUT5CARRY)
          I4

N1825_0_20 (GTP_LUT5CARRY)
          I4

N1825_0_3 (GTP_LUT5CARRY)
         I4

N1822_0_25 (GTP_LUT5CARRY)
          I4

N1822_0_15 (GTP_LUT5CARRY)
          I4

N1822_0_12 (GTP_LUT5CARRY)
          I4

N1827_0_8 (GTP_LUT5CARRY)
         I4

N1822_0_24 (GTP_LUT5CARRY)
          I4

N1825_0_6 (GTP_LUT5CARRY)
         I4

N1822_0_19 (GTP_LUT5CARRY)
          I4

N1827_0_7 (GTP_LUT5CARRY)
         I4

N1822_0_16 (GTP_LUT5CARRY)
          I4

N1822_0_18 (GTP_LUT5CARRY)
          I4

N1822_0_2 (GTP_LUT5CARRY)
         I4

N1822_0_17 (GTP_LUT5CARRY)
          I4

N1822_0_6 (GTP_LUT5CARRY)
         I4

N1822_0_13 (GTP_LUT5CARRY)
          I4

N1825_0_5 (GTP_LUT5CARRY)
         I4

N1825_0_19 (GTP_LUT5CARRY)
          I4

N1825_0_10 (GTP_LUT5CARRY)
          I4

N1822_0_10 (GTP_LUT5CARRY)
          I4

N1822_0_5 (GTP_LUT5CARRY)
         I4

N1822_0_20 (GTP_LUT5CARRY)
          I4

N1827_0_12 (GTP_LUT5CARRY)
          I4

N1827_0_11 (GTP_LUT5CARRY)
          I4

N1827_0_16 (GTP_LUT5CARRY)
          I4

N1822_0_8 (GTP_LUT5CARRY)
         I4

N1827_0_13 (GTP_LUT5CARRY)
          I4

N1827_0_4 (GTP_LUT5CARRY)
         I4

N1827_0_5 (GTP_LUT5CARRY)
         I4

N1827_0_14 (GTP_LUT5CARRY)
          I4

N1827_0_18 (GTP_LUT5CARRY)
          I4

N1825_0_27 (GTP_LUT5CARRY)
          I4

N1825_0_16 (GTP_LUT5CARRY)
          I4

N1825_0_24 (GTP_LUT5CARRY)
          I4

N1822_0_14 (GTP_LUT5CARRY)
          I4

N1822_0_7 (GTP_LUT5CARRY)
         I4

N1822_0_9 (GTP_LUT5CARRY)
         I4

N1822_0_21 (GTP_LUT5CARRY)
          I4

N1827_0_9 (GTP_LUT5CARRY)
         I4

N1822_0_28 (GTP_LUT5CARRY)
          I4

N1825_0_9 (GTP_LUT5CARRY)
         I4

N1825_0_7 (GTP_LUT5CARRY)
         I4

N1825_0_26 (GTP_LUT5CARRY)
          I4

N1822_0_3 (GTP_LUT5CARRY)
         I4

N1825_0_2 (GTP_LUT5CARRY)
         I4

N1825_0_12 (GTP_LUT5CARRY)
          I4

N1827_0_2 (GTP_LUT5CARRY)
         I4

N1825_0_17 (GTP_LUT5CARRY)
          I4

N1827_0_20 (GTP_LUT5CARRY)
          I4

N1822_0_4 (GTP_LUT5CARRY)
         I4

N1825_0_8 (GTP_LUT5CARRY)
         I4

N1827_0_6 (GTP_LUT5CARRY)
         I4

N1822_0_27 (GTP_LUT5CARRY)
          I4

o_CPU1_SB_EN_R_obuf (GTP_OUTBUF)
                   I

o_CPU1_D1_SE_RECOVERY_R_obuf (GTP_OUTBUF)
                            I

o_CPU1_D0_SE_RECOVERY_R_obuf (GTP_OUTBUF)
                            I

o_CPU0_SB_EN_R_obuf (GTP_OUTBUF)
                   I

o_CPU0_D0_SE_RECOVERY_R_obuf (GTP_OUTBUF)
                            I

o_CPU0_D1_SE_RECOVERY_R_obuf (GTP_OUTBUF)
                            I

N1827_0_25 (GTP_LUT5CARRY)
          I4

N1827_0_26 (GTP_LUT5CARRY)
          I4

N1827_0_27 (GTP_LUT5CARRY)
          I4

N1827_0_28 (GTP_LUT5CARRY)
          I4

N1827_0_24 (GTP_LUT5CARRY)
          I4

N1827_0_23 (GTP_LUT5CARRY)
          I4

o_PAL_DPLL_INIT_R (GTP_OUTBUFT)
                 I

o_PAL_DPLL_GPIO1_R (GTP_OUTBUFT)
                  I

o_FT_CPU1_SCP_BOOT_FROM_FLASH_R (GTP_OUTBUFT)
                               I

o_FT_CPU0_SCP_BOOT_FROM_FLASH_R (GTP_OUTBUFT)
                               I

o_CPU0_D0123_SOCKET_ID_R (GTP_OUTBUFT)
                        I

o_PAL_DPLL_RESET_R (GTP_OUTBUFT)
                  I

o_CPU1_D0123_SOCKET_ID_R (GTP_OUTBUFT)
                        I

o_PAL_CPU0_NVME_ALERT_N_R_tri (GTP_OUTBUFT)
                             I

o_CPU0_D1_SPIO_MOSI (GTP_OUTBUFT)
                   I

o_PAL_P12V_FAN2_EN_R_tri (GTP_OUTBUFT)
                        I
                        T

o_FAN_P12V_DISCHARGE_R (GTP_OUTBUFT)
                      I

o_PAL_TDO (GTP_OUTBUFT)
         I

o_PAL_P12V_FAN3_EN_R_tri (GTP_OUTBUFT)
                        I
                        T

o_PAL_CPU1_NVME_ALERT_N_R_tri (GTP_OUTBUFT)
                             I

o_PAL_FAN_NRML_LED3_R_tri (GTP_OUTBUFT)
                         I
                         T

o_PAL_WX1860_PERST_R (GTP_OUTBUFT)
                    I

o_PAL_BMC_PREST_N_R (GTP_OUTBUFT)
                   I

o_PAL_FAN_NRML_LED1_R_tri (GTP_OUTBUFT)
                         I
                         T

o_PAL_FAN_NRML_LED0_R_tri (GTP_OUTBUFT)
                         I
                         T

o_CPLD_M_S_SGPIO1_CLK_R (GTP_OUTBUFT)
                       I

o_PAL_FAN_FAIL_LED2_R_tri (GTP_OUTBUFT)
                         I

o_PAL_FAN_FAIL_LED1_R_tri (GTP_OUTBUFT)
                         I

o_PAL_P12V_FAN1_EN_R_tri (GTP_OUTBUFT)
                        I
                        T

o_PAL_DPLL_GPIO0_R (GTP_OUTBUFT)
                  I

o_PAL_FAN_FAIL_LED0_R_tri (GTP_OUTBUFT)
                         I

o_PAL_P12V_DISCHARGE_R_tri (GTP_OUTBUFT)
                          I

o_PAL_RISER2_SWITCH_EN (GTP_OUTBUFT)
                      I

o_PAL_FAN_NRML_LED2_R_tri (GTP_OUTBUFT)
                         I
                         T

o_PAL_P12V_FAN0_EN_R_tri (GTP_OUTBUFT)
                        I
                        T

N1348_0_2 (GTP_LUT5CARRY)
         I4

o_PAL_WX1860_NRST_R (GTP_OUTBUFT)
                   I

o_PAL_SYS_EEPROM_BYPASS_N_R (GTP_OUTBUFT)
                           I

o_PAL_FAN_FAIL_LED3_R_tri (GTP_OUTBUFT)
                         I

N1348_0_20 (GTP_LUT5CARRY)
          I4

N1348_0_19 (GTP_LUT5CARRY)
          I4

N1348_0_18 (GTP_LUT5CARRY)
          I4

N1348_0_17 (GTP_LUT5CARRY)
          I4

N1348_0_13 (GTP_LUT5CARRY)
          I4

N1348_0_12 (GTP_LUT5CARRY)
          I4

N1348_0_14 (GTP_LUT5CARRY)
          I4

N1348_0_11 (GTP_LUT5CARRY)
          I4

N1348_0_15 (GTP_LUT5CARRY)
          I4

N1348_0_9 (GTP_LUT5CARRY)
         I4

N1348_0_5 (GTP_LUT5CARRY)
         I4

o_PAL_PS2_P12V_ON_R_obuf (GTP_OUTBUF)
                        I

o_PAL_PS1_P12V_ON_R_obuf (GTP_OUTBUF)
                        I

N1348_0_16 (GTP_LUT5CARRY)
          I4

N1348_0_6 (GTP_LUT5CARRY)
         I4

N1348_0_10 (GTP_LUT5CARRY)
          I4

N1348_0_3 (GTP_LUT5CARRY)
         I4

N1348_0_8 (GTP_LUT5CARRY)
         I4

N1348_0_7 (GTP_LUT5CARRY)
         I4

o_CPLD_M_S_SGPIO1_LD_N_R (GTP_OUTBUFT)
                        I

o_CPLD_M_S_SGPIO1_MOSI_R (GTP_OUTBUFT)
                        I

N1348_0_4 (GTP_LUT5CARRY)
         I4

N763_1_1 (GTP_LUT5CARRY)
        I4

N763_1_2 (GTP_LUT5CARRY)
        I4

N763_1_3 (GTP_LUT5CARRY)
        I4

N763_1_5 (GTP_LUT5CARRY)
        I4

N763_1_4 (GTP_LUT5CARRY)
        I4

N796_1_4 (GTP_LUT5CARRY)
        I4

N796_1_5 (GTP_LUT5CARRY)
        I4

N796_1_2 (GTP_LUT5CARRY)
        I4

N796_1_3 (GTP_LUT5CARRY)
        I4

N19_1_2 (GTP_LUT5CARRY)
       I4

N19_1_3 (GTP_LUT5CARRY)
       I4

N19_1_4 (GTP_LUT5CARRY)
       I4

N19_1_5 (GTP_LUT5CARRY)
       I4

N19_1_7 (GTP_LUT5CARRY)
       I4

N19_1_8 (GTP_LUT5CARRY)
       I4

N19_1_9 (GTP_LUT5CARRY)
       I4

N19_1_10 (GTP_LUT5CARRY)
        I4

N19_1_11 (GTP_LUT5CARRY)
        I4

N19_1_12 (GTP_LUT5CARRY)
        I4

N19_1_6 (GTP_LUT5CARRY)
       I4

N19_1_13 (GTP_LUT5CARRY)
        I4

N19_1_14 (GTP_LUT5CARRY)
        I4

N19_1_15 (GTP_LUT5CARRY)
        I4

N59_2 (GTP_LUT5CARRY)
     I4

N10_1_14 (GTP_LUT5CARRY)
        I4

N10_1_5 (GTP_LUT5CARRY)
       I4

N10_1_15 (GTP_LUT5CARRY)
        I4

N10_1_13 (GTP_LUT5CARRY)
        I4

N10_1_12 (GTP_LUT5CARRY)
        I4

N10_1_10 (GTP_LUT5CARRY)
        I4

N10_1_6 (GTP_LUT5CARRY)
       I4

N10_1_9 (GTP_LUT5CARRY)
       I4

N10_1_4 (GTP_LUT5CARRY)
       I4

N10_1_7 (GTP_LUT5CARRY)
       I4

N10_1_3 (GTP_LUT5CARRY)
       I4

N10_1_11 (GTP_LUT5CARRY)
        I4

N10_1_2 (GTP_LUT5CARRY)
       I4

N10_1_8 (GTP_LUT5CARRY)
       I4

N267_1_2 (GTP_LUT5CARRY)
        I4

N267_1_3 (GTP_LUT5CARRY)
        I4

N267_1_4 (GTP_LUT5CARRY)
        I4

N267_1_5 (GTP_LUT5CARRY)
        I4

N186_1_2 (GTP_LUT5CARRY)
        I4

N186_1_3 (GTP_LUT5CARRY)
        I4

N186_1_4 (GTP_LUT5CARRY)
        I4

N186_1_5 (GTP_LUT5CARRY)
        I4

N186_1_6 (GTP_LUT5CARRY)
        I4

N186_1_7 (GTP_LUT5CARRY)
        I4

N226_2_2 (GTP_LUT5CARRY)
        I4

N226_2_3 (GTP_LUT5CARRY)
        I4

N226_2_4 (GTP_LUT5CARRY)
        I4

N226_2_5 (GTP_LUT5CARRY)
        I4

N226_2_6 (GTP_LUT5CARRY)
        I4

N226_2_7 (GTP_LUT5CARRY)
        I4

u_pll_e2 (GTP_PLL_E2)
        APB_ADDR[0]
        APB_ADDR[1]
        APB_ADDR[2]
        APB_ADDR[3]
        APB_ADDR[4]
        APB_CLK
        APB_EN
        APB_RST_N
        APB_SEL
        APB_WDATA[0]
        APB_WDATA[1]
        APB_WDATA[2]
        APB_WDATA[3]
        APB_WDATA[4]
        APB_WDATA[5]
        APB_WDATA[6]
        APB_WDATA[7]
        APB_WRITE
        CLKFB
        CLKIN2
        CLKIN_SEL
        CLKOUT0_SYN
        CLKOUT1_SYN
        CLKOUT2_SYN
        CLKOUT3_SYN
        CPHASE_STEP_N
        LOAD_PHASE
        PFDEN
        PHASE_DIR
        PHASE_SEL[0]
        PHASE_SEL[1]
        PHASE_STEP_N
        PLL_PWD
        RSTODIV
        RSTODIV2
        RSTODIV3
        STDBY

mInst[0].nxt_s1[0] (GTP_DFF_P)
                  D

N188_1_2 (GTP_LUT5CARRY)
        I4

N188_1_3 (GTP_LUT5CARRY)
        I4

N188_1_4 (GTP_LUT5CARRY)
        I4

N188_1_5 (GTP_LUT5CARRY)
        I4

N188_1_1 (GTP_LUT5CARRY)
        I4

N37_1_2 (GTP_LUT5CARRY)
       I4

N37_1_3 (GTP_LUT5CARRY)
       I4

N37_1_6 (GTP_LUT5CARRY)
       I4

N37_1_14 (GTP_LUT5CARRY)
        I4

N37_1_4 (GTP_LUT5CARRY)
       I4

N37_1_13 (GTP_LUT5CARRY)
        I4

N37_1_5 (GTP_LUT5CARRY)
       I4

N27_1_4 (GTP_LUT5CARRY)
       I4

N27_1_2 (GTP_LUT5CARRY)
       I4

N27_1_3 (GTP_LUT5CARRY)
       I4

N37_1_12 (GTP_LUT5CARRY)
        I4

N37_1_7 (GTP_LUT5CARRY)
       I4

N37_1_9 (GTP_LUT5CARRY)
       I4

N37_1_11 (GTP_LUT5CARRY)
        I4

N27_1_5 (GTP_LUT5CARRY)
       I4

N37_1_8 (GTP_LUT5CARRY)
       I4

N37_1_10 (GTP_LUT5CARRY)
        I4

N188_1_1 (GTP_LUT5CARRY)
        I4

N188_1_2 (GTP_LUT5CARRY)
        I4

N188_1_3 (GTP_LUT5CARRY)
        I4

N188_1_4 (GTP_LUT5CARRY)
        I4

N188_1_5 (GTP_LUT5CARRY)
        I4

N10_1_3 (GTP_LUT5CARRY)
       I4

N10_1_5 (GTP_LUT5CARRY)
       I4

N10_1_6 (GTP_LUT5CARRY)
       I4

N10_1_2 (GTP_LUT5CARRY)
       I4

N10_1_4 (GTP_LUT5CARRY)
       I4

N10_1_7 (GTP_LUT5CARRY)
       I4

N10_1_6 (GTP_LUT5CARRY)
       I4

N10_1_2 (GTP_LUT5CARRY)
       I4

N10_1_3 (GTP_LUT5CARRY)
       I4

N10_1_4 (GTP_LUT5CARRY)
       I4

N10_1_7 (GTP_LUT5CARRY)
       I4

N10_1_5 (GTP_LUT5CARRY)
       I4

state_reg[0] (GTP_DFF_PE)
            D

N42_1_2 (GTP_LUT5CARRY)
       I4

N42_1_3 (GTP_LUT5CARRY)
       I4

N42_1_4 (GTP_LUT5CARRY)
       I4

N42_1_5 (GTP_LUT5CARRY)
       I4

N42_1_6 (GTP_LUT5CARRY)
       I4

N42_1_7 (GTP_LUT5CARRY)
       I4

N42_1_8 (GTP_LUT5CARRY)
       I4

N42_1_9 (GTP_LUT5CARRY)
       I4

N49_1_4 (GTP_LUT5CARRY)
       I4

N49_1_3 (GTP_LUT5CARRY)
       I4

N49_1_2 (GTP_LUT5CARRY)
       I4

N49_1_6 (GTP_LUT5CARRY)
       I4

N49_1_7 (GTP_LUT5CARRY)
       I4

N49_1_9 (GTP_LUT5CARRY)
       I4

N49_1_8 (GTP_LUT5CARRY)
       I4

N49_1_5 (GTP_LUT5CARRY)
       I4

N570_4_3 (GTP_LUT5CARRY)
        I4

N570_4_5 (GTP_LUT5CARRY)
        I4

N570_4_4 (GTP_LUT5CARRY)
        I4

N570_4_7 (GTP_LUT5CARRY)
        I4

N570_4_2 (GTP_LUT5CARRY)
        I4

N570_4_6 (GTP_LUT5CARRY)
        I4

N570_4_8 (GTP_LUT5CARRY)
        I4
