#Build: Fabric Compiler 2024.2-SP1.2, Build 187561, May 22 18:16 2025
#Install: C:\studyware\pango\PDS_2024.2-SP1.2-ads\bin
#Application name: pds_shell.exe
#OS: Windows 10 10.0.18363
#Hostname: z02665mj
Generated by Fabric Compiler (version 2024.2-SP1.2 build 187561) at Tue Feb 10 12:26:59 2026
Parameters for debugging are loaded as follows:
Compiling verification operator library.
Compiling common defs.
Compiling prim grid devices.
Compiling place grid timing.
Compiling gate devices.
Compiling gate operators.
Building architecture model.
Loading device packaging model.
Building architecture floorplan logic view.
Elaborate the liberty model.
I: Multithreading enabled for Timing using a maximum of 4 processes.

Route Optimize started.
Build routing arch for double attribute device.
Enter timing driven router mode.
I: Multithreading enabled for route using a maximum of 1 processes.
I: Column Clock Check close.
W: Route-4027: Cannot find permit_rougth_thru_units.json file in working directory.
Building routing graph takes 0.38 sec.
Total nets for routing: 2497.
Total loads for routing: 11040.
Direct connect net size: 874
Build all design net take 136 msec.
Processing design graph takes 0.14 sec.
Delay table total memory: 4.79386520 MB
Route graph total memory: 10.81711197 MB
Route design total memory: 3.63418961 MB
The remaining process takes 0.04 sec.
Stage: after context initialize in post route | Performance: TNS = NA ; WNS = NA ; THS = NA ; WHS = NA | Time (s): real = 0h:0m:5s ; cpu = 0h:0m:3s ; process = 0h:0m:4s | Memory (MB): curr = 288.976563 ; peak = 306.511719 | Checksum: CD7778DC517350E7
Load route result takes 0.02 sec
Fix Hold Violation Threshold For Clock Path Cross SRB(ps) : 200
Fix Hold Violation Threshold For Clock Path On Clock Tree(ps) : 100
Hold fix to no violation.
Hold fix to threshold
Stage: after hold fix | Performance: TNS = 0 ; WNS = 10849 ; THS = 0 ; WHS = 257 | Time (s): real = 0h:0m:5s ; cpu = 0h:0m:3s ; process = 0h:0m:4s | Memory (MB): curr = 355.867188 ; peak = 355.871094 | Checksum: E9C991B428398572
Hold Violation Fix in router takes 0.34 sec.
Sort Original Nets take 0.001 sec
Total net: 2497, route succeed net: 2497
Generate routing result take 0.005 sec
Handle PERMUX permutation take 0.007 sec
Handle const net take 0.000 sec
Handle route through take 0.023 sec
Used SRB routing arc is 18493.
Stage: after finish post route | Performance: TNS = 0 ; WNS = 10849 ; THS = NA ; WHS = NA | Time (s): real = 0h:0m:5s ; cpu = 0h:0m:3s ; process = 0h:0m:4s | Memory (MB): curr = 341.593750 ; peak = 355.878906 | Checksum: E92EEAC43BCC7AD4
Finish post route takes 0.07 sec.
Total post route takes 1.02 sec.


Device Utilization Summary :
+----------------------------------------------------------------------------+
| Device Type                      | Used     | Available     | Util(%)     
+----------------------------------------------------------------------------+
| CLMA                             | 288      | 592           | 49          
| + FF                             | 603      | 3552          | 17          
| + LUT                            | 766      | 2368          | 33          
|   + LUT as Logic                 | 644      |               |             
|   + LUT as Const                 | 108      |               |             
|   + LUT as Bypass                | 14       |               |             
| CLMS                             | 400      | 888           | 46          
| + FF                             | 928      | 5328          | 18          
| + LUT                            | 1055     | 3552          | 30          
|   + LUT as Logic                 | 965      |               |             
|   + LUT as Memory                | 0        |               |             
|     + LUT as Distributed RAM     | 0        |               |             
|   + LUT as Const                 | 74       |               |             
|   + LUT as Bypass                | 16       |               |             
| IO                               | 219      | 336           | 66          
| + IOBD                           | 11       | 21            | 53          
| + IOBR                           | 42       | 42            | 100         
| + IOBS                           | 166      | 273           | 61          
| BKCL                             | 0        | 6             | 0           
| CCS                              | 1        | 1             | 100         
| CLKDIV                           | 0        | 4             | 0           
| CLKDLY                           | 0        | 8             | 0           
| DLL                              | 0        | 2             | 0           
| DRM                              | 0        | 26            | 0           
| HARD0N1                          | 61       | 936           | 7           
| IOCKBRG                          | 0        | 2             | 0           
| IOCKGATE                         | 0        | 4             | 0           
| + IOCKGATE as Bypass             | 0        |               |             
| IOLDLYS                          | 55       | 252           | 22          
| IOLDLY                           | 35       | 84            | 42          
| IOL                              | 219      | 336           | 66          
| ISERDES                          | 0        | 21            | 0           
| LDO                              | 0        | 2             | 0           
| OSC                              | 0        | 1             | 0           
| OSERDES                          | 0        | 21            | 0           
| PLLINMUXD                        | 1        | 2             | 50          
| + PLLINMUXD as Bypass            | 0        |               |             
| PLL                              | 1        | 2             | 50          
| USCMDC                           | 1        | 8             | 13          
| + USCMDC as Bypass               | 0        |               |             
| USCMD                            | 0        | 2             | 0           
| + USCMD as Bypass                | 0        |               |             
| USSMBUF                          | 0        | 8             | 0           
| + USSMBUF as Bypass              | 0        |               |             
+----------------------------------------------------------------------------+

Finished route optimize. (CPU time elapsed 0h:00m:03s)
Design 'Tieta_Feiteng_2001_top' has been routed successfully.
Saving design to DB.
Action route_optimize: Export DB successfully.
Action route_optimize: Real time elapsed is 0h:0m:6s
Action route_optimize: CPU time elapsed is 0h:0m:4s
Action route_optimize: Process CPU time elapsed is 0h:0m:5s
Action route_optimize: Peak memory pool usage is 355 MB

Current time: Tue Feb 10 12:27:03 2026
