#Build: Fabric Compiler 2024.2-SP1.2, Build 187561, May 22 18:16 2025
#Install: C:\studyware\pango\PDS_2024.2-SP1.2-ads\bin
#Application name: pds_shell.exe
#OS: Windows 10 10.0.18363
#Hostname: z02665mj
Generated by Fabric Compiler (version 2024.2-SP1.2 build 187561) at Tue Feb 10 12:26:49 2026
Parameters for debugging are loaded as follows:
Compiling verification operator library.
Compiling common defs.
Compiling prim grid devices.
Compiling place grid timing.
Compiling gate devices.
Compiling gate operators.
Building architecture model.
Loading device packaging model.
Building architecture floorplan logic view.
Elaborate the liberty model.
I: Multithreading enabled for Timing using a maximum of 4 processes.

Routing started.
Build routing arch for double attribute device.
Enter timing driven router mode.
I: Multithreading enabled for route using a maximum of 1 processes.
W: Route-4027: Cannot find permit_rougth_thru_units.json file in working directory.
Building routing graph takes 0.56 sec.
Enable Recovery Analysis in Routing
Init coarse delay table.
Read place coarse delay table takes 0.03 sec.
build place dedicate switch graph takes 0.14 sec
Setup STE netlist take 512 msec.
Slack Weight : 90
CE/RS signal series limit : 500
Dispose control chain take 76 msec.
Collect const net info take 22 msec.
Total nets for routing: 2255.
Total loads for routing: 11040.
Direct connect net size: 874
Build all design net take 146 msec.
Processing design graph takes 0.76 sec.
Delay table total memory: 4.79386520 MB
Route graph total memory: 10.78895950 MB
Route design total memory: 3.62250137 MB
The remaining process takes 0.04 sec.
Stage: after context initialize | Performance: TNS = 0 ; WNS = 11684 ; THS = NA ; WHS = NA | Time (s): real = 0h:0m:6s ; cpu = 0h:0m:3s ; process = 0h:0m:4s | Memory (MB): curr = 333.195313 ; peak = 352.941406 | Checksum: 8DF0057D1E88F455
Global routing takes 0.00 sec.
Pin Cost Increasing Speed 300
Unrouted clock nets at iteration 0 (0.005 sec): 0
Stage: after clock route | Performance: TNS = 0 ; WNS = 11684 ; THS = NA ; WHS = NA | Time (s): real = 0h:0m:6s ; cpu = 0h:0m:3s ; process = 0h:0m:4s | Memory (MB): curr = 334.222656 ; peak = 352.941406 | Checksum: D43C0470C60E578D
Total route nets size: 2251
I: Start printing congestion info.
I: Finish printing congestion info.
Pre route takes 0.682 sec
Stage: after pre route | Performance: TNS = 0 ; WNS = 12194 ; THS = 0 ; WHS = 258 | Time (s): real = 0h:0m:6s ; cpu = 0h:0m:3s ; process = 0h:0m:5s | Memory (MB): curr = 383.417969 ; peak = 388.546875 | Checksum: E8221796C3D40318
Unrouted general nets at iteration 2 (MT total route time: 0.405 sec): 1843(overused: 11873)
Unrouted general nets at iteration 3 (MT total route time: 0.317 sec): 1678(overused: 7619)
Unrouted general nets at iteration 4 (MT total route time: 0.264 sec): 1506(overused: 6091)
Unrouted general nets at iteration 5 (MT total route time: 0.203 sec): 1354(overused: 4908)
Unrouted general nets at iteration 6 (MT total route time: 0.181 sec): 1275(overused: 4211)
Unrouted general nets at iteration 7 (MT total route time: 0.136 sec): 803(overused: 2831)
Unrouted general nets at iteration 8 (MT total route time: 0.109 sec): 603(overused: 1920)
Unrouted general nets at iteration 9 (MT total route time: 0.082 sec): 506(overused: 1536)
Unrouted general nets at iteration 10 (MT total route time: 0.067 sec): 408(overused: 1173)
Unrouted general nets at iteration 11 (MT total route time: 0.058 sec): 312(overused: 788)
Unrouted general nets at iteration 12 (MT total route time: 0.054 sec): 255(overused: 637)
Unrouted general nets at iteration 13 (MT total route time: 0.038 sec): 195(overused: 455)
Unrouted general nets at iteration 14 (MT total route time: 0.031 sec): 170(overused: 368)
Unrouted general nets at iteration 15 (MT total route time: 0.027 sec): 148(overused: 330)
Unrouted general nets at iteration 16 (MT total route time: 0.027 sec): 138(overused: 318)
Unrouted general nets at iteration 17 (MT total route time: 0.025 sec): 125(overused: 266)
Unrouted general nets at iteration 18 (MT total route time: 0.023 sec): 125(overused: 281)
Unrouted general nets at iteration 19 (MT total route time: 0.022 sec): 111(overused: 234)
Unrouted general nets at iteration 20 (MT total route time: 0.019 sec): 101(overused: 197)
Unrouted general nets at iteration 21 (MT total route time: 0.020 sec): 83(overused: 168)
Unrouted general nets at iteration 22 (MT total route time: 0.016 sec): 67(overused: 100)
Unrouted general nets at iteration 23 (MT total route time: 0.015 sec): 61(overused: 104)
Unrouted general nets at iteration 24 (MT total route time: 0.013 sec): 58(overused: 110)
Unrouted general nets at iteration 25 (MT total route time: 0.011 sec): 28(overused: 54)
Unrouted general nets at iteration 26 (MT total route time: 0.011 sec): 29(overused: 46)
Unrouted general nets at iteration 27 (MT total route time: 0.010 sec): 22(overused: 36)
Unrouted general nets at iteration 28 (MT total route time: 0.007 sec): 25(overused: 38)
Unrouted general nets at iteration 29 (MT total route time: 0.009 sec): 14(overused: 22)
Unrouted general nets at iteration 30 (MT total route time: 0.006 sec): 8(overused: 10)
Unrouted general nets at iteration 31 (MT total route time: 0.009 sec): 7(overused: 10)
Unrouted general nets at iteration 32 (MT total route time: 0.006 sec): 6(overused: 6)
Unrouted general nets at iteration 33 (MT total route time: 0.005 sec): 0(overused: 0)
----General net take 0.005 sec(route net take 0.000 sec, inc cost take 0.002 sec, iter times: 1)
----const net route take 0.004 sec
Unrouted nets at iteration 34 (0.010 sec): 0
Stage: after detail route | Performance: TNS = 0 ; WNS = 10845 ; THS = NA ; WHS = NA | Time (s): real = 0h:0m:9s ; cpu = 0h:0m:4s ; process = 0h:0m:8s | Memory (MB): curr = 390.246094 ; peak = 391.183594 | Checksum: 28CF18EBC416EAD6
Begin rip-up and reroute:
Rip-up and reroute takes 0.08 sec.
Stage: after ripup & reroute | Performance: TNS = 0 ; WNS = 10849 ; THS = NA ; WHS = NA | Time (s): real = 0h:0m:9s ; cpu = 0h:0m:4s ; process = 0h:0m:8s | Memory (MB): curr = 394.261719 ; peak = 394.320313 | Checksum: B6A5FCDC5C8C6D68
Detailed routing takes 3.43 sec.
Sort Original Nets take 0.000 sec
Check HPIO div result take 0.000 sec
Total net: 2255, route succeed net: 2255
Generate routing result take 0.006 sec
Handle PERMUX permutation take 0.085 sec
Handle const net take 0.005 sec
Handle route through take 0.058 sec
Used SRB routing arc is 18493.
Stage: after finish route | Performance: TNS = 0 ; WNS = 10849 ; THS = NA ; WHS = NA | Time (s): real = 0h:0m:9s ; cpu = 0h:0m:4s ; process = 0h:0m:8s | Memory (MB): curr = 377.742188 ; peak = 394.320313 | Checksum: 54C8913E2D591EAE
Finish routing takes 0.28 sec.
Total routing takes 5.18 sec.


Device Utilization Summary :
+----------------------------------------------------------------------------+
| Device Type                      | Used     | Available     | Util(%)     
+----------------------------------------------------------------------------+
| CLMA                             | 288      | 592           | 49          
| + FF                             | 603      | 3552          | 17          
| + LUT                            | 766      | 2368          | 33          
|   + LUT as Logic                 | 644      |               |             
|   + LUT as Const                 | 108      |               |             
|   + LUT as Bypass                | 14       |               |             
| CLMS                             | 400      | 888           | 46          
| + FF                             | 928      | 5328          | 18          
| + LUT                            | 1055     | 3552          | 30          
|   + LUT as Logic                 | 965      |               |             
|   + LUT as Memory                | 0        |               |             
|     + LUT as Distributed RAM     | 0        |               |             
|   + LUT as Const                 | 74       |               |             
|   + LUT as Bypass                | 16       |               |             
| IO                               | 219      | 336           | 66          
| + IOBD                           | 11       | 21            | 53          
| + IOBR                           | 42       | 42            | 100         
| + IOBS                           | 166      | 273           | 61          
| BKCL                             | 0        | 6             | 0           
| CCS                              | 1        | 1             | 100         
| CLKDIV                           | 0        | 4             | 0           
| CLKDLY                           | 0        | 8             | 0           
| DLL                              | 0        | 2             | 0           
| DRM                              | 0        | 26            | 0           
| HARD0N1                          | 61       | 936           | 7           
| IOCKBRG                          | 0        | 2             | 0           
| IOCKGATE                         | 0        | 4             | 0           
| + IOCKGATE as Bypass             | 0        |               |             
| IOLDLYS                          | 55       | 252           | 22          
| IOLDLY                           | 35       | 84            | 42          
| IOL                              | 219      | 336           | 66          
| ISERDES                          | 0        | 21            | 0           
| LDO                              | 0        | 2             | 0           
| OSC                              | 0        | 1             | 0           
| OSERDES                          | 0        | 21            | 0           
| PLLINMUXD                        | 1        | 2             | 50          
| + PLLINMUXD as Bypass            | 0        |               |             
| PLL                              | 1        | 2             | 50          
| USCMDC                           | 1        | 8             | 13          
| + USCMDC as Bypass               | 0        |               |             
| USCMD                            | 0        | 2             | 0           
| + USCMD as Bypass                | 0        |               |             
| USSMBUF                          | 0        | 8             | 0           
| + USSMBUF as Bypass              | 0        |               |             
+----------------------------------------------------------------------------+

Finished routing. (CPU time elapsed 0h:00m:07s)
Design 'Tieta_Feiteng_2001_top' has been routed successfully.
Saving design to DB.
Action route: Export DB successfully.
Action route: Real time elapsed is 0h:0m:10s
Action route: CPU time elapsed is 0h:0m:8s
Action route: Process CPU time elapsed is 0h:0m:9s
Action route: Peak memory pool usage is 394 MB

Current time: Tue Feb 10 12:26:57 2026
