B15|IOBS_0_157|BANK0|DIFFIO_B0_13N/SPAL_D1|||
B14|IOBS_0_151|BANK0|DIFFIO_B0_15N|||
B13|IOBS_0_145|BANK0|DIFFIO_B0_17N|||
B12|IOBS_0_121|BANK0|DIFFIO_B0_19N|||
A20|IOBS_0_223|BANK0|DIFFIO_B0_1N/SPAL_CLK|||
D16|IOBS_0_211|BANK0|DIFFIO_B0_3N/SPAL_D15|||
B18|IOBS_0_205|BANK0|DIFFIO_B0_5N/SPAL_D11|||
C16|IOBS_0_199|BANK0|DIFFIO_B0_7N/SPAL_D7|||
B17|IOBS_0_187|BANK0|DIFFIO_B0_9N/SPAL_D3|||
B16|IOBS_0_181|BANK0|DIFFIO_B0_11N|||
A9|IOBS_0_91|BANK0|DIFFIO_B0_25N|||
A8|IOBS_0_85|BANK0|DIFFIO_B0_27N|||
A7|IOBS_0_79|BANK0|DIFFIO_B0_29N|||
A6|IOBS_0_61|BANK0|DIFFIO_B0_31N|||
A5|IOBS_0_55|BANK0|DIFFIO_B0_33N|||
A4|IOBS_0_49|BANK0|DIFFIO_B0_35N|||
A3|IOBS_0_37|BANK0|DIFFIO_B0_37N|||
A2|IOBS_0_31|BANK0|DIFFIO_B0_39N|||
A1|IOBS_0_25|BANK0|DIFFIO_B0_41N|||
A11|IOBS_0_115|BANK0|DIFFIO_B0_21N|||
A10|IOBS_0_109|BANK0|DIFFIO_B0_23N/CLK1N_B0|||
A12|IOBD_0_120|BANK0|DIFFIO_B0_19P|||
B19|IOBD_0_222|BANK0|DIFFIO_B0_1P/SPAL_CS_N|||
E15|IOBD_0_210|BANK0|DIFFIO_B0_3P/SPAL_D14|||
A18|IOBD_0_204|BANK0|DIFFIO_B0_5P/SPAL_D10|||
C15|IOBD_0_198|BANK0|DIFFIO_B0_7P/SPAL_D6|||
A17|IOBD_0_186|BANK0|DIFFIO_B0_9P/SPAL_D2|||
A16|IOBD_0_180|BANK0|DIFFIO_B0_11P|||
B6|IOBD_0_60|BANK0|DIFFIO_B0_31P|||
B5|IOBD_0_54|BANK0|DIFFIO_B0_33P|||
B4|IOBD_0_48|BANK0|DIFFIO_B0_35P|||
B3|IOBD_0_36|BANK0|DIFFIO_B0_37P|||
B2|IOBD_0_30|BANK0|DIFFIO_B0_39P|||
B1|IOBD_0_24|BANK0|DIFFIO_B0_41P|||
B9|IOBD_0_90|BANK0|DIFFIO_B0_25P|||
B8|IOBD_0_84|BANK0|DIFFIO_B0_27P|||
B7|IOBD_0_78|BANK0|DIFFIO_B0_29P|||
A15|IOBD_0_156|BANK0|DIFFIO_B0_13P/SPAL_D0|||
A14|IOBD_0_150|BANK0|DIFFIO_B0_15P|||
F8|IOBS_0_57|BANK0|DIFFI_B0_32N|||
D7|IOBS_0_51|BANK0|DIFFI_B0_34N|||
E7|IOBS_0_39|BANK0|DIFFI_B0_36N|||
D5|IOBS_0_33|BANK0|DIFFI_B0_38N|||
F7|IOBS_0_27|BANK0|DIFFI_B0_40N|||
C7|IOBS_0_63|BANK0|DIFFI_B0_30N/TDI|||
C8|IOBS_0_87|BANK0|DIFFI_B0_26N|||
F9|IOBS_0_81|BANK0|DIFFI_B0_28N|||
D9|IOBS_0_93|BANK0|DIFFI_B0_24N/TMS|||
F10|IOBS_0_111|BANK0|DIFFI_B0_22N|||
F14|IOBS_0_213|BANK0|DIFFI_B0_2N/SPAL_RDWR_N|||
D15|IOBS_0_207|BANK0|DIFFI_B0_4N/SPAL_D13|||
F13|IOBS_0_201|BANK0|DIFFI_B0_6N/SPAL_D9|||
D14|IOBS_0_189|BANK0|DIFFI_B0_8N/SPAL_D5|||
F12|IOBS_0_183|BANK0|DIFFI_B0_10N|||
D10|IOBS_0_116|BANK0|DIFFI_B0_20P|||
C9|IOBS_0_92|BANK0|DIFFI_B0_24P/TCK|||
D12|IOBS_0_152|BANK0|DIFFI_B0_14P/EFB_STR|||
G11|IOBS_0_146|BANK0|DIFFI_B0_16P|||
C17|IOBS_0_224|BANK0|DIFFI_B0_0P/INIT_FLAG_N|||
D11|IOBS_0_123|BANK0|DIFFI_B0_18N/SDA/CLK0N_B0|||
C12|IOBS_0_153|BANK0|DIFFI_B0_14N/EFB_CLK|||
F11|IOBS_0_147|BANK0|DIFFI_B0_16N/EFB_D|||
D13|IOBS_0_159|BANK0|DIFFI_B0_12N/RSTN|||
C13|IOBS_0_158|BANK0|DIFFI_B0_12P/JTAGEN|||
C11|IOBS_0_122|BANK0|DIFFI_B0_18P/SCL/CLK0P_B0|||
G8|IOBS_0_56|BANK0|DIFFI_B0_32P|||
C6|IOBS_0_50|BANK0|DIFFI_B0_34P|||
D6|IOBS_0_38|BANK0|DIFFI_B0_36P|||
E6|IOBS_0_32|BANK0|DIFFI_B0_38P|||
G7|IOBS_0_26|BANK0|DIFFI_B0_40P|||
G14|IOBS_0_212|BANK0|DIFFI_B0_2P/SPAL_BUSY|||
E14|IOBS_0_206|BANK0|DIFFI_B0_4P/SPAL_D12|||
G13|IOBS_0_200|BANK0|DIFFI_B0_6P/SPAL_D8|||
C14|IOBS_0_188|BANK0|DIFFI_B0_8P/SPAL_D4|||
G12|IOBS_0_182|BANK0|DIFFI_B0_10P|||
G10|IOBS_0_110|BANK0|DIFFI_B0_22P|||
A19|IOBS_0_225|BANK0|DIFFI_B0_0N/CFG_DONE|||
D8|IOBS_0_86|BANK0|DIFFI_B0_26P|||
G9|IOBS_0_80|BANK0|DIFFI_B0_28P|||
E8|IOBS_0_62|BANK0|DIFFI_B0_30P/TDO|||
C10|IOBS_0_117|BANK0|DIFFI_B0_20N|||
A13|IOBD_0_144|BANK0|DIFFIO_B0_17P|||
B11|IOBD_0_114|BANK0|DIFFIO_B0_21P|||
B10|IOBD_0_108|BANK0|DIFFIO_B0_23P/CLK1P_B0|||
F20|IOBS_37_246|BANK1|DIFFI_B1_10N|||
J15|IOBS_39_246|BANK1|DIFFI_B1_11N|||
H17|IOBS_43_246|BANK1|DIFFI_B1_12N|||
G20|IOBS_45_246|BANK1|DIFFI_B1_13N|||
H19|IOBS_49_246|BANK1|DIFFI_B1_14N|||
H20|IOBS_51_246|BANK1|DIFFI_B1_15N|||
J16|IOBS_55_246|BANK1|DIFFI_B1_16N|||
K15|IOBS_57_246|BANK1|DIFFI_B1_17N|||
J20|IOBS_61_246|BANK1|DIFFI_B1_18N|||
K18|IOBS_63_246|BANK1|DIFFI_B1_19N|||
K20|IOBS_67_246|BANK1|DIFFI_B1_20N/CLKON_B1|||
L17|IOBS_69_246|BANK1|DIFFI_B1_21N|||
L20|IOBS_85_246|BANK1|DIFFI_B1_22N|||
L15|IOBS_87_246|BANK1|DIFFI_B1_23N|||
M19|IOBS_91_246|BANK1|DIFFI_B1_24N|||
M18|IOBS_93_246|BANK1|DIFFI_B1_25N|||
N20|IOBS_97_246|BANK1|DIFFI_B1_26N|||
N19|IOBS_99_246|BANK1|DIFFI_B1_27N|||
N17|IOBS_103_246|BANK1|DIFFI_B1_28N|||
P19|IOBS_105_246|BANK1|DIFFI_B1_29N|||
R20|IOBS_109_246|BANK1|DIFFI_B1_30N|||
M14|IOBS_111_246|BANK1|DIFFI_B1_31N|||
R19|IOBS_115_246|BANK1|DIFFI_B1_32N|||
T19|IOBS_117_246|BANK1|DIFFI_B1_33N|||
P17|IOBS_127_246|BANK1|DIFFI_B1_34N|||
U19|IOBS_129_246|BANK1|DIFFI_B1_35N|||
P16|IOBS_133_246|BANK1|DIFFI_B1_36N|||
N14|IOBS_135_246|BANK1|DIFFI_B1_37N|||
U18|IOBS_139_246|BANK1|DIFFI_B1_38N|||
R16|IOBS_141_246|BANK1|DIFFI_B1_39N|||
T17|IOBS_145_246|BANK1|DIFFI_B1_40N|||
V17|IOBS_147_246|BANK1|DIFFI_B1_41N|||
D17|IOBS_6_246|BANK1|DIFFI_B1_0P/PLL1_CLKFB_P|||
F15|IOBS_8_246|BANK1|DIFFI_B1_1P|||
C19|IOBS_12_246|BANK1|DIFFI_B1_2P/PLL1_CLKIN_P|||
F16|IOBS_14_246|BANK1|DIFFI_B1_3P|||
B20|IOBS_18_246|BANK1|DIFFI_B1_4P|||
H14|IOBS_20_246|BANK1|DIFFI_B1_5P|||
D19|IOBS_24_246|BANK1|DIFFI_B1_6P|||
D20|IOBS_26_246|BANK1|DIFFI_B1_7P|||
G16|IOBS_30_246|BANK1|DIFFI_B1_8P|||
G17|IOBS_32_246|BANK1|DIFFI_B1_9P|||
F19|IOBS_36_246|BANK1|DIFFI_B1_10P|||
J14|IOBS_38_246|BANK1|DIFFI_B1_11P|||
G19|IOBS_42_246|BANK1|DIFFI_B1_12P|||
H16|IOBS_44_246|BANK1|DIFFI_B1_13P|||
H18|IOBS_48_246|BANK1|DIFFI_B1_14P|||
J17|IOBS_50_246|BANK1|DIFFI_B1_15P|||
J18|IOBS_54_246|BANK1|DIFFI_B1_16P|||
K14|IOBS_56_246|BANK1|DIFFI_B1_17P|||
J19|IOBS_60_246|BANK1|DIFFI_B1_18P|||
K17|IOBS_62_246|BANK1|DIFFI_B1_19P|||
K19|IOBS_66_246|BANK1|DIFFI_B1_20P/CLKOP_B1|||
K16|IOBS_68_246|BANK1|DIFFI_B1_21P|||
L19|IOBS_84_246|BANK1|DIFFI_B1_22P|||
L14|IOBS_86_246|BANK1|DIFFI_B1_23P|||
M20|IOBS_90_246|BANK1|DIFFI_B1_24P|||
L16|IOBS_92_246|BANK1|DIFFI_B1_25P|||
M17|IOBS_96_246|BANK1|DIFFI_B1_26P|||
M16|IOBS_98_246|BANK1|DIFFI_B1_27P|||
N18|IOBS_102_246|BANK1|DIFFI_B1_28P|||
P20|IOBS_104_246|BANK1|DIFFI_B1_29P|||
P18|IOBS_108_246|BANK1|DIFFI_B1_30P|||
M15|IOBS_110_246|BANK1|DIFFI_B1_31P|||
N16|IOBS_114_246|BANK1|DIFFI_B1_32P|||
T20|IOBS_116_246|BANK1|DIFFI_B1_33P|||
U20|IOBS_126_246|BANK1|DIFFI_B1_34P|||
T18|IOBS_128_246|BANK1|DIFFI_B1_35P|||
V20|IOBS_132_246|BANK1|DIFFI_B1_36P|||
N15|IOBS_134_246|BANK1|DIFFI_B1_37P|||
R17|IOBS_138_246|BANK1|DIFFI_B1_38P|||
P15|IOBS_140_246|BANK1|DIFFI_B1_39P|||
V19|IOBS_144_246|BANK1|DIFFI_B1_40P|||
U17|IOBS_146_246|BANK1|DIFFI_B1_41P|||
C18|IOBS_7_246|BANK1|DIFFI_B1_0N/PLL1_CLKFB_N|||
G15|IOBS_9_246|BANK1|DIFFI_B1_1N|||
E17|IOBS_13_246|BANK1|DIFFI_B1_2N/PLL1_CLKIN_N|||
D18|IOBS_15_246|BANK1|DIFFI_B1_3N/MFG_TEST_OUT|||
C20|IOBS_19_246|BANK1|DIFFI_B1_4N|||
H15|IOBS_21_246|BANK1|DIFFI_B1_5N|||
F17|IOBS_25_246|BANK1|DIFFI_B1_6N|||
E19|IOBS_27_246|BANK1|DIFFI_B1_7N|||
F18|IOBS_31_246|BANK1|DIFFI_B1_8N|||
E20|IOBS_33_246|BANK1|DIFFI_B1_9N|||
W11|IOBS_156_115|BANK2|DIFFI_B2_21N|||
V10|IOBS_156_111|BANK2|DIFFI_B2_22N|||
W10|IOBS_156_109|BANK2|DIFFI_B2_23N|||
R10|IOBS_156_93|BANK2|DIFFI_B2_24N|||
Y9|IOBS_156_91|BANK2|DIFFI_B2_25N/CLK0N_B2|||
T9|IOBS_156_87|BANK2|DIFFI_B2_26N|||
Y8|IOBS_156_85|BANK2|DIFFI_B2_27N|||
U9|IOBS_156_81|BANK2|DIFFI_B2_28N|||
Y7|IOBS_156_79|BANK2|DIFFI_B2_29N|||
R9|IOBS_156_63|BANK2|DIFFI_B2_30N|||
T10|IOBS_156_117|BANK2|DIFFI_B2_20N|||
R14|IOBS_156_213|BANK2|DIFFI_B2_2N|||
W19|IOBS_156_211|BANK2|DIFFI_B2_3N|||
U15|IOBS_156_207|BANK2|DIFFI_B2_4N|||
W18|IOBS_156_205|BANK2|DIFFI_B2_5N|||
V16|IOBS_156_201|BANK2|DIFFI_B2_6N|||
U14|IOBS_156_199|BANK2|DIFFI_B2_7N|||
R13|IOBS_156_189|BANK2|DIFFI_B2_8N|||
W17|IOBS_156_187|BANK2|DIFFI_B2_9N|||
T13|IOBS_156_183|BANK2|DIFFI_B2_10N|||
W16|IOBS_156_181|BANK2|DIFFI_B2_11N|||
R12|IOBS_156_159|BANK2|DIFFI_B2_12N|||
W15|IOBS_156_157|BANK2|DIFFI_B2_13N|||
T11|IOBS_156_153|BANK2|DIFFI_B2_14N|||
W14|IOBS_156_151|BANK2|DIFFI_B2_15N|||
V13|IOBS_156_147|BANK2|DIFFI_B2_16N|||
W13|IOBS_156_145|BANK2|DIFFI_B2_17N|||
R11|IOBS_156_123|BANK2|DIFFI_B2_18N|||
W12|IOBS_156_121|BANK2|DIFFI_B2_19N/CLK1N_B2|||
R15|IOBS_156_225|BANK2|DIFFI_B2_0N|||
Y2|IOBS_156_31|BANK2|DIFFI_B2_39N|||
T6|IOBS_156_27|BANK2|DIFFI_B2_40N|||
Y1|IOBS_156_25|BANK2|DIFFI_B2_41N|||
T8|IOBS_156_57|BANK2|DIFFI_B2_32N|||
Y5|IOBS_156_55|BANK2|DIFFI_B2_33N|||
R8|IOBS_156_51|BANK2|DIFFI_B2_34N|||
Y4|IOBS_156_49|BANK2|DIFFI_B2_35N|||
U6|IOBS_156_39|BANK2|DIFFI_B2_36N|||
Y3|IOBS_156_37|BANK2|DIFFI_B2_37N|||
R7|IOBS_156_33|BANK2|DIFFI_B2_38N|||
Y6|IOBS_156_61|BANK2|DIFFI_B2_31N/MISO_SO|||
W20|IOBS_156_223|BANK2|DIFFI_B2_1N/MOSI_SI|||
P14|IOBR_156_212|BANK2|DIFFI_B2_2P|||
Y19|IOBR_156_210|BANK2|DIFFI_B2_3P|||
T14|IOBR_156_206|BANK2|DIFFI_B2_4P|||
Y18|IOBR_156_204|BANK2|DIFFI_B2_5P|||
V15|IOBR_156_200|BANK2|DIFFI_B2_6P|||
V14|IOBR_156_198|BANK2|DIFFI_B2_7P|||
P13|IOBR_156_188|BANK2|DIFFI_B2_8P|||
Y17|IOBR_156_186|BANK2|DIFFI_B2_9P|||
T12|IOBR_156_182|BANK2|DIFFI_B2_10P|||
Y16|IOBR_156_180|BANK2|DIFFI_B2_11P|||
P12|IOBR_156_158|BANK2|DIFFI_B2_12P|||
Y15|IOBR_156_156|BANK2|DIFFI_B2_13P|||
U12|IOBR_156_152|BANK2|DIFFI_B2_14P|||
Y14|IOBR_156_150|BANK2|DIFFI_B2_15P|||
V12|IOBR_156_146|BANK2|DIFFI_B2_16P|||
Y13|IOBR_156_144|BANK2|DIFFI_B2_17P|||
P11|IOBR_156_122|BANK2|DIFFI_B2_18P|||
Y12|IOBR_156_120|BANK2|DIFFI_B2_19P/CLK1P_B2|||
U11|IOBR_156_116|BANK2|DIFFI_B2_20P|||
Y11|IOBR_156_114|BANK2|DIFFI_B2_21P|||
U10|IOBR_156_110|BANK2|DIFFI_B2_22P|||
Y10|IOBR_156_108|BANK2|DIFFI_B2_23P|||
P10|IOBR_156_92|BANK2|DIFFI_B2_24P|||
W9|IOBR_156_90|BANK2|DIFFI_B2_25P/CLK0P_B2|||
V9|IOBR_156_86|BANK2|DIFFI_B2_26P|||
W8|IOBR_156_84|BANK2|DIFFI_B2_27P|||
V8|IOBR_156_80|BANK2|DIFFI_B2_28P|||
W7|IOBR_156_78|BANK2|DIFFI_B2_29P|||
P9|IOBR_156_62|BANK2|DIFFI_B2_30P|||
Y20|IOBR_156_222|BANK2|DIFFI_B2_1P/FCSI_N|||
T16|IOBR_156_224|BANK2|DIFFI_B2_0P|||
R6|IOBR_156_26|BANK2|DIFFI_B2_40P|||
W1|IOBR_156_24|BANK2|DIFFI_B2_41P|||
W2|IOBR_156_30|BANK2|DIFFI_B2_39P/FCS_N|||
T7|IOBR_156_56|BANK2|DIFFI_B2_32P|||
W5|IOBR_156_54|BANK2|DIFFI_B2_33P|||
P8|IOBR_156_50|BANK2|DIFFI_B2_34P|||
W4|IOBR_156_48|BANK2|DIFFI_B2_35P|||
V6|IOBR_156_38|BANK2|DIFFI_B2_36P|||
W3|IOBR_156_36|BANK2|DIFFI_B2_37P|||
P7|IOBR_156_32|BANK2|DIFFI_B2_38P|||
W6|IOBR_156_60|BANK2|DIFFI_B2_31P/CFG_CLK|||
N4|IOBS_103_0|BANK3|DIFFI_B3_0N|||
M7|IOBS_105_0|BANK3|DIFFI_B3_1N|||
P4|IOBS_109_0|BANK3|DIFFI_B3_2N|||
R2|IOBS_111_0|BANK3|DIFFI_B3_3N|||
T2|IOBS_115_0|BANK3|DIFFI_B3_4N|||
N6|IOBS_117_0|BANK3|DIFFI_B3_5N|||
U2|IOBS_127_0|BANK3|DIFFI_B3_6N/CLK0N_B3|||
R4|IOBS_129_0|BANK3|DIFFI_B3_7N|||
T4|IOBS_133_0|BANK3|DIFFI_B3_8N|||
V2|IOBS_135_0|BANK3|DIFFI_B3_9N|||
V4|IOBS_139_0|BANK3|DIFFI_B3_10N|||
P6|IOBS_141_0|BANK3|DIFFI_B3_11N|||
R5|IOBS_145_0|BANK3|DIFFI_B3_12N|||
U5|IOBS_147_0|BANK3|DIFFI_B3_13N|||
N3|IOBS_102_0|BANK3|DIFFI_B3_0P|||
M6|IOBS_104_0|BANK3|DIFFI_B3_1P|||
P3|IOBS_108_0|BANK3|DIFFI_B3_2P|||
R1|IOBS_110_0|BANK3|DIFFI_B3_3P|||
T1|IOBS_114_0|BANK3|DIFFI_B3_4P|||
N5|IOBS_116_0|BANK3|DIFFI_B3_5P|||
U1|IOBS_126_0|BANK3|DIFFI_B3_6P/CLK0P_B3|||
R3|IOBS_128_0|BANK3|DIFFI_B3_7P|||
T3|IOBS_132_0|BANK3|DIFFI_B3_8P|||
V1|IOBS_134_0|BANK3|DIFFI_B3_9P|||
V3|IOBS_138_0|BANK3|DIFFI_B3_10P|||
P5|IOBS_140_0|BANK3|DIFFI_B3_11P|||
T5|IOBS_144_0|BANK3|DIFFI_B3_12P|||
U4|IOBS_146_0|BANK3|DIFFI_B3_13P|||
J2|IOBS_54_0|BANK4|DIFFI_B4_0P|||
K5|IOBS_56_0|BANK4|DIFFI_B4_1P|||
K2|IOBS_60_0|BANK4|DIFFI_B4_2P|||
K6|IOBS_62_0|BANK4|DIFFI_B4_3P|||
L1|IOBS_66_0|BANK4|DIFFI_B4_4P/CLK0P_B4|||
L3|IOBS_68_0|BANK4|DIFFI_B4_5P|||
M1|IOBS_84_0|BANK4|DIFFI_B4_6P|||
M3|IOBS_86_0|BANK4|DIFFI_B4_7P|||
L5|IOBS_90_0|BANK4|DIFFI_B4_8P|||
L6|IOBS_92_0|BANK4|DIFFI_B4_9P|||
N1|IOBS_96_0|BANK4|DIFFI_B4_10P|||
P1|IOBS_98_0|BANK4|DIFFI_B4_11P|||
J1|IOBS_55_0|BANK4|DIFFI_B4_0N|||
K4|IOBS_57_0|BANK4|DIFFI_B4_1N|||
K1|IOBS_61_0|BANK4|DIFFI_B4_2N|||
K7|IOBS_63_0|BANK4|DIFFI_B4_3N|||
L2|IOBS_67_0|BANK4|DIFFI_B4_4N/CLK0N_B4|||
L4|IOBS_69_0|BANK4|DIFFI_B4_5N|||
M2|IOBS_85_0|BANK4|DIFFI_B4_6N|||
M4|IOBS_87_0|BANK4|DIFFI_B4_7N|||
M5|IOBS_91_0|BANK4|DIFFI_B4_8N|||
L7|IOBS_93_0|BANK4|DIFFI_B4_9N|||
N2|IOBS_97_0|BANK4|DIFFI_B4_10N|||
P2|IOBS_99_0|BANK4|DIFFI_B4_11N|||
F5|IOBS_20_0|BANK5|DIFFI_B5_5P|||
F4|IOBS_24_0|BANK5|DIFFI_B5_6P|||
H6|IOBS_26_0|BANK5|DIFFI_B5_7P|||
E2|IOBS_30_0|BANK5|DIFFI_B5_8P/CLK0P_B5|||
F2|IOBS_32_0|BANK5|DIFFI_B5_9P|||
G4|IOBS_36_0|BANK5|DIFFI_B5_10P|||
H3|IOBS_38_0|BANK5|DIFFI_B5_11P|||
G2|IOBS_42_0|BANK5|DIFFI_B5_12P|||
J6|IOBS_44_0|BANK5|DIFFI_B5_13P|||
H2|IOBS_48_0|BANK5|DIFFI_B5_14P|||
J4|IOBS_50_0|BANK5|DIFFI_B5_15P|||
C3|IOBS_7_0|BANK5|DIFFI_B5_0N|||
G6|IOBS_9_0|BANK5|DIFFI_B5_1N|||
C1|IOBS_13_0|BANK5|DIFFI_B5_2N/PLL0_CLKFB_N|||
E3|IOBS_15_0|BANK5|DIFFI_B5_3N|||
D1|IOBS_19_0|BANK5|DIFFI_B5_4N/PLL0_CLKIN_N|||
G5|IOBS_21_0|BANK5|DIFFI_B5_5N|||
F3|IOBS_25_0|BANK5|DIFFI_B5_6N|||
H7|IOBS_27_0|BANK5|DIFFI_B5_7N|||
E1|IOBS_31_0|BANK5|DIFFI_B5_8N/CLK0N_B5|||
F1|IOBS_33_0|BANK5|DIFFI_B5_9N|||
G3|IOBS_37_0|BANK5|DIFFI_B5_10N|||
H4|IOBS_39_0|BANK5|DIFFI_B5_11N|||
G1|IOBS_43_0|BANK5|DIFFI_B5_12N|||
J5|IOBS_45_0|BANK5|DIFFI_B5_13N|||
H1|IOBS_49_0|BANK5|DIFFI_B5_14N|||
J3|IOBS_51_0|BANK5|DIFFI_B5_15N|||
C4|IOBS_6_0|BANK5|DIFFI_B5_0P|||
F6|IOBS_8_0|BANK5|DIFFI_B5_1P|||
C2|IOBS_12_0|BANK5|DIFFI_B5_2P/PLL0_CLKFB_P|||
E4|IOBS_14_0|BANK5|DIFFI_B5_3P|||
D2|IOBS_18_0|BANK5|DIFFI_B5_4P/PLL0_CLKIN_P|||
