#Build: Fabric Compiler 2024.2-SP1.2, Build 187561, May 22 18:16 2025
#Install: C:\studyware\pango\PDS_2024.2-SP1.2-ads\bin
#Application name: pds.exe
#OS: Windows 10 10.0.18363
#Hostname: z02665mj
Generated by Fabric Compiler (version 2024.2-SP1.2 build 187561) at Tue Dec 30 09:46:28 2025
Parse module hierarchy of project 'C:/CPLD/pango/2_Tieta_Feiteng/Tieta_Feiteng_1001_PGC7KD69MBG400/prj/Tieta_M/temp_projects/Main_Flow/Main_Flow.pds' (TEXT Parser)
Customize IP 'pll_i25M_o50M_025M' ...
Open IP GUI ...
IP GUI Closed.
Open IP Compiler ...
IP Compiler initialization started successfully.
C: Flow-2007: IP file missing: 'C:/CPLD/pango/2_Tieta_Feiteng/Tieta_Feiteng_1001_PGC7KD69MBG400/prj/Tieta_M/ipcore/pll_i25M_o50M_025M/pll_i25M_o50M_025M.idf'. 
Parse module hierarchy of project 'C:/CPLD/pango/2_Tieta_Feiteng/Tieta_Feiteng_1001_PGC7KD69MBG400/prj/Tieta_M/temp_projects/Main_Flow/Main_Flow.pds' (TEXT Parser)
C: Flow-2007: IP file missing: 'C:/CPLD/pango/2_Tieta_Feiteng/Tieta_Feiteng_1001_PGC7KD69MBG400/prj/Tieta_M/ipcore/pll_i25M_o50M_025M/pll_i25M_o50M_025M.idf'. 
File "C:/CPLD/pango/2_Tieta_Feiteng/Tieta_Feiteng_1001_PGC7KD69MBG400/prj/Tieta_M/ipcore/pll_i25M_o50M_025M/pll_i25M_o50M_025M.idf" has been removed from project successfully. 
Parse module hierarchy of project 'C:/CPLD/pango/2_Tieta_Feiteng/Tieta_Feiteng_1001_PGC7KD69MBG400/prj/Tieta_M/temp_projects/Main_Flow/Main_Flow.pds' (TEXT Parser)
C: Flow-2008: IP file modified: 'C:/CPLD/pango/2_Tieta_Feiteng/Tieta_Feiteng_1001_PGC7KD69MBG400/prj/Tieta_M/ipcore/pll_i25M_o50M_o25M/pll_i25M_o50M_o25M.idf'. 
Parse module hierarchy of project 'C:/CPLD/pango/2_Tieta_Feiteng/Tieta_Feiteng_1001_PGC7KD69MBG400/prj/Tieta_M/temp_projects/Main_Flow/Main_Flow.pds' (TEXT Parser)
C: Flow-2008: IP file modified: 'C:/CPLD/pango/2_Tieta_Feiteng/Tieta_Feiteng_1001_PGC7KD69MBG400/prj/Tieta_M/ipcore/pll_i25M_o50M_o25M/pll_i25M_o50M_o25M.idf'. 
Parse module hierarchy of project 'C:/CPLD/pango/2_Tieta_Feiteng/Tieta_Feiteng_1001_PGC7KD69MBG400/prj/Tieta_M/temp_projects/Main_Flow/Main_Flow.pds' (ADS Parser)
IP Compiler Closed.
Customize IP 'C:/CPLD/pango/2_Tieta_Feiteng/Tieta_Feiteng_1001_PGC7KD69MBG400/prj/Tieta_M/ipcore/pll_i25M_o50M_o25M/pll_i25M_o50M_o25M.idf' ...
Open IP GUI ...
IP GUI Closed.
