
o_RISER_AUX_TOD_UART1_TXD (GTP_OUTBUFT)
                         I

o_RISER_AUX_TOD_UART2_TXD (GTP_OUTBUFT)
                         I

o_Riser2_TOD_UART_TXD_R (GTP_OUTBUFT)
                       I

o_UART0_CPU_LOG_TX (GTP_OUTBUFT)
                  I

o_UART2_PAL_OCP_TX_R (GTP_OUTBUFT)
                    I

o_CPLD_M_S_SGPIO1_MISO_R (GTP_OUTBUFT)
                        I

o_N1_100M_tri (GTP_OUTBUFT)
             I

o_N1_1000M_tri (GTP_OUTBUFT)
              I

o_N1_ACT_tri (GTP_OUTBUFT)
            I

o_PAL_LED_PWRBTN_GR_R (GTP_OUTBUFT)
                     I

o_RISER1_SWITCH_EN (GTP_OUTBUFT)
                  I

o_DB_UART_TX_R (GTP_OUTBUFT)
              I

o_N0_1000M_tri (GTP_OUTBUFT)
              I

o_CPU0_D1_UART1_RX (GTP_OUTBUFT)
                  I

o_CPU1_D1_UART1_RX (GTP_OUTBUFT)
                  I

o_PAL_THROTTLE_RISER1_R_obuf (GTP_OUTBUF)
                            I

o_PAL_THROTTLE_RISER2_R_obuf (GTP_OUTBUF)
                            I

o_DBG_PAL_BMC_UART1_TX_CONN_R (GTP_OUTBUFT)
                             I

o_DBG_CPU0_UART1_TX_CONN_R (GTP_OUTBUFT)
                          I

o_LEAR_CPU0_UART1_TX (GTP_OUTBUFT)
                    I

o_N0_ACT_tri (GTP_OUTBUFT)
            I

o_Riser1_TOD_UART_TXD_R (GTP_OUTBUFT)
                       I

o_RISER1_SELECT (GTP_OUTBUFT)
               I

o_PAL_RST_TCM_N_R (GTP_OUTBUFT)
                 I

o_PAL_LED_PWRBTN_AMB_R (GTP_OUTBUFT)
                      I

o_N0_100M_tri (GTP_OUTBUFT)
             I

o_DB9_TOD_UART_TX (GTP_OUTBUFT)
                 I

o_PAL_CK440_OE_N_R_obuf (GTP_OUTBUF)
                       I

N145_1_3 (GTP_LUT5CARRY)
        I4

N145_1_4 (GTP_LUT5CARRY)
        I4

N145_1_2 (GTP_LUT5CARRY)
        I4

N145_1_1 (GTP_LUT5CARRY)
        I4

N145_1_5 (GTP_LUT5CARRY)
        I4

N145_1_4 (GTP_LUT5CARRY)
        I4

N145_1_1 (GTP_LUT5CARRY)
        I4

N145_1_2 (GTP_LUT5CARRY)
        I4

N145_1_3 (GTP_LUT5CARRY)
        I4

N145_1_5 (GTP_LUT5CARRY)
        I4

N17_1_9 (GTP_LUT5CARRY)
       I4

N17_1_8 (GTP_LUT5CARRY)
       I4

N17_1_7 (GTP_LUT5CARRY)
       I4

N17_1_6 (GTP_LUT5CARRY)
       I4

N17_1_5 (GTP_LUT5CARRY)
       I4

N17_1_4 (GTP_LUT5CARRY)
       I4

N17_1_3 (GTP_LUT5CARRY)
       I4

N17_1_2 (GTP_LUT5CARRY)
       I4

N17_1_1 (GTP_LUT5CARRY)
       I4

N19_1_5 (GTP_LUT5CARRY)
       I4

N19_1_3 (GTP_LUT5CARRY)
       I4

N19_1_1 (GTP_LUT5CARRY)
       I4

N19_1_4 (GTP_LUT5CARRY)
       I4

N19_1_2 (GTP_LUT5CARRY)
       I4

N19_1_6 (GTP_LUT5CARRY)
       I4

N19_1_7 (GTP_LUT5CARRY)
       I4

N312_4_2 (GTP_LUT5CARRY)
        I4

N312_4_3 (GTP_LUT5CARRY)
        I4

N312_4_4 (GTP_LUT5CARRY)
        I4

N312_4_5 (GTP_LUT5CARRY)
        I4

N312_4_6 (GTP_LUT5CARRY)
        I4

N312_4_7 (GTP_LUT5CARRY)
        I4

N45_1_3 (GTP_LUT5CARRY)
       I4

N45_1_2 (GTP_LUT5CARRY)
       I4

N45_1_8 (GTP_LUT5CARRY)
       I4

N45_1_7 (GTP_LUT5CARRY)
       I4

N45_1_6 (GTP_LUT5CARRY)
       I4

N45_1_5 (GTP_LUT5CARRY)
       I4

N45_1_4 (GTP_LUT5CARRY)
       I4

mInst[0].nxt_s1[0] (GTP_DFF_P)
                  D

N47_1_3 (GTP_LUT5CARRY)
       I4

N47_1_2 (GTP_LUT5CARRY)
       I4

N47_1_5 (GTP_LUT5CARRY)
       I4

N47_1_7 (GTP_LUT5CARRY)
       I4

N47_1_4 (GTP_LUT5CARRY)
       I4

N47_1_8 (GTP_LUT5CARRY)
       I4

N47_1_6 (GTP_LUT5CARRY)
       I4

u_pll_e2 (GTP_PLL_E2)
        APB_ADDR[0]
        APB_ADDR[1]
        APB_ADDR[2]
        APB_ADDR[3]
        APB_ADDR[4]
        APB_CLK
        APB_EN
        APB_RST_N
        APB_SEL
        APB_WDATA[0]
        APB_WDATA[1]
        APB_WDATA[2]
        APB_WDATA[3]
        APB_WDATA[4]
        APB_WDATA[5]
        APB_WDATA[6]
        APB_WDATA[7]
        APB_WRITE
        CLKFB
        CLKIN2
        CLKIN_SEL
        CLKOUT0_SYN
        CLKOUT1_SYN
        CLKOUT2_SYN
        CLKOUT3_SYN
        CPHASE_STEP_N
        LOAD_PHASE
        PFDEN
        PHASE_DIR
        PHASE_SEL[0]
        PHASE_SEL[1]
        PHASE_STEP_N
        PLL_PWD
        RSTODIV
        RSTODIV2
        RSTODIV3
        STDBY

N145_1_5 (GTP_LUT5CARRY)
        I4

N145_1_4 (GTP_LUT5CARRY)
        I4

N145_1_3 (GTP_LUT5CARRY)
        I4

N145_1_2 (GTP_LUT5CARRY)
        I4

N145_1_1 (GTP_LUT5CARRY)
        I4

N145_1_1 (GTP_LUT5CARRY)
        I4

N145_1_2 (GTP_LUT5CARRY)
        I4

N145_1_3 (GTP_LUT5CARRY)
        I4

N145_1_4 (GTP_LUT5CARRY)
        I4

N145_1_5 (GTP_LUT5CARRY)
        I4

N145_1_3 (GTP_LUT5CARRY)
        I4

N145_1_2 (GTP_LUT5CARRY)
        I4

N145_1_1 (GTP_LUT5CARRY)
        I4

N145_1_5 (GTP_LUT5CARRY)
        I4

N145_1_4 (GTP_LUT5CARRY)
        I4

N145_1_1 (GTP_LUT5CARRY)
        I4

N145_1_3 (GTP_LUT5CARRY)
        I4

N145_1_5 (GTP_LUT5CARRY)
        I4

N145_1_4 (GTP_LUT5CARRY)
        I4

N145_1_2 (GTP_LUT5CARRY)
        I4

N27_1_2 (GTP_LUT5CARRY)
       I4

N27_1_5 (GTP_LUT5CARRY)
       I4

N27_1_4 (GTP_LUT5CARRY)
       I4

N27_1_3 (GTP_LUT5CARRY)
       I4

N37_1_6 (GTP_LUT5CARRY)
       I4

N37_1_5 (GTP_LUT5CARRY)
       I4

N37_1_4 (GTP_LUT5CARRY)
       I4

N37_1_2 (GTP_LUT5CARRY)
       I4

N37_1_3 (GTP_LUT5CARRY)
       I4

N37_1_7 (GTP_LUT5CARRY)
       I4

N37_1_8 (GTP_LUT5CARRY)
       I4

N37_1_9 (GTP_LUT5CARRY)
       I4

N37_1_10 (GTP_LUT5CARRY)
        I4

N37_1_11 (GTP_LUT5CARRY)
        I4

N37_1_12 (GTP_LUT5CARRY)
        I4

N37_1_13 (GTP_LUT5CARRY)
        I4

N37_1_14 (GTP_LUT5CARRY)
        I4

N145_1_5 (GTP_LUT5CARRY)
        I4

N145_1_3 (GTP_LUT5CARRY)
        I4

N145_1_4 (GTP_LUT5CARRY)
        I4

N145_1_2 (GTP_LUT5CARRY)
        I4

N145_1_1 (GTP_LUT5CARRY)
        I4

N145_1_2 (GTP_LUT5CARRY)
        I4

N145_1_1 (GTP_LUT5CARRY)
        I4

N145_1_4 (GTP_LUT5CARRY)
        I4

N145_1_3 (GTP_LUT5CARRY)
        I4

N145_1_5 (GTP_LUT5CARRY)
        I4

N145_1_4 (GTP_LUT5CARRY)
        I4

N145_1_5 (GTP_LUT5CARRY)
        I4

N145_1_1 (GTP_LUT5CARRY)
        I4

N145_1_3 (GTP_LUT5CARRY)
        I4

N145_1_2 (GTP_LUT5CARRY)
        I4

N570_4_2 (GTP_LUT5CARRY)
        I4

N570_4_3 (GTP_LUT5CARRY)
        I4

N570_4_4 (GTP_LUT5CARRY)
        I4

N570_4_5 (GTP_LUT5CARRY)
        I4

N570_4_6 (GTP_LUT5CARRY)
        I4

N570_4_7 (GTP_LUT5CARRY)
        I4

N570_4_8 (GTP_LUT5CARRY)
        I4
