#Build: Fabric Compiler 2024.2-SP1.2, Build 187561, May 22 18:16 2025
#Install: C:\studyware\pango\PDS_2024.2-SP1.2-ads\bin
#Application name: pds_shell.exe
#OS: Windows 10 10.0.18363
#Hostname: z02665mj
Generated by Fabric Compiler (version 2024.2-SP1.2 build 187561) at Wed Feb 11 11:23:22 2026
Parameters for debugging are loaded as follows:
Compiling verification operator library.
Compiling common defs.
Compiling prim grid devices.
Compiling place grid timing.
Compiling gate devices.
Compiling gate operators.
Building architecture model.
Loading device packaging model.
Reading design from pnr DB.
Start Report Post-PnR timing.
Elaborate the liberty model.
I: Multithreading enabled for Timing using a maximum of 4 processes.
Constructing timing graph ...
Timing graph has been constructed successfully
W: STA-3011: Clock pin 'bmc_cpld_i2c_ram_u0/i2c_slave_bmc_u0/w_i2c_command[0]/opit_0/G' (gopLATCH.G) has no clock, timing propagation is disabled at the pin.
W: STA-3011: Clock pin 'bmc_cpld_i2c_ram_u0/i2c_slave_bmc_u0/w_i2c_command[1]/opit_0/G' (gopLATCH.G) has no clock, timing propagation is disabled at the pin.
W: STA-3011: Clock pin 'bmc_cpld_i2c_ram_u0/i2c_slave_bmc_u0/w_i2c_command[2]/opit_0/G' (gopLATCH.G) has no clock, timing propagation is disabled at the pin.
W: STA-3011: Clock pin 'bmc_cpld_i2c_ram_u0/i2c_slave_bmc_u0/w_i2c_command[3]/opit_0/G' (gopLATCH.G) has no clock, timing propagation is disabled at the pin.
W: STA-3011: Clock pin 'bmc_cpld_i2c_ram_u0/i2c_slave_bmc_u0/w_i2c_command[4]/opit_0/G' (gopLATCH.G) has no clock, timing propagation is disabled at the pin.
W: STA-3011: Clock pin 'bmc_cpld_i2c_ram_u0/i2c_slave_bmc_u0/w_i2c_command[5]/opit_0/G' (gopLATCH.G) has no clock, timing propagation is disabled at the pin.
W: STA-3011: Clock pin 'bmc_cpld_i2c_ram_u0/i2c_slave_bmc_u0/w_i2c_command[6]/opit_0/G' (gopLATCH.G) has no clock, timing propagation is disabled at the pin.
W: STA-3011: Clock pin 'bmc_cpld_i2c_ram_u0/i2c_slave_bmc_u0/w_i2c_command[7]/opit_0/G' (gopLATCH.G) has no clock, timing propagation is disabled at the pin.
W: STA-3011: Clock pin 'bmc_cpld_i2c_ram_u0/i2c_slave_bmc_u0/w_i2c_command[8]/opit_0/G' (gopLATCH.G) has no clock, timing propagation is disabled at the pin.
W: STA-3011: Clock pin 'bmc_cpld_i2c_ram_u0/i2c_slave_bmc_u0/w_i2c_command[9]/opit_0/G' (gopLATCH.G) has no clock, timing propagation is disabled at the pin.
W: STA-3011: Clock pin 'bmc_cpld_i2c_ram_u0/i2c_slave_bmc_u0/w_i2c_command[10]/opit_0/G' (gopLATCH.G) has no clock, timing propagation is disabled at the pin.
W: STA-3011: Clock pin 'bmc_cpld_i2c_ram_u0/i2c_slave_bmc_u0/w_i2c_command[11]/opit_0/G' (gopLATCH.G) has no clock, timing propagation is disabled at the pin.
W: STA-3011: Clock pin 'bmc_cpld_i2c_ram_u0/i2c_slave_bmc_u0/w_i2c_command[12]/opit_0/G' (gopLATCH.G) has no clock, timing propagation is disabled at the pin.
W: STA-3011: Clock pin 'bmc_cpld_i2c_ram_u0/i2c_slave_bmc_u0/w_i2c_command[13]/opit_0/G' (gopLATCH.G) has no clock, timing propagation is disabled at the pin.
W: STA-3011: Clock pin 'bmc_cpld_i2c_ram_u0/i2c_slave_bmc_u0/w_i2c_command[14]/opit_0/G' (gopLATCH.G) has no clock, timing propagation is disabled at the pin.
W: STA-3011: Clock pin 'bmc_cpld_i2c_ram_u0/i2c_slave_bmc_u0/w_i2c_command[15]/opit_0/G' (gopLATCH.G) has no clock, timing propagation is disabled at the pin.
W: STA-3011: Clock pin 'power_on_off/opit_0/G' (gopLATCH.G) has no clock, timing propagation is disabled at the pin.
W: Timing-4086: Port 'io_BMC_I2C9_PAL_M_SDA1_R' is not constrained, it is treated as combinational input.
W: Timing-4087: Port 'io_BMC_I2C9_PAL_M_SDA1_R' is not constrained, it is treated as combinational output.
W: Timing-4086: Port 'io_PAL_BP1_PWR_ON_R' is not constrained, it is treated as combinational input.
W: Timing-4087: Port 'io_PAL_BP1_PWR_ON_R' is not constrained, it is treated as combinational output.
W: Timing-4086: Port 'io_PAL_BP2_PWR_ON_R' is not constrained, it is treated as combinational input.
W: Timing-4087: Port 'io_PAL_BP2_PWR_ON_R' is not constrained, it is treated as combinational output.
W: Timing-4087: Port 'o_BIOS0_RST_N_R' is not constrained, it is treated as combinational output.
W: Timing-4087: Port 'o_BIOS1_RST_N_R' is not constrained, it is treated as combinational output.
W: Timing-4087: Port 'o_CK440_SS_EN_R' is not constrained, it is treated as combinational output.
W: Timing-4087: Port 'o_CPLD_M_S_EXCHANGE_S1_R' is not constrained, it is treated as combinational output.
W: Timing-4087: Port 'o_CPLD_M_S_EXCHANGE_S3_R' is not constrained, it is treated as combinational output.
W: Timing-4087: Port 'o_CPLD_M_S_EXCHANGE_S4_R' is not constrained, it is treated as combinational output.
W: Timing-4087: Port 'o_CPLD_M_S_EXCHANGE_S5_R' is not constrained, it is treated as combinational output.
W: Timing-4087: Port 'o_CPLD_M_S_SGPIO1_CLK_R' is not constrained, it is treated as combinational output.
W: Timing-4087: Port 'o_CPLD_M_S_SGPIO1_LD_N_R' is not constrained, it is treated as combinational output.
W: Timing-4087: Port 'o_CPLD_M_S_SGPIO1_MOSI_R' is not constrained, it is treated as combinational output.
W: Timing-4087: Port 'o_CPLD_M_S_SGPIO_CLK_R' is not constrained, it is treated as combinational output.
W: Timing-4087: Port 'o_CPLD_M_S_SGPIO_LD_N_R' is not constrained, it is treated as combinational output.
W: Timing-4087: Port 'o_CPLD_M_S_SGPIO_MOSI_R' is not constrained, it is treated as combinational output.
W: Timing-4087: Port 'o_CPU0_D0_SE_RECOVERY_R' is not constrained, it is treated as combinational output.
W: Timing-4087: Port 'o_CPU0_D0_SOFT_SHUTDOWN_INT_N' is not constrained, it is treated as combinational output.
W: Timing-4087: Port 'o_CPU0_D1_SE_RECOVERY_R' is not constrained, it is treated as combinational output.
W: Timing-4087: Port 'o_CPU0_D1_SPIO_MOSI' is not constrained, it is treated as combinational output.
W: Timing-4087: Port 'o_CPU0_D0123_SOCKET_ID_R' is not constrained, it is treated as combinational output.
W: Timing-4087: Port 'o_CPU0_I2C_TRAN_EN_R' is not constrained, it is treated as combinational output.
W: Timing-4087: Port 'o_CPU0_PE2_RST_N_R' is not constrained, it is treated as combinational output.
W: Timing-4087: Port 'o_CPU0_PE3_RST_N_R' is not constrained, it is treated as combinational output.
W: Timing-4087: Port 'o_CPU0_POR_N_R' is not constrained, it is treated as combinational output.
W: Timing-4087: Port 'o_CPU0_SB_EN_R' is not constrained, it is treated as combinational output.
W: Timing-4087: Port 'o_CPU1_D0_SE_RECOVERY_R' is not constrained, it is treated as combinational output.
W: Timing-4087: Port 'o_CPU1_D0_SOFT_SHUTDOWN_INT_N' is not constrained, it is treated as combinational output.
W: Timing-4087: Port 'o_CPU1_D1_SE_RECOVERY_R' is not constrained, it is treated as combinational output.
W: Timing-4087: Port 'o_CPU1_D0123_SOCKET_ID_R' is not constrained, it is treated as combinational output.
W: Timing-4087: Port 'o_CPU1_I2C_TRAN_EN_R' is not constrained, it is treated as combinational output.
W: Timing-4087: Port 'o_CPU1_PE1_RST_N_R' is not constrained, it is treated as combinational output.
W: Timing-4087: Port 'o_CPU1_PE2_RST_N_R' is not constrained, it is treated as combinational output.
W: Timing-4087: Port 'o_CPU1_POR_N_R' is not constrained, it is treated as combinational output.
W: Timing-4087: Port 'o_CPU1_SB_EN_R' is not constrained, it is treated as combinational output.
W: Timing-4087: Port 'o_P1V8_STBY_CPLD_EN_R' is not constrained, it is treated as combinational output.
W: Timing-4087: Port 'o_P5V_USB_MB_DOWN_EN_R' is not constrained, it is treated as combinational output.
W: Timing-4087: Port 'o_P5V_USB_MB_UP_EN_R' is not constrained, it is treated as combinational output.
W: Timing-4087: Port 'o_PAL_88SE9230_RST_N_R' is not constrained, it is treated as combinational output.
W: Timing-4087: Port 'o_PAL_BMC_PERST_N_R' is not constrained, it is treated as combinational output.
W: Timing-4087: Port 'o_PAL_BMC_SRST_R' is not constrained, it is treated as combinational output.
W: Timing-4087: Port 'o_PAL_CK440_PWRDN_N_R' is not constrained, it is treated as combinational output.
W: Timing-4087: Port 'o_PAL_CPU0_D0_VPH_1V8_EN' is not constrained, it is treated as combinational output.
W: Timing-4087: Port 'o_PAL_CPU0_D0_VP_0V9_EN' is not constrained, it is treated as combinational output.
W: Timing-4087: Port 'o_PAL_CPU0_D1_VPH_1V8_EN' is not constrained, it is treated as combinational output.
W: Timing-4087: Port 'o_PAL_CPU0_D1_VP_0V9_EN' is not constrained, it is treated as combinational output.
W: Timing-4087: Port 'o_PAL_CPU0_DDR_VDD_EN_R' is not constrained, it is treated as combinational output.
W: Timing-4087: Port 'o_PAL_CPU0_NVME_ALERT_N_R' is not constrained, it is treated as combinational output.
W: Timing-4087: Port 'o_PAL_CPU0_P1V8_EN_R' is not constrained, it is treated as combinational output.
W: Timing-4087: Port 'o_PAL_CPU0_PLL_P1V8_EN_R' is not constrained, it is treated as combinational output.
W: Timing-4087: Port 'o_PAL_CPU0_VDDQ_EN_R' is not constrained, it is treated as combinational output.
W: Timing-4087: Port 'o_PAL_CPU0_VDD_CORE_EN_R' is not constrained, it is treated as combinational output.
W: Timing-4087: Port 'o_PAL_CPU0_VR8_RESET_R' is not constrained, it is treated as combinational output.
W: Timing-4087: Port 'o_PAL_CPU0_VR_SELECT_N_R' is not constrained, it is treated as combinational output.
W: Timing-4087: Port 'o_PAL_CPU1_D0_VPH_1V8_EN' is not constrained, it is treated as combinational output.
W: Timing-4087: Port 'o_PAL_CPU1_D0_VP_0V9_EN' is not constrained, it is treated as combinational output.
W: Timing-4087: Port 'o_PAL_CPU1_D1_VPH_1V8_EN' is not constrained, it is treated as combinational output.
W: Timing-4087: Port 'o_PAL_CPU1_D1_VP_0V9_EN' is not constrained, it is treated as combinational output.
W: Timing-4087: Port 'o_PAL_CPU1_DDR_VDD_EN_R' is not constrained, it is treated as combinational output.
W: Timing-4087: Port 'o_PAL_CPU1_NVME_ALERT_N_R' is not constrained, it is treated as combinational output.
W: Timing-4087: Port 'o_PAL_CPU1_P1V8_EN_R' is not constrained, it is treated as combinational output.
W: Timing-4087: Port 'o_PAL_CPU1_PLL_P1V8_EN_R' is not constrained, it is treated as combinational output.
W: Timing-4087: Port 'o_PAL_CPU1_VDDQ_EN_R' is not constrained, it is treated as combinational output.
W: Timing-4087: Port 'o_PAL_CPU1_VDD_CORE_EN_R' is not constrained, it is treated as combinational output.
W: Timing-4087: Port 'o_PAL_CPU1_VR8_RESET_R' is not constrained, it is treated as combinational output.
W: Timing-4087: Port 'o_PAL_CPU1_VR_SELECT_N_R' is not constrained, it is treated as combinational output.
W: Timing-4087: Port 'o_PAL_DPLL_GPIO0_R' is not constrained, it is treated as combinational output.
W: Timing-4087: Port 'o_PAL_DPLL_GPIO1_R' is not constrained, it is treated as combinational output.
W: Timing-4087: Port 'o_PAL_DPLL_INIT_R' is not constrained, it is treated as combinational output.
W: Timing-4087: Port 'o_PAL_DPLL_RESET_R' is not constrained, it is treated as combinational output.
W: Timing-4087: Port 'o_PAL_FAN0_PWM_R' is not constrained, it is treated as combinational output.
W: Timing-4087: Port 'o_PAL_FAN1_PWM_R' is not constrained, it is treated as combinational output.
W: Timing-4087: Port 'o_PAL_FAN2_PWM_R' is not constrained, it is treated as combinational output.
W: Timing-4087: Port 'o_PAL_FAN3_PWM_R' is not constrained, it is treated as combinational output.
W: Timing-4087: Port 'o_PAL_FAN_FAIL_LED0_R' is not constrained, it is treated as combinational output.
W: Timing-4087: Port 'o_PAL_FAN_FAIL_LED1_R' is not constrained, it is treated as combinational output.
W: Timing-4087: Port 'o_PAL_FAN_FAIL_LED2_R' is not constrained, it is treated as combinational output.
W: Timing-4087: Port 'o_PAL_FAN_FAIL_LED3_R' is not constrained, it is treated as combinational output.
W: Timing-4087: Port 'o_PAL_FAN_NRML_LED0_R' is not constrained, it is treated as combinational output.
W: Timing-4087: Port 'o_PAL_FAN_NRML_LED1_R' is not constrained, it is treated as combinational output.
W: Timing-4087: Port 'o_PAL_FAN_NRML_LED2_R' is not constrained, it is treated as combinational output.
W: Timing-4087: Port 'o_PAL_FAN_NRML_LED3_R' is not constrained, it is treated as combinational output.
W: Timing-4087: Port 'o_PAL_P3V3_STBY_RST_R' is not constrained, it is treated as combinational output.
W: Timing-4087: Port 'o_PAL_P5V_STBY_EN_R' is not constrained, it is treated as combinational output.
W: Timing-4087: Port 'o_PAL_P12V_CPU0_VIN_EN_R' is not constrained, it is treated as combinational output.
W: Timing-4087: Port 'o_PAL_P12V_CPU1_VIN_EN_R' is not constrained, it is treated as combinational output.
W: Timing-4087: Port 'o_PAL_P12V_DISCHARGE_R' is not constrained, it is treated as combinational output.
W: Timing-4087: Port 'o_PAL_P12V_FAN0_EN_R' is not constrained, it is treated as combinational output.
W: Timing-4087: Port 'o_PAL_P12V_FAN1_EN_R' is not constrained, it is treated as combinational output.
W: Timing-4087: Port 'o_PAL_P12V_FAN2_EN_R' is not constrained, it is treated as combinational output.
W: Timing-4087: Port 'o_PAL_P12V_FAN3_EN_R' is not constrained, it is treated as combinational output.
W: Timing-4087: Port 'o_PAL_P12V_RISER1_VIN_EN_R' is not constrained, it is treated as combinational output.
W: Timing-4087: Port 'o_PAL_P12V_RISER2_VIN_EN_R' is not constrained, it is treated as combinational output.
W: Timing-4087: Port 'o_PAL_PS1_P12V_ON_R' is not constrained, it is treated as combinational output.
W: Timing-4087: Port 'o_PAL_PS2_P12V_ON_R' is not constrained, it is treated as combinational output.
W: Timing-4087: Port 'o_PAL_PVCC_HPMOS_CPU_EN_R' is not constrained, it is treated as combinational output.
W: Timing-4087: Port 'o_PAL_PWR_LOM_EN_R' is not constrained, it is treated as combinational output.
W: Timing-4087: Port 'o_PAL_REAT_BP_EFUSE_EN_R' is not constrained, it is treated as combinational output.
W: Timing-4087: Port 'o_PAL_RISER1_PWR_EN_R' is not constrained, it is treated as combinational output.
W: Timing-4087: Port 'o_PAL_RISER2_PWR_EN_R' is not constrained, it is treated as combinational output.
W: Timing-4087: Port 'o_PAL_RISER2_SWITCH_EN' is not constrained, it is treated as combinational output.
W: Timing-4087: Port 'o_PAL_RST_CPU0_VPP_N_R' is not constrained, it is treated as combinational output.
W: Timing-4087: Port 'o_PAL_RST_CPU1_VPP_N_R' is not constrained, it is treated as combinational output.
W: Timing-4087: Port 'o_PAL_RTC_SELECT_N' is not constrained, it is treated as combinational output.
W: Timing-4087: Port 'o_PAL_SYS_EEPROM_BYPASS_N_R' is not constrained, it is treated as combinational output.
W: Timing-4087: Port 'o_PAL_UPD_VCC_3V3_EN_R' is not constrained, it is treated as combinational output.
W: Timing-4087: Port 'o_PAL_VCC_1V1_EN_R' is not constrained, it is treated as combinational output.
W: Timing-4087: Port 'o_PAL_WX1860_NRST_R' is not constrained, it is treated as combinational output.
W: Timing-4087: Port 'o_PAL_WX1860_PERST_R' is not constrained, it is treated as combinational output.
W: Timing-4087: Port 'o_PWR_88SE9230_P1V0_EN_R' is not constrained, it is treated as combinational output.
W: Timing-4087: Port 'o_PWR_88SE9230_P1V8_EN_R' is not constrained, it is treated as combinational output.
W: Timing-4086: Port 'i_BMC_I2C9_PAL_M_SCL1_R' is not constrained, it is treated as combinational input.
W: Timing-4086: Port 'i_CPLD_M_S_SGPIO_MISO' is not constrained, it is treated as combinational input.
W: Timing-4086: Port 'i_CPU0_D0_BIOS_OVER' is not constrained, it is treated as combinational input.
W: Timing-4086: Port 'i_CPU0_D0_PWR_CTR0_R' is not constrained, it is treated as combinational input.
W: Timing-4086: Port 'i_CPU0_D0_PWR_CTR1_R' is not constrained, it is treated as combinational input.
W: Timing-4086: Port 'i_CPU0_VR8_CAT_FLT' is not constrained, it is treated as combinational input.
W: Timing-4086: Port 'i_CPU0_VR_ALERT_N_R' is not constrained, it is treated as combinational input.
W: Timing-4086: Port 'i_CPU1_VR8_CAT_FLT' is not constrained, it is treated as combinational input.
W: Timing-4086: Port 'i_CPU1_VR_ALERT_N_R' is not constrained, it is treated as combinational input.
W: Timing-4086: Port 'i_FRONT_PAL_INTRUDER' is not constrained, it is treated as combinational input.
W: Timing-4086: Port 'i_INTRUDER_CABLE_INST_N' is not constrained, it is treated as combinational input.
W: Timing-4086: Port 'i_PAL_BMCUID_BUTTON_R' is not constrained, it is treated as combinational input.
W: Timing-4086: Port 'i_PAL_CPU0_D0_VPH_1V8_PG' is not constrained, it is treated as combinational input.
W: Timing-4086: Port 'i_PAL_CPU0_D0_VP_0V9_PG' is not constrained, it is treated as combinational input.
W: Timing-4086: Port 'i_PAL_CPU0_D1_VPH_1V8_PG' is not constrained, it is treated as combinational input.
W: Timing-4086: Port 'i_PAL_CPU0_D1_VP_0V9_PG' is not constrained, it is treated as combinational input.
W: Timing-4086: Port 'i_PAL_CPU0_DDR_VDD_PG' is not constrained, it is treated as combinational input.
W: Timing-4086: Port 'i_PAL_CPU0_P1V8_PG' is not constrained, it is treated as combinational input.
W: Timing-4086: Port 'i_PAL_CPU0_PLL_P1V8_PG' is not constrained, it is treated as combinational input.
W: Timing-4086: Port 'i_PAL_CPU0_VDDQ_P1V1_PG' is not constrained, it is treated as combinational input.
W: Timing-4086: Port 'i_PAL_CPU0_VDD_VCORE_P0V8_PG' is not constrained, it is treated as combinational input.
W: Timing-4086: Port 'i_PAL_CPU1_D0_VPH_1V8_PG' is not constrained, it is treated as combinational input.
W: Timing-4086: Port 'i_PAL_CPU1_D0_VP_0V9_PG' is not constrained, it is treated as combinational input.
W: Timing-4086: Port 'i_PAL_CPU1_D1_VPH_1V8_PG' is not constrained, it is treated as combinational input.
W: Timing-4086: Port 'i_PAL_CPU1_D1_VP_0V9_PG' is not constrained, it is treated as combinational input.
W: Timing-4086: Port 'i_PAL_CPU1_DDR_VDD_PG' is not constrained, it is treated as combinational input.
W: Timing-4086: Port 'i_PAL_CPU1_P1V8_PG' is not constrained, it is treated as combinational input.
W: Timing-4086: Port 'i_PAL_CPU1_PLL_P1V8_PG' is not constrained, it is treated as combinational input.
W: Timing-4086: Port 'i_PAL_CPU1_VDDQ_P1V1_PG' is not constrained, it is treated as combinational input.
W: Timing-4086: Port 'i_PAL_CPU1_VDD_VCORE_P0V8_PG' is not constrained, it is treated as combinational input.
W: Timing-4086: Port 'i_PAL_P3V3_STBY_PGD' is not constrained, it is treated as combinational input.
W: Timing-4086: Port 'i_PAL_P5V_STBY_PGD' is not constrained, it is treated as combinational input.
W: Timing-4086: Port 'i_PAL_P12V_CPU0_VIN_PG' is not constrained, it is treated as combinational input.
W: Timing-4086: Port 'i_PAL_P12V_CPU1_VIN_PG' is not constrained, it is treated as combinational input.
W: Timing-4086: Port 'i_PAL_PGD_P12V_DROOP' is not constrained, it is treated as combinational input.
W: Timing-4086: Port 'i_PAL_PGD_P12V_STBY_DROOP' is not constrained, it is treated as combinational input.
W: Timing-4086: Port 'i_PAL_PS1_ACFAIL' is not constrained, it is treated as combinational input.
W: Timing-4086: Port 'i_PAL_PS1_DCOK' is not constrained, it is treated as combinational input.
W: Timing-4086: Port 'i_PAL_PS1_PRSNT' is not constrained, it is treated as combinational input.
W: Timing-4086: Port 'i_PAL_PS1_SMB_ALERT_TO_FPGA' is not constrained, it is treated as combinational input.
W: Timing-4086: Port 'i_PAL_PS2_ACFAIL' is not constrained, it is treated as combinational input.
W: Timing-4086: Port 'i_PAL_PS2_DCOK' is not constrained, it is treated as combinational input.
W: Timing-4086: Port 'i_PAL_PS2_PRSNT' is not constrained, it is treated as combinational input.
W: Timing-4086: Port 'i_PAL_PS2_SMB_ALERT_TO_FPGA' is not constrained, it is treated as combinational input.
W: Timing-4086: Port 'i_PAL_REAT_BP_EFUSE_PG' is not constrained, it is treated as combinational input.
W: Timing-4086: Port 'i_PAL_RTC_INTB' is not constrained, it is treated as combinational input.
W: Timing-4086: Port 'i_PAL_VCC_1V1_PG' is not constrained, it is treated as combinational input.
W: Timing-4086: Port 'i_SMB_PEHP_CPU0_3V3_ALERT_N' is not constrained, it is treated as combinational input.
W: Timing-4086: Port 'i_SMB_PEHP_CPU1_3V3_ALERT_N' is not constrained, it is treated as combinational input.
Action report_timing: Export DB successfully.
Report timing is finished successfully.
Action report_timing: Real time elapsed is 0h:0m:5s
Action report_timing: CPU time elapsed is 0h:0m:3s
Action report_timing: Process CPU time elapsed is 0h:0m:4s
Action report_timing: Peak memory pool usage is 348 MB

Current time: Wed Feb 11 11:23:25 2026
