B15|IOBS_0_157|BANK0|DIFFIO_B0_13N/SPAL_D1|o_PAL_RISER2_PWR_EN_R|output|NO
B14|IOBS_0_151|BANK0|DIFFIO_B0_15N|o_P5V_USB_MB_DOWN_EN_R|output|NO
B13|IOBS_0_145|BANK0|DIFFIO_B0_17N|o_BIOS1_RST_N_R|output|NO
B12|IOBS_0_121|BANK0|DIFFIO_B0_19N|o_CPU0_POR_N_R|output|NO
A20|IOBS_0_223|BANK0|DIFFIO_B0_1N/SPAL_CLK|||
D16|IOBS_0_211|BANK0|DIFFIO_B0_3N/SPAL_D15|i_PAL_PS2_DCOK|input|NO
B18|IOBS_0_205|BANK0|DIFFIO_B0_5N/SPAL_D11|||
C16|IOBS_0_199|BANK0|DIFFIO_B0_7N/SPAL_D7|||
B17|IOBS_0_187|BANK0|DIFFIO_B0_9N/SPAL_D3|o_PAL_RST_CPU1_VPP_N_R|output|NO
B16|IOBS_0_181|BANK0|DIFFIO_B0_11N|||
A9|IOBS_0_91|BANK0|DIFFIO_B0_25N|i_PAL_VCC_1V1_PG|input|NO
A8|IOBS_0_85|BANK0|DIFFIO_B0_27N|i_PAL_PGD_P12V_DROOP|input|NO
A7|IOBS_0_79|BANK0|DIFFIO_B0_29N|o_PAL_PVCC_HPMOS_CPU_EN_R|output|NO
A6|IOBS_0_61|BANK0|DIFFIO_B0_31N|i_PAL_CPU0_D0_VPH_1V8_PG|input|NO
A5|IOBS_0_55|BANK0|DIFFIO_B0_33N|o_PAL_CPU1_D0_VP_0V9_EN|output|NO
A4|IOBS_0_49|BANK0|DIFFIO_B0_35N|o_PAL_CPU1_P1V8_EN_R|output|NO
A3|IOBS_0_37|BANK0|DIFFIO_B0_37N|o_PAL_CPU1_D1_VP_0V9_EN|output|NO
A2|IOBS_0_31|BANK0|DIFFIO_B0_39N|||
A1|IOBS_0_25|BANK0|DIFFIO_B0_41N|||
A11|IOBS_0_115|BANK0|DIFFIO_B0_21N|o_CPU1_PE2_RST_N_R|output|NO
A10|IOBS_0_109|BANK0|DIFFIO_B0_23N/CLK1N_B0|o_CPU1_PE1_RST_N_R|output|NO
A12|IOBD_0_120|BANK0|DIFFIO_B0_19P|i_PAL_P5V_STBY_PGD|input|NO
B19|IOBD_0_222|BANK0|DIFFIO_B0_1P/SPAL_CS_N|||
E15|IOBD_0_210|BANK0|DIFFIO_B0_3P/SPAL_D14|io_BMC_I2C9_PAL_M_SDA1_R|inout|NO
A18|IOBD_0_204|BANK0|DIFFIO_B0_5P/SPAL_D10|||
C15|IOBD_0_198|BANK0|DIFFIO_B0_7P/SPAL_D6|||
A17|IOBD_0_186|BANK0|DIFFIO_B0_9P/SPAL_D2|i_PAL_PS1_DCOK|input|NO
A16|IOBD_0_180|BANK0|DIFFIO_B0_11P|i_PAL_RTC_INTB|input|NO
B6|IOBD_0_60|BANK0|DIFFIO_B0_31P|i_PAL_CPU1_D0_VP_0V9_PG|input|NO
B5|IOBD_0_54|BANK0|DIFFIO_B0_33P|o_PAL_CPU0_D1_VPH_1V8_EN|output|NO
B4|IOBD_0_48|BANK0|DIFFIO_B0_35P|||
B3|IOBD_0_36|BANK0|DIFFIO_B0_37P|||
B2|IOBD_0_30|BANK0|DIFFIO_B0_39P|||
B1|IOBD_0_24|BANK0|DIFFIO_B0_41P|||
B9|IOBD_0_90|BANK0|DIFFIO_B0_25P|i_PAL_P12V_CPU1_VIN_PG|input|NO
B8|IOBD_0_84|BANK0|DIFFIO_B0_27P|i_PAL_P12V_CPU0_VIN_PG|input|NO
B7|IOBD_0_78|BANK0|DIFFIO_B0_29P|o_PAL_VCC_1V1_EN_R|output|NO
A15|IOBD_0_156|BANK0|DIFFIO_B0_13P/SPAL_D0|o_PAL_BMC_SRST_R|output|NO
A14|IOBD_0_150|BANK0|DIFFIO_B0_15P|o_P5V_USB_MB_UP_EN_R|output|NO
F8|IOBS_0_57|BANK0|DIFFI_B0_32N|i_PAL_CPU1_D1_VPH_1V8_PG|input|NO
D7|IOBS_0_51|BANK0|DIFFI_B0_34N|i_PAL_PGD_P12V_STBY_DROOP|input|NO
E7|IOBS_0_39|BANK0|DIFFI_B0_36N|i_PAL_CPU0_D1_VPH_1V8_PG|input|NO
D5|IOBS_0_33|BANK0|DIFFI_B0_38N|||
F7|IOBS_0_27|BANK0|DIFFI_B0_40N|||
C7|IOBS_0_63|BANK0|DIFFI_B0_30N/TDI|i_PAL_REAT_BP_EFUSE_PG|input|NO
C8|IOBS_0_87|BANK0|DIFFI_B0_26N|o_PAL_P12V_CPU0_VIN_EN_R|output|NO
F9|IOBS_0_81|BANK0|DIFFI_B0_28N|o_PAL_P5V_STBY_EN_R|output|NO
D9|IOBS_0_93|BANK0|DIFFI_B0_24N/TMS|o_CPU1_POR_N_R|output|NO
F10|IOBS_0_111|BANK0|DIFFI_B0_22N|o_CPU0_PE3_RST_N_R|output|NO
F14|IOBS_0_213|BANK0|DIFFI_B0_2N/SPAL_RDWR_N|i_BMC_I2C9_PAL_M_SCL1_R|input|NO
D15|IOBS_0_207|BANK0|DIFFI_B0_4N/SPAL_D13|||
F13|IOBS_0_201|BANK0|DIFFI_B0_6N/SPAL_D9|||
D14|IOBS_0_189|BANK0|DIFFI_B0_8N/SPAL_D5|||
F12|IOBS_0_183|BANK0|DIFFI_B0_10N|||
D10|IOBS_0_116|BANK0|DIFFI_B0_20P|o_PAL_88SE9230_RST_N_R|output|NO
C9|IOBS_0_92|BANK0|DIFFI_B0_24P/TCK|o_PAL_REAT_BP_EFUSE_EN_R|output|NO
D12|IOBS_0_152|BANK0|DIFFI_B0_14P/EFB_STR|o_PAL_CPU1_VR8_RESET_R|output|NO
G11|IOBS_0_146|BANK0|DIFFI_B0_16P|o_CPLD_M_S_SGPIO_MOSI_R|output|NO
C17|IOBS_0_224|BANK0|DIFFI_B0_0P/INIT_FLAG_N|||
D11|IOBS_0_123|BANK0|DIFFI_B0_18N/SDA/CLK0N_B0|i_CPU0_D0_PWR_CTR0_R|input|NO
C12|IOBS_0_153|BANK0|DIFFI_B0_14N/EFB_CLK|o_PAL_P5V_BD_EN_R|output|NO
F11|IOBS_0_147|BANK0|DIFFI_B0_16N/EFB_D|i_PAL_BMCUID_BUTTON_R|input|NO
D13|IOBS_0_159|BANK0|DIFFI_B0_12N/RSTN|io_PAL_BP2_PWR_ON_R|inout|NO
C13|IOBS_0_158|BANK0|DIFFI_B0_12P/JTAGEN|o_PAL_CPU0_VR8_RESET_R|output|NO
C11|IOBS_0_122|BANK0|DIFFI_B0_18P/SCL/CLK0P_B0|i_CPU0_D0_PWR_CTR1_R|input|NO
G8|IOBS_0_56|BANK0|DIFFI_B0_32P|o_PAL_CPU0_D0_VPH_1V8_EN|output|NO
C6|IOBS_0_50|BANK0|DIFFI_B0_34P|i_PAL_CPU1_DDR_VDD_PG|input|NO
D6|IOBS_0_38|BANK0|DIFFI_B0_36P|o_PAL_CPU0_D1_VP_0V9_EN|output|NO
E6|IOBS_0_32|BANK0|DIFFI_B0_38P|||
G7|IOBS_0_26|BANK0|DIFFI_B0_40P|||
G14|IOBS_0_212|BANK0|DIFFI_B0_2P/SPAL_BUSY|||
E14|IOBS_0_206|BANK0|DIFFI_B0_4P/SPAL_D12|||
G13|IOBS_0_200|BANK0|DIFFI_B0_6P/SPAL_D8|||
C14|IOBS_0_188|BANK0|DIFFI_B0_8P/SPAL_D4|io_PAL_BP1_PWR_ON_R|inout|NO
G12|IOBS_0_182|BANK0|DIFFI_B0_10P|||
G10|IOBS_0_110|BANK0|DIFFI_B0_22P|o_CPU0_PE2_RST_N_R|output|NO
A19|IOBS_0_225|BANK0|DIFFI_B0_0N/CFG_DONE|||
D8|IOBS_0_86|BANK0|DIFFI_B0_26P|o_PAL_P12V_CPU1_VIN_EN_R|output|NO
G9|IOBS_0_80|BANK0|DIFFI_B0_28P|o_PAL_UPD_VCC_3V3_EN_R|output|NO
E8|IOBS_0_62|BANK0|DIFFI_B0_30P/TDO|o_PAL_CPU1_D1_VPH_1V8_EN|output|NO
C10|IOBS_0_117|BANK0|DIFFI_B0_20N|o_PAL_BMC_PERST_N_R|output|NO
A13|IOBD_0_144|BANK0|DIFFIO_B0_17P|o_PAL_RISER1_PWR_EN_R|output|NO
B11|IOBD_0_114|BANK0|DIFFIO_B0_21P|o_PAL_P12V_RISER1_VIN_EN_R|output|NO
B10|IOBD_0_108|BANK0|DIFFIO_B0_23P/CLK1P_B0|o_PAL_P12V_RISER2_VIN_EN_R|output|NO
F20|IOBS_37_246|BANK1|DIFFI_B1_10N|||
J15|IOBS_39_246|BANK1|DIFFI_B1_11N|||
H17|IOBS_43_246|BANK1|DIFFI_B1_12N|||
G20|IOBS_45_246|BANK1|DIFFI_B1_13N|||
H19|IOBS_49_246|BANK1|DIFFI_B1_14N|||
H20|IOBS_51_246|BANK1|DIFFI_B1_15N|||
J16|IOBS_55_246|BANK1|DIFFI_B1_16N|||
K15|IOBS_57_246|BANK1|DIFFI_B1_17N|||
J20|IOBS_61_246|BANK1|DIFFI_B1_18N|||
K18|IOBS_63_246|BANK1|DIFFI_B1_19N|||
K20|IOBS_67_246|BANK1|DIFFI_B1_20N/CLKON_B1|||
L17|IOBS_69_246|BANK1|DIFFI_B1_21N|||
L20|IOBS_85_246|BANK1|DIFFI_B1_22N|o_PAL_CPU0_NVME_ALERT_N_R|output|NO
L15|IOBS_87_246|BANK1|DIFFI_B1_23N|o_PAL_CPU0_VR_SELECT_N_R|output|NO
M19|IOBS_91_246|BANK1|DIFFI_B1_24N|||
M18|IOBS_93_246|BANK1|DIFFI_B1_25N|||
N20|IOBS_97_246|BANK1|DIFFI_B1_26N|||
N19|IOBS_99_246|BANK1|DIFFI_B1_27N|i_PAL_PS2_ACFAIL|input|NO
N17|IOBS_103_246|BANK1|DIFFI_B1_28N|||
P19|IOBS_105_246|BANK1|DIFFI_B1_29N|||
R20|IOBS_109_246|BANK1|DIFFI_B1_30N|||
M14|IOBS_111_246|BANK1|DIFFI_B1_31N|||
R19|IOBS_115_246|BANK1|DIFFI_B1_32N|||
T19|IOBS_117_246|BANK1|DIFFI_B1_33N|||
P17|IOBS_127_246|BANK1|DIFFI_B1_34N|||
U19|IOBS_129_246|BANK1|DIFFI_B1_35N|||
P16|IOBS_133_246|BANK1|DIFFI_B1_36N|||
N14|IOBS_135_246|BANK1|DIFFI_B1_37N|||
U18|IOBS_139_246|BANK1|DIFFI_B1_38N|||
R16|IOBS_141_246|BANK1|DIFFI_B1_39N|||
T17|IOBS_145_246|BANK1|DIFFI_B1_40N|||
V17|IOBS_147_246|BANK1|DIFFI_B1_41N|||
D17|IOBS_6_246|BANK1|DIFFI_B1_0P/PLL1_CLKFB_P|||
F15|IOBS_8_246|BANK1|DIFFI_B1_1P|||
C19|IOBS_12_246|BANK1|DIFFI_B1_2P/PLL1_CLKIN_P|||
F16|IOBS_14_246|BANK1|DIFFI_B1_3P|||
B20|IOBS_18_246|BANK1|DIFFI_B1_4P|||
H14|IOBS_20_246|BANK1|DIFFI_B1_5P|||
D19|IOBS_24_246|BANK1|DIFFI_B1_6P|||
D20|IOBS_26_246|BANK1|DIFFI_B1_7P|||
G16|IOBS_30_246|BANK1|DIFFI_B1_8P|||
G17|IOBS_32_246|BANK1|DIFFI_B1_9P|||
F19|IOBS_36_246|BANK1|DIFFI_B1_10P|||
J14|IOBS_38_246|BANK1|DIFFI_B1_11P|||
G19|IOBS_42_246|BANK1|DIFFI_B1_12P|||
H16|IOBS_44_246|BANK1|DIFFI_B1_13P|||
H18|IOBS_48_246|BANK1|DIFFI_B1_14P|||
J17|IOBS_50_246|BANK1|DIFFI_B1_15P|o_PAL_RST_CPU0_VPP_N_R|output|NO
J18|IOBS_54_246|BANK1|DIFFI_B1_16P|||
K14|IOBS_56_246|BANK1|DIFFI_B1_17P|||
J19|IOBS_60_246|BANK1|DIFFI_B1_18P|i_SMB_PEHP_CPU1_3V3_ALERT_N|input|NO
K17|IOBS_62_246|BANK1|DIFFI_B1_19P|i_CPU0_D0_BIOS_OVER|input|NO
K19|IOBS_66_246|BANK1|DIFFI_B1_20P/CLKOP_B1|||
K16|IOBS_68_246|BANK1|DIFFI_B1_21P|||
L19|IOBS_84_246|BANK1|DIFFI_B1_22P|o_PAL_CPU1_NVME_ALERT_N_R|output|NO
L14|IOBS_86_246|BANK1|DIFFI_B1_23P|o_PAL_CPU1_VR_SELECT_N_R|output|NO
M20|IOBS_90_246|BANK1|DIFFI_B1_24P|||
L16|IOBS_92_246|BANK1|DIFFI_B1_25P|||
M17|IOBS_96_246|BANK1|DIFFI_B1_26P|i_SMB_PEHP_CPU0_3V3_ALERT_N|input|NO
M16|IOBS_98_246|BANK1|DIFFI_B1_27P|i_PAL_PS2_PRSNT|input|NO
N18|IOBS_102_246|BANK1|DIFFI_B1_28P|||
P20|IOBS_104_246|BANK1|DIFFI_B1_29P|||
P18|IOBS_108_246|BANK1|DIFFI_B1_30P|||
M15|IOBS_110_246|BANK1|DIFFI_B1_31P|||
N16|IOBS_114_246|BANK1|DIFFI_B1_32P|||
T20|IOBS_116_246|BANK1|DIFFI_B1_33P|||
U20|IOBS_126_246|BANK1|DIFFI_B1_34P|||
T18|IOBS_128_246|BANK1|DIFFI_B1_35P|||
V20|IOBS_132_246|BANK1|DIFFI_B1_36P|||
N15|IOBS_134_246|BANK1|DIFFI_B1_37P|||
R17|IOBS_138_246|BANK1|DIFFI_B1_38P|||
P15|IOBS_140_246|BANK1|DIFFI_B1_39P|||
V19|IOBS_144_246|BANK1|DIFFI_B1_40P|||
U17|IOBS_146_246|BANK1|DIFFI_B1_41P|||
C18|IOBS_7_246|BANK1|DIFFI_B1_0N/PLL1_CLKFB_N|||
G15|IOBS_9_246|BANK1|DIFFI_B1_1N|||
E17|IOBS_13_246|BANK1|DIFFI_B1_2N/PLL1_CLKIN_N|||
D18|IOBS_15_246|BANK1|DIFFI_B1_3N/MFG_TEST_OUT|||
C20|IOBS_19_246|BANK1|DIFFI_B1_4N|||
H15|IOBS_21_246|BANK1|DIFFI_B1_5N|||
F17|IOBS_25_246|BANK1|DIFFI_B1_6N|||
E19|IOBS_27_246|BANK1|DIFFI_B1_7N|||
F18|IOBS_31_246|BANK1|DIFFI_B1_8N|||
E20|IOBS_33_246|BANK1|DIFFI_B1_9N|||
W11|IOBS_156_115|BANK2|DIFFI_B2_21N|o_PAL_DPLL_GPIO0_R|output|NO
V10|IOBS_156_111|BANK2|DIFFI_B2_22N|o_CPLD_M_S_EXCHANGE_S1_R|output|NO
W10|IOBS_156_109|BANK2|DIFFI_B2_23N|o_CPU1_D0123_SOCKET_ID_R|output|NO
R10|IOBS_156_93|BANK2|DIFFI_B2_24N|o_PAL_BMC_PREST_N_R|output|NO
Y9|IOBS_156_91|BANK2|DIFFI_B2_25N/CLK0N_B2|o_CPU1_D0_SE_RECOVERY_R|output|NO
T9|IOBS_156_87|BANK2|DIFFI_B2_26N|o_CPU0_SB_EN_R|output|NO
Y8|IOBS_156_85|BANK2|DIFFI_B2_27N|o_PAL_CPU1_VDD_CORE_EN_R|output|NO
U9|IOBS_156_81|BANK2|DIFFI_B2_28N|o_CPU0_D1_SE_RECOVERY_R|output|NO
Y7|IOBS_156_79|BANK2|DIFFI_B2_29N|i_FRONT_PAL_INTRUDER|input|NO
R9|IOBS_156_63|BANK2|DIFFI_B2_30N|o_CPU0_D0_SE_RECOVERY_R|output|NO
T10|IOBS_156_117|BANK2|DIFFI_B2_20N|o_PAL_DPLL_RESET_R|output|NO
R14|IOBS_156_213|BANK2|DIFFI_B2_2N|o_PAL_TDO|output|NO
W19|IOBS_156_211|BANK2|DIFFI_B2_3N|o_PAL_RISER2_SWITCH_EN|output|NO
U15|IOBS_156_207|BANK2|DIFFI_B2_4N|o_PAL_PS2_P12V_ON_R|output|NO
W18|IOBS_156_205|BANK2|DIFFI_B2_5N|i_CPU1_VR8_CAT_FLT|input|NO
V16|IOBS_156_201|BANK2|DIFFI_B2_6N|i_PAL_PS2_SMB_ALERT_TO_FPGA|input|NO
U14|IOBS_156_199|BANK2|DIFFI_B2_7N|i_PAL_PS1_PRSNT|input|NO
R13|IOBS_156_189|BANK2|DIFFI_B2_8N|i_CPU1_VR_ALERT_N_R|input|NO
W17|IOBS_156_187|BANK2|DIFFI_B2_9N|o_PAL_FAN3_PWM_R|output|NO
T13|IOBS_156_183|BANK2|DIFFI_B2_10N|o_CPLD_M_S_SGPIO_CLK_R|output|NO
W16|IOBS_156_181|BANK2|DIFFI_B2_11N|o_PAL_FAN1_PWM_R|output|NO
R12|IOBS_156_159|BANK2|DIFFI_B2_12N|o_PAL_P12V_FAN2_EN_R|output|NO
W15|IOBS_156_157|BANK2|DIFFI_B2_13N|o_PAL_P12V_FAN0_EN_R|output|NO
T11|IOBS_156_153|BANK2|DIFFI_B2_14N|o_PAL_FAN_NRML_LED3_R|output|NO
W14|IOBS_156_151|BANK2|DIFFI_B2_15N|o_PAL_FAN_NRML_LED1_R|output|NO
V13|IOBS_156_147|BANK2|DIFFI_B2_16N|o_PAL_FAN_NRML_LED0_R|output|NO
W13|IOBS_156_145|BANK2|DIFFI_B2_17N|o_PAL_P3V3_STBY_RST_R|output|NO
R11|IOBS_156_123|BANK2|DIFFI_B2_18N|o_PAL_FAN_FAIL_LED3_R|output|NO
W12|IOBS_156_121|BANK2|DIFFI_B2_19N/CLK1N_B2|o_PAL_FAN_FAIL_LED1_R|output|NO
R15|IOBS_156_225|BANK2|DIFFI_B2_0N|o_PWR_88SE9230_P1V8_EN_R|output|NO
Y2|IOBS_156_31|BANK2|DIFFI_B2_39N|||
T6|IOBS_156_27|BANK2|DIFFI_B2_40N|||
Y1|IOBS_156_25|BANK2|DIFFI_B2_41N|||
T8|IOBS_156_57|BANK2|DIFFI_B2_32N|o_PAL_DPLL_INIT_R|output|NO
Y5|IOBS_156_55|BANK2|DIFFI_B2_33N|o_CPLD_M_S_EXCHANGE_S4_R|output|NO
R8|IOBS_156_51|BANK2|DIFFI_B2_34N|o_CPU1_D0_SOFT_SHUTDOWN_INT_N|output|NO
Y4|IOBS_156_49|BANK2|DIFFI_B2_35N|o_CK440_SS_EN_R|output|NO
U6|IOBS_156_39|BANK2|DIFFI_B2_36N|o_P1V8_STBY_CPLD_EN_R|output|NO
Y3|IOBS_156_37|BANK2|DIFFI_B2_37N|o_FT_CPU0_SCP_BOOT_FROM_FLASH_R|output|NO
R7|IOBS_156_33|BANK2|DIFFI_B2_38N|o_CPU1_SB_EN_R|output|NO
Y6|IOBS_156_61|BANK2|DIFFI_B2_31N/MISO_SO|o_CPLD_M_S_SGPIO1_LD_N_R|output|NO
W20|IOBS_156_223|BANK2|DIFFI_B2_1N/MOSI_SI|o_PAL_WX1860_PERST_R|output|NO
P14|IOBR_156_212|BANK2|DIFFI_B2_2P|o_PAL_SYS_EEPROM_BYPASS_N_R|output|NO
Y19|IOBR_156_210|BANK2|DIFFI_B2_3P|o_PAL_PWR_LOM_EN_R|output|NO
T14|IOBR_156_206|BANK2|DIFFI_B2_4P|o_PAL_PS1_P12V_ON_R|output|NO
Y18|IOBR_156_204|BANK2|DIFFI_B2_5P|i_CPU0_VR8_CAT_FLT|input|NO
V15|IOBR_156_200|BANK2|DIFFI_B2_6P|i_PAL_PS1_ACFAIL|input|NO
V14|IOBR_156_198|BANK2|DIFFI_B2_7P|i_PAL_PS1_SMB_ALERT_TO_FPGA|input|NO
P13|IOBR_156_188|BANK2|DIFFI_B2_8P|i_CPU0_VR_ALERT_N_R|input|NO
Y17|IOBR_156_186|BANK2|DIFFI_B2_9P|o_PAL_P12V_FAN3_EN_R|output|NO
T12|IOBR_156_182|BANK2|DIFFI_B2_10P|o_PAL_FAN2_PWM_R|output|NO
Y16|IOBR_156_180|BANK2|DIFFI_B2_11P|o_PAL_FAN0_PWM_R|output|NO
P12|IOBR_156_158|BANK2|DIFFI_B2_12P|o_PAL_P12V_FAN1_EN_R|output|NO
Y15|IOBR_156_156|BANK2|DIFFI_B2_13P|o_PAL_P12V_DISCHARGE_R|output|NO
U12|IOBR_156_152|BANK2|DIFFI_B2_14P|o_PAL_FAN_NRML_LED2_R|output|NO
Y14|IOBR_156_150|BANK2|DIFFI_B2_15P|o_BIOS0_RST_N_R|output|NO
V12|IOBR_156_146|BANK2|DIFFI_B2_16P|o_PAL_RTC_SELECT_N|output|NO
Y13|IOBR_156_144|BANK2|DIFFI_B2_17P|o_CPLD_M_S_SGPIO_LD_N_R|output|NO
P11|IOBR_156_122|BANK2|DIFFI_B2_18P|o_PAL_FAN_FAIL_LED2_R|output|NO
Y12|IOBR_156_120|BANK2|DIFFI_B2_19P/CLK1P_B2|o_PAL_FAN_FAIL_LED0_R|output|NO
U11|IOBR_156_116|BANK2|DIFFI_B2_20P|o_PAL_DPLL_GPIO1_R|output|NO
Y11|IOBR_156_114|BANK2|DIFFI_B2_21P|o_PAL_CK440_PWRDN_N_R|output|NO
U10|IOBR_156_110|BANK2|DIFFI_B2_22P|i_PAL_P3V3_STBY_PGD|input|NO
Y10|IOBR_156_108|BANK2|DIFFI_B2_23P|i_CPLD_M_S_SGPIO_MISO|input|NO
P10|IOBR_156_92|BANK2|DIFFI_B2_24P|o_CPU1_D1_SE_RECOVERY_R|output|NO
W9|IOBR_156_90|BANK2|DIFFI_B2_25P/CLK0P_B2|i_CLK_PAL_IN_25M|input|NO
V9|IOBR_156_86|BANK2|DIFFI_B2_26P|o_CPU0_D0123_SOCKET_ID_R|output|NO
W8|IOBR_156_84|BANK2|DIFFI_B2_27P|o_CPU0_D1_SPIO_MOSI|output|NO
V8|IOBR_156_80|BANK2|DIFFI_B2_28P|i_INTRUDER_CABLE_INST_N|input|NO
W7|IOBR_156_78|BANK2|DIFFI_B2_29P|o_CPU0_D0_SOFT_SHUTDOWN_INT_N|output|NO
P9|IOBR_156_62|BANK2|DIFFI_B2_30P|o_CPLD_M_S_SGPIO1_MOSI_R|output|NO
Y20|IOBR_156_222|BANK2|DIFFI_B2_1P/FCSI_N|o_PAL_WX1860_NRST_R|output|NO
T16|IOBR_156_224|BANK2|DIFFI_B2_0P|o_PWR_88SE9230_P1V0_EN_R|output|NO
R6|IOBR_156_26|BANK2|DIFFI_B2_40P|||
W1|IOBR_156_24|BANK2|DIFFI_B2_41P|||
W2|IOBR_156_30|BANK2|DIFFI_B2_39P/FCS_N|||
T7|IOBR_156_56|BANK2|DIFFI_B2_32P|o_CPLD_M_S_EXCHANGE_S5_R|output|NO
W5|IOBR_156_54|BANK2|DIFFI_B2_33P|o_CPLD_M_S_EXCHANGE_S3_R|output|NO
P8|IOBR_156_50|BANK2|DIFFI_B2_34P|i_PAL_CPU0_VDD_VCORE_P0V8_PG|input|NO
W4|IOBR_156_48|BANK2|DIFFI_B2_35P|io_BMC_I2C9_PAL_M_SDA_R|inout|NO
V6|IOBR_156_38|BANK2|DIFFI_B2_36P|o_FT_CPU1_SCP_BOOT_FROM_FLASH_R|output|NO
W3|IOBR_156_36|BANK2|DIFFI_B2_37P|o_FAN_P12V_DISCHARGE_R|output|NO
P7|IOBR_156_32|BANK2|DIFFI_B2_38P|||
W6|IOBR_156_60|BANK2|DIFFI_B2_31P/CFG_CLK|o_CPLD_M_S_SGPIO1_CLK_R|output|NO
N4|IOBS_103_0|BANK3|DIFFI_B3_0N|||
M7|IOBS_105_0|BANK3|DIFFI_B3_1N|||
P4|IOBS_109_0|BANK3|DIFFI_B3_2N|||
R2|IOBS_111_0|BANK3|DIFFI_B3_3N|||
T2|IOBS_115_0|BANK3|DIFFI_B3_4N|||
N6|IOBS_117_0|BANK3|DIFFI_B3_5N|||
U2|IOBS_127_0|BANK3|DIFFI_B3_6N/CLK0N_B3|||
R4|IOBS_129_0|BANK3|DIFFI_B3_7N|||
T4|IOBS_133_0|BANK3|DIFFI_B3_8N|||
V2|IOBS_135_0|BANK3|DIFFI_B3_9N|||
V4|IOBS_139_0|BANK3|DIFFI_B3_10N|||
P6|IOBS_141_0|BANK3|DIFFI_B3_11N|||
R5|IOBS_145_0|BANK3|DIFFI_B3_12N|||
U5|IOBS_147_0|BANK3|DIFFI_B3_13N|||
N3|IOBS_102_0|BANK3|DIFFI_B3_0P|||
M6|IOBS_104_0|BANK3|DIFFI_B3_1P|||
P3|IOBS_108_0|BANK3|DIFFI_B3_2P|||
R1|IOBS_110_0|BANK3|DIFFI_B3_3P|||
T1|IOBS_114_0|BANK3|DIFFI_B3_4P|||
N5|IOBS_116_0|BANK3|DIFFI_B3_5P|||
U1|IOBS_126_0|BANK3|DIFFI_B3_6P/CLK0P_B3|||
R3|IOBS_128_0|BANK3|DIFFI_B3_7P|||
T3|IOBS_132_0|BANK3|DIFFI_B3_8P|||
V1|IOBS_134_0|BANK3|DIFFI_B3_9P|||
V3|IOBS_138_0|BANK3|DIFFI_B3_10P|||
P5|IOBS_140_0|BANK3|DIFFI_B3_11P|||
T5|IOBS_144_0|BANK3|DIFFI_B3_12P|||
U4|IOBS_146_0|BANK3|DIFFI_B3_13P|||
J2|IOBS_54_0|BANK4|DIFFI_B4_0P|i_PAL_CPU0_PLL_P1V8_PG|input|NO
K5|IOBS_56_0|BANK4|DIFFI_B4_1P|o_PAL_CPU1_VDDQ_EN_R|output|NO
K2|IOBS_60_0|BANK4|DIFFI_B4_2P|o_PAL_CPU0_P1V8_EN_R|output|NO
K6|IOBS_62_0|BANK4|DIFFI_B4_3P|||
L1|IOBS_66_0|BANK4|DIFFI_B4_4P/CLK0P_B4|o_PAL_CPU0_VDDQ_EN_R|output|NO
L3|IOBS_68_0|BANK4|DIFFI_B4_5P|i_PAL_CPU0_P1V8_PG|input|NO
M1|IOBS_84_0|BANK4|DIFFI_B4_6P|||
M3|IOBS_86_0|BANK4|DIFFI_B4_7P|||
L5|IOBS_90_0|BANK4|DIFFI_B4_8P|i_PAL_CPU0_VDDQ_P1V1_PG|input|NO
L6|IOBS_92_0|BANK4|DIFFI_B4_9P|||
N1|IOBS_96_0|BANK4|DIFFI_B4_10P|||
P1|IOBS_98_0|BANK4|DIFFI_B4_11P|||
J1|IOBS_55_0|BANK4|DIFFI_B4_0N|i_PAL_CPU1_VDDQ_P1V1_PG|input|NO
K4|IOBS_57_0|BANK4|DIFFI_B4_1N|o_CPU1_I2C_TRAN_EN_R|output|NO
K1|IOBS_61_0|BANK4|DIFFI_B4_2N|o_PAL_CPU0_VDD_CORE_EN_R|output|NO
K7|IOBS_63_0|BANK4|DIFFI_B4_3N|||
L2|IOBS_67_0|BANK4|DIFFI_B4_4N/CLK0N_B4|i_PAL_CPU0_DDR_VDD_PG|input|NO
L4|IOBS_69_0|BANK4|DIFFI_B4_5N|o_CPU0_I2C_TRAN_EN_R|output|NO
M2|IOBS_85_0|BANK4|DIFFI_B4_6N|||
M4|IOBS_87_0|BANK4|DIFFI_B4_7N|||
M5|IOBS_91_0|BANK4|DIFFI_B4_8N|i_PAL_CPU1_VDD_VCORE_P0V8_PG|input|NO
L7|IOBS_93_0|BANK4|DIFFI_B4_9N|||
N2|IOBS_97_0|BANK4|DIFFI_B4_10N|||
P2|IOBS_99_0|BANK4|DIFFI_B4_11N|||
F5|IOBS_20_0|BANK5|DIFFI_B5_5P|||
F4|IOBS_24_0|BANK5|DIFFI_B5_6P|||
H6|IOBS_26_0|BANK5|DIFFI_B5_7P|||
E2|IOBS_30_0|BANK5|DIFFI_B5_8P/CLK0P_B5|i_PAL_CPU1_D0_VPH_1V8_PG|input|NO
F2|IOBS_32_0|BANK5|DIFFI_B5_9P|||
G4|IOBS_36_0|BANK5|DIFFI_B5_10P|||
H3|IOBS_38_0|BANK5|DIFFI_B5_11P|||
G2|IOBS_42_0|BANK5|DIFFI_B5_12P|i_PAL_CPU1_D1_VP_0V9_PG|input|NO
J6|IOBS_44_0|BANK5|DIFFI_B5_13P|o_PAL_CPU1_DDR_VDD_EN_R|output|NO
H2|IOBS_48_0|BANK5|DIFFI_B5_14P|o_PAL_CPU1_PLL_P1V8_EN_R|output|NO
J4|IOBS_50_0|BANK5|DIFFI_B5_15P|||
C3|IOBS_7_0|BANK5|DIFFI_B5_0N|||
G6|IOBS_9_0|BANK5|DIFFI_B5_1N|||
C1|IOBS_13_0|BANK5|DIFFI_B5_2N/PLL0_CLKFB_N|||
E3|IOBS_15_0|BANK5|DIFFI_B5_3N|||
D1|IOBS_19_0|BANK5|DIFFI_B5_4N/PLL0_CLKIN_N|i_PAL_CPU0_D1_VP_0V9_PG|input|NO
G5|IOBS_21_0|BANK5|DIFFI_B5_5N|||
F3|IOBS_25_0|BANK5|DIFFI_B5_6N|||
H7|IOBS_27_0|BANK5|DIFFI_B5_7N|||
E1|IOBS_31_0|BANK5|DIFFI_B5_8N/CLK0N_B5|i_PAL_CPU0_D0_VP_0V9_PG|input|NO
F1|IOBS_33_0|BANK5|DIFFI_B5_9N|o_PAL_CPU0_D0_VP_0V9_EN|output|NO
G3|IOBS_37_0|BANK5|DIFFI_B5_10N|i_PAL_CPU1_P1V8_PG|input|NO
H4|IOBS_39_0|BANK5|DIFFI_B5_11N|||
G1|IOBS_43_0|BANK5|DIFFI_B5_12N|i_PAL_CPU1_PLL_P1V8_PG|input|NO
J5|IOBS_45_0|BANK5|DIFFI_B5_13N|o_PAL_CPU1_D0_VPH_1V8_EN|output|NO
H1|IOBS_49_0|BANK5|DIFFI_B5_14N|o_PAL_CPU0_PLL_P1V8_EN_R|output|NO
J3|IOBS_51_0|BANK5|DIFFI_B5_15N|o_PAL_CPU0_DDR_VDD_EN_R|output|NO
C4|IOBS_6_0|BANK5|DIFFI_B5_0P|||
F6|IOBS_8_0|BANK5|DIFFI_B5_1P|||
C2|IOBS_12_0|BANK5|DIFFI_B5_2P/PLL0_CLKFB_P|||
E4|IOBS_14_0|BANK5|DIFFI_B5_3P|||
D2|IOBS_18_0|BANK5|DIFFI_B5_4P/PLL0_CLKIN_P|||
