B15|IOBS_0_157|BANK0|DIFFIO_B0_13N/SPAL_D1|i_MB_CB_RISER2_PRSNT0_N|input|NO
B14|IOBS_0_151|BANK0|DIFFIO_B0_15N|i_CPU1_MCIO3_CABLE_ID0_R|input|NO
B13|IOBS_0_145|BANK0|DIFFIO_B0_17N|i_CPU1_MCIO3_CABLE_ID1_R|input|NO
B12|IOBS_0_121|BANK0|DIFFIO_B0_19N|i_PAL_RISER1_MODE_R|input|NO
A20|IOBS_0_223|BANK0|DIFFIO_B0_1N/SPAL_CLK|||
D16|IOBS_0_211|BANK0|DIFFIO_B0_3N/SPAL_D15|||
B18|IOBS_0_205|BANK0|DIFFIO_B0_5N/SPAL_D11|||
C16|IOBS_0_199|BANK0|DIFFIO_B0_7N/SPAL_D7|||
B17|IOBS_0_187|BANK0|DIFFIO_B0_9N/SPAL_D3|i_CPU0_MCIO3_CABLE_ID1_R|input|NO
B16|IOBS_0_181|BANK0|DIFFIO_B0_11N|||
A9|IOBS_0_91|BANK0|DIFFIO_B0_25N|io_MCIO_PWR_EN8_R|inout|NO
A8|IOBS_0_85|BANK0|DIFFIO_B0_27N|||
A7|IOBS_0_79|BANK0|DIFFIO_B0_29N|||
A6|IOBS_0_61|BANK0|DIFFIO_B0_31N|||
A5|IOBS_0_55|BANK0|DIFFIO_B0_33N|||
A4|IOBS_0_49|BANK0|DIFFIO_B0_35N|||
A3|IOBS_0_37|BANK0|DIFFIO_B0_37N|||
A2|IOBS_0_31|BANK0|DIFFIO_B0_39N|||
A1|IOBS_0_25|BANK0|DIFFIO_B0_41N|||
A11|IOBS_0_115|BANK0|DIFFIO_B0_21N|i_CPU1_MCIO0_CABLE_ID1_R|input|NO
A10|IOBS_0_109|BANK0|DIFFIO_B0_23N/CLK1N_B0|i_CPU1_MCIO2_CABLE_ID0_R|input|NO
A12|IOBD_0_120|BANK0|DIFFIO_B0_19P|io_MCIO_PWR_EN5_R|inout|NO
B19|IOBD_0_222|BANK0|DIFFIO_B0_1P/SPAL_CS_N|||
E15|IOBD_0_210|BANK0|DIFFIO_B0_3P/SPAL_D14|i_CPU0_MCIO3_CABLE_ID0_R|input|NO
A18|IOBD_0_204|BANK0|DIFFIO_B0_5P/SPAL_D10|i_PAL_BMC_NCSI_CLK_50M_R|input|NO
C15|IOBD_0_198|BANK0|DIFFIO_B0_7P/SPAL_D6|o_PAL_OCP_NCSI_CLK_50M_R|output|NO
A17|IOBD_0_186|BANK0|DIFFIO_B0_9P/SPAL_D2|i_CPU0_MCIO0_CABLE_ID0_R|input|NO
A16|IOBD_0_180|BANK0|DIFFIO_B0_11P|i_CPU0_MCIO2_CABLE_ID0_R|input|NO
B6|IOBD_0_60|BANK0|DIFFIO_B0_31P|||
B5|IOBD_0_54|BANK0|DIFFIO_B0_33P|||
B4|IOBD_0_48|BANK0|DIFFIO_B0_35P|||
B3|IOBD_0_36|BANK0|DIFFIO_B0_37P|||
B2|IOBD_0_30|BANK0|DIFFIO_B0_39P|||
B1|IOBD_0_24|BANK0|DIFFIO_B0_41P|||
B9|IOBD_0_90|BANK0|DIFFIO_B0_25P|||
B8|IOBD_0_84|BANK0|DIFFIO_B0_27P|||
B7|IOBD_0_78|BANK0|DIFFIO_B0_29P|||
A15|IOBD_0_156|BANK0|DIFFIO_B0_13P/SPAL_D0|i_PAL_RISER2_MODE_R|input|NO
A14|IOBD_0_150|BANK0|DIFFIO_B0_15P|o_PAL_BMC_UART4_RX|output|NO
F8|IOBS_0_57|BANK0|DIFFI_B0_32N|||
D7|IOBS_0_51|BANK0|DIFFI_B0_34N|||
E7|IOBS_0_39|BANK0|DIFFI_B0_36N|||
D5|IOBS_0_33|BANK0|DIFFI_B0_38N|||
F7|IOBS_0_27|BANK0|DIFFI_B0_40N|||
C7|IOBS_0_63|BANK0|DIFFI_B0_30N/TDI|||
C8|IOBS_0_87|BANK0|DIFFI_B0_26N|o_JACK_CPU1_D0_UART_SOUT|output|NO
F9|IOBS_0_81|BANK0|DIFFI_B0_28N|||
D9|IOBS_0_93|BANK0|DIFFI_B0_24N/TMS|i_CPU1_D0_UART_SOUT|input|NO
F10|IOBS_0_111|BANK0|DIFFI_B0_22N|o_CPLD_M_S_EXCHANGE_S2|output|NO
F14|IOBS_0_213|BANK0|DIFFI_B0_2N/SPAL_RDWR_N|||
D15|IOBS_0_207|BANK0|DIFFI_B0_4N/SPAL_D13|||
F13|IOBS_0_201|BANK0|DIFFI_B0_6N/SPAL_D9|||
D14|IOBS_0_189|BANK0|DIFFI_B0_8N/SPAL_D5|o_PAL_WX1860_NCSI_CLK_50M_R|output|NO
F12|IOBS_0_183|BANK0|DIFFI_B0_10N|||
D10|IOBS_0_116|BANK0|DIFFI_B0_20P|i_MB_CB_RISER1_PRSNT0_N|input|NO
C9|IOBS_0_92|BANK0|DIFFI_B0_24P/TCK|i_CPU0_D0_I2C1_PE_STRAP_SCL|input|NO
D12|IOBS_0_152|BANK0|DIFFI_B0_14P/EFB_STR|i_CPU0_MCIO0_CABLE_ID1_R|input|NO
G11|IOBS_0_146|BANK0|DIFFI_B0_16P|i_CPLD_M_S_EXCHANGE_S1|input|NO
C17|IOBS_0_224|BANK0|DIFFI_B0_0P/INIT_FLAG_N|||
D11|IOBS_0_123|BANK0|DIFFI_B0_18N/SDA/CLK0N_B0|i_CPU1_MCIO2_CABLE_ID1_R|input|NO
C12|IOBS_0_153|BANK0|DIFFI_B0_14N/EFB_CLK|i_PAL_RISER2_WIDTH_R|input|NO
F11|IOBS_0_147|BANK0|DIFFI_B0_16N/EFB_D|i_CPU0_MCIO2_CABLE_ID1_R|input|NO
D13|IOBS_0_159|BANK0|DIFFI_B0_12N/RSTN|io_MCIO_PWR_EN2_R|inout|NO
C13|IOBS_0_158|BANK0|DIFFI_B0_12P/JTAGEN|io_MCIO_PWR_EN0_R|inout|NO
C11|IOBS_0_122|BANK0|DIFFI_B0_18P/SCL/CLK0P_B0|i_PAL_RISER1_WIDTH_R|input|NO
G8|IOBS_0_56|BANK0|DIFFI_B0_32P|||
C6|IOBS_0_50|BANK0|DIFFI_B0_34P|||
D6|IOBS_0_38|BANK0|DIFFI_B0_36P|||
E6|IOBS_0_32|BANK0|DIFFI_B0_38P|||
G7|IOBS_0_26|BANK0|DIFFI_B0_40P|||
G14|IOBS_0_212|BANK0|DIFFI_B0_2P/SPAL_BUSY|||
E14|IOBS_0_206|BANK0|DIFFI_B0_4P/SPAL_D12|||
G13|IOBS_0_200|BANK0|DIFFI_B0_6P/SPAL_D8|||
C14|IOBS_0_188|BANK0|DIFFI_B0_8P/SPAL_D4|io_MCIO_PWR_EN3_R|inout|NO
G12|IOBS_0_182|BANK0|DIFFI_B0_10P|||
G10|IOBS_0_110|BANK0|DIFFI_B0_22P|io_MCIO_PWR_EN7_R|inout|NO
A19|IOBS_0_225|BANK0|DIFFI_B0_0N/CFG_DONE|||
D8|IOBS_0_86|BANK0|DIFFI_B0_26P|||
G9|IOBS_0_80|BANK0|DIFFI_B0_28P|||
E8|IOBS_0_62|BANK0|DIFFI_B0_30P/TDO|||
C10|IOBS_0_117|BANK0|DIFFI_B0_20N|i_PAL_PWR_SW_IN_N|input|NO
A13|IOBD_0_144|BANK0|DIFFIO_B0_17P|i_PAL_UART4_OCP_DEBUG_RX|input|NO
B11|IOBD_0_114|BANK0|DIFFIO_B0_21P|i_CPU1_MCIO0_CABLE_ID0_R|input|NO
B10|IOBD_0_108|BANK0|DIFFIO_B0_23P/CLK1P_B0|io_CPU0_D0_I2C1_PE_STRAP_SDA|inout|NO
F20|IOBS_37_246|BANK1|DIFFI_B1_10N|||
J15|IOBS_39_246|BANK1|DIFFI_B1_11N|||
H17|IOBS_43_246|BANK1|DIFFI_B1_12N|||
G20|IOBS_45_246|BANK1|DIFFI_B1_13N|o_CPU1_D0_UART1_RX|output|NO
H19|IOBS_49_246|BANK1|DIFFI_B1_14N|||
H20|IOBS_51_246|BANK1|DIFFI_B1_15N|||
J16|IOBS_55_246|BANK1|DIFFI_B1_16N|||
K15|IOBS_57_246|BANK1|DIFFI_B1_17N|i_JACK_CPU1_UART1_RX|input|NO
J20|IOBS_61_246|BANK1|DIFFI_B1_18N|||
K18|IOBS_63_246|BANK1|DIFFI_B1_19N|i_CPU0_D0_TEMP_OVER|input|NO
K20|IOBS_67_246|BANK1|DIFFI_B1_20N/CLKON_B1|||
L17|IOBS_69_246|BANK1|DIFFI_B1_21N|||
L20|IOBS_85_246|BANK1|DIFFI_B1_22N|o_PAL_RISER2_SS_CLK|output|NO
L15|IOBS_87_246|BANK1|DIFFI_B1_23N|i_FAN_SNS_ALERT|input|NO
M19|IOBS_91_246|BANK1|DIFFI_B1_24N|o_CPU1_D1_UART1_RX|output|NO
M18|IOBS_93_246|BANK1|DIFFI_B1_25N|o_CPU0_D1_UART1_RX|output|NO
N20|IOBS_97_246|BANK1|DIFFI_B1_26N|i_JACK_CPU1_D0_UART_SIN|input|NO
N19|IOBS_99_246|BANK1|DIFFI_B1_27N|i_PCA_REVISION_2|input|NO
N17|IOBS_103_246|BANK1|DIFFI_B1_28N|o_DB9_TOD_UART_TX|output|NO
P19|IOBS_105_246|BANK1|DIFFI_B1_29N|o_CPU_MCIO7_GPU_THROTTLE_N_R|output|NO
R20|IOBS_109_246|BANK1|DIFFI_B1_30N|o_CPU1_D0_UART_SIN|output|NO
M14|IOBS_111_246|BANK1|DIFFI_B1_31N|o_N0_100M|output|NO
R19|IOBS_115_246|BANK1|DIFFI_B1_32N|o_N1_1000M|output|NO
T19|IOBS_117_246|BANK1|DIFFI_B1_33N|o_N0_ACT|output|NO
P17|IOBS_127_246|BANK1|DIFFI_B1_34N|o_PAL_LED_PWRBTN_GR_R|output|NO
U19|IOBS_129_246|BANK1|DIFFI_B1_35N|o_PAL_DB2000_1_PD_R|output|NO
P16|IOBS_133_246|BANK1|DIFFI_B1_36N|o_PAL_RJ45_2_100M_LED|output|NO
N14|IOBS_135_246|BANK1|DIFFI_B1_37N|o_PAL_RJ45_1_1000M_LED|output|NO
U18|IOBS_139_246|BANK1|DIFFI_B1_38N|o_PAL_UPD1_P3V3_EN_R|output|NO
R16|IOBS_141_246|BANK1|DIFFI_B1_39N|o_PAL_TPM_DRQ1_N|output|NO
T17|IOBS_145_246|BANK1|DIFFI_B1_40N|o_RISER1_SELECT|output|NO
V17|IOBS_147_246|BANK1|DIFFI_B1_41N|o_PVT_SS_CLK_1_R|output|NO
D17|IOBS_6_246|BANK1|DIFFI_B1_0P/PLL1_CLKFB_P|||
F15|IOBS_8_246|BANK1|DIFFI_B1_1P|||
C19|IOBS_12_246|BANK1|DIFFI_B1_2P/PLL1_CLKIN_P|||
F16|IOBS_14_246|BANK1|DIFFI_B1_3P|||
B20|IOBS_18_246|BANK1|DIFFI_B1_4P|||
H14|IOBS_20_246|BANK1|DIFFI_B1_5P|i_CPU1_D0_UART1_TX|input|NO
D19|IOBS_24_246|BANK1|DIFFI_B1_6P|||
D20|IOBS_26_246|BANK1|DIFFI_B1_7P|||
G16|IOBS_30_246|BANK1|DIFFI_B1_8P|||
G17|IOBS_32_246|BANK1|DIFFI_B1_9P|||
F19|IOBS_36_246|BANK1|DIFFI_B1_10P|||
J14|IOBS_38_246|BANK1|DIFFI_B1_11P|||
G19|IOBS_42_246|BANK1|DIFFI_B1_12P|||
H16|IOBS_44_246|BANK1|DIFFI_B1_13P|||
H18|IOBS_48_246|BANK1|DIFFI_B1_14P|||
J17|IOBS_50_246|BANK1|DIFFI_B1_15P|||
J18|IOBS_54_246|BANK1|DIFFI_B1_16P|o_CPU0_D0_UART1_RX|output|NO
K14|IOBS_56_246|BANK1|DIFFI_B1_17P|||
J19|IOBS_60_246|BANK1|DIFFI_B1_18P|i_PAL_LOM_FAN_ON_AUX_R|input|NO
K17|IOBS_62_246|BANK1|DIFFI_B1_19P|i_CPU0_D1_TEMP_OVER|input|NO
K19|IOBS_66_246|BANK1|DIFFI_B1_20P/CLKOP_B1|i_JACK_CPU0_UART1_RX|input|NO
K16|IOBS_68_246|BANK1|DIFFI_B1_21P|||
L19|IOBS_84_246|BANK1|DIFFI_B1_22P|o_PAL_RISER2_SS_LD_N|output|NO
L14|IOBS_86_246|BANK1|DIFFI_B1_23P|i_PAL_EXT_RST_N|input|NO
M20|IOBS_90_246|BANK1|DIFFI_B1_24P|o_CPU_MCIO0_GPU_THROTTLE_N_R|output|NO
L16|IOBS_92_246|BANK1|DIFFI_B1_25P|i_P12V_STBY_SNS_ALERT|input|NO
M17|IOBS_96_246|BANK1|DIFFI_B1_26P|i_PCB_REVISION_0|input|NO
M16|IOBS_98_246|BANK1|DIFFI_B1_27P|i_CPU1_D1_TEMP_OVER|input|NO
N18|IOBS_102_246|BANK1|DIFFI_B1_28P|o_DBG_CPU0_UART1_TX_CONN_R|output|NO
P20|IOBS_104_246|BANK1|DIFFI_B1_29P|o_CPU_MCIO8_GPU_THROTTLE_N_R|output|NO
P18|IOBS_108_246|BANK1|DIFFI_B1_30P|o_N0_1000M|output|NO
M15|IOBS_110_246|BANK1|DIFFI_B1_31P|i_PAL_OCP1_SS_DATA_IN_R|input|NO
N16|IOBS_114_246|BANK1|DIFFI_B1_32P|o_N1_ACT|output|NO
T20|IOBS_116_246|BANK1|DIFFI_B1_33P|o_N1_100M|output|NO
U20|IOBS_126_246|BANK1|DIFFI_B1_34P|i_CPU_NVME0_PRSNT_N|input|NO
T18|IOBS_128_246|BANK1|DIFFI_B1_35P|o_PAL_LED_PWRBTN_AMB_R|output|NO
V20|IOBS_132_246|BANK1|DIFFI_B1_36P|o_PAL_RJ45_2_1000M_LED|output|NO
N15|IOBS_134_246|BANK1|DIFFI_B1_37P|o_PAL_RJ45_1_ACT_LED|output|NO
R17|IOBS_138_246|BANK1|DIFFI_B1_38P|o_PAL_UPD2_P1V1_EN_R|output|NO
P15|IOBS_140_246|BANK1|DIFFI_B1_39P|o_PAL_UPD1_P1V1_EN_R|output|NO
V19|IOBS_144_246|BANK1|DIFFI_B1_40P|o_RISER1_SWITCH_EN|output|NO
U17|IOBS_146_246|BANK1|DIFFI_B1_41P|o_PVT_SS_CLK_R|output|NO
C18|IOBS_7_246|BANK1|DIFFI_B1_0N/PLL1_CLKFB_N|o_JACK_CPU1_UART1_TX|output|NO
G15|IOBS_9_246|BANK1|DIFFI_B1_1N|||
E17|IOBS_13_246|BANK1|DIFFI_B1_2N/PLL1_CLKIN_N|o_JACK_CPU0_D0_UART_SOUT|output|NO
D18|IOBS_15_246|BANK1|DIFFI_B1_3N/MFG_TEST_OUT|||
C20|IOBS_19_246|BANK1|DIFFI_B1_4N|||
H15|IOBS_21_246|BANK1|DIFFI_B1_5N|||
F17|IOBS_25_246|BANK1|DIFFI_B1_6N|i_CPU0_D0_UART_SOUT|input|NO
E19|IOBS_27_246|BANK1|DIFFI_B1_7N|||
F18|IOBS_31_246|BANK1|DIFFI_B1_8N|||
E20|IOBS_33_246|BANK1|DIFFI_B1_9N|||
W11|IOBS_156_115|BANK2|DIFFI_B2_21N|i_CPU_NVME17_PRSNT_N|input|NO
V10|IOBS_156_111|BANK2|DIFFI_B2_22N|i_SW_1|input|NO
W10|IOBS_156_109|BANK2|DIFFI_B2_23N|i_SW_2|input|NO
R10|IOBS_156_93|BANK2|DIFFI_B2_24N|i_SW_5|input|NO
Y9|IOBS_156_91|BANK2|DIFFI_B2_25N/CLK0N_B2|o_PAL_BMC_SS_DATA_OUT|output|NO
T9|IOBS_156_87|BANK2|DIFFI_B2_26N|o_PAL_OCP2_NCSI_EN_N_R|output|NO
Y8|IOBS_156_85|BANK2|DIFFI_B2_27N|o_PAL_WX1860_NCSI_SW_EN_N_R|output|NO
U9|IOBS_156_81|BANK2|DIFFI_B2_28N|o_PAL_SPI_SWITCH_EN_R|output|NO
Y7|IOBS_156_79|BANK2|DIFFI_B2_29N|o_PAL_OCP1_NCSI_EN_N_R|output|NO
R9|IOBS_156_63|BANK2|DIFFI_B2_30N|o_PAL_UPD2_PONRST_N_R|output|NO
T10|IOBS_156_117|BANK2|DIFFI_B2_20N|i_SW_7|input|NO
R14|IOBS_156_213|BANK2|DIFFI_B2_2N|o_UART0_CPU_LOG_TX|output|NO
W19|IOBS_156_211|BANK2|DIFFI_B2_3N|o_Riser1_TOD_UART_TXD_R|output|NO
U15|IOBS_156_207|BANK2|DIFFI_B2_4N|o_RISER_AUX_TOD_UART2_TXD|output|NO
W18|IOBS_156_205|BANK2|DIFFI_B2_5N|o_PAL_RISER1_SS_CLK|output|NO
V16|IOBS_156_201|BANK2|DIFFI_B2_6N|i_CPU1_D0_TEMP_OVER|input|NO
U14|IOBS_156_199|BANK2|DIFFI_B2_7N|o_PAL_BMC_SS_LOAD_N|output|NO
R13|IOBS_156_189|BANK2|DIFFI_B2_8N|o_LED8_N|output|NO
W17|IOBS_156_187|BANK2|DIFFI_B2_9N|i_CPU_NVME5_PRSNT_N|input|NO
T13|IOBS_156_183|BANK2|DIFFI_B2_10N|i_CPU_NVME4_PRSNT_N|input|NO
W16|IOBS_156_181|BANK2|DIFFI_B2_11N|i_CPU_NVME7_PRSNT_N|input|NO
R12|IOBS_156_159|BANK2|DIFFI_B2_12N|o_PAL_OCP1_SS_LD_N_R|output|NO
W15|IOBS_156_157|BANK2|DIFFI_B2_13N|i_CPU_NVME10_PRSNT_N|input|NO
T11|IOBS_156_153|BANK2|DIFFI_B2_14N|o_PAL_OCP2_SS_LD_N_R|output|NO
W14|IOBS_156_151|BANK2|DIFFI_B2_15N|o_CPLD_M_S_SGPIO_MISO_R|output|NO
V13|IOBS_156_147|BANK2|DIFFI_B2_16N|i_PAL_RISER2_PRSNT_N|input|NO
W13|IOBS_156_145|BANK2|DIFFI_B2_17N|i_PAL_UPD72020_2_ALART|input|NO
R11|IOBS_156_123|BANK2|DIFFI_B2_18N|i_SW_4|input|NO
W12|IOBS_156_121|BANK2|DIFFI_B2_19N/CLK1N_B2|i_CPU_NVME15_PRSNT_N|input|NO
R15|IOBS_156_225|BANK2|DIFFI_B2_0N|o_USB2_SW_SEL_R|output|NO
Y2|IOBS_156_31|BANK2|DIFFI_B2_39N|o_PAL_GPU2_EFUSE_EN_R|output|NO
T6|IOBS_156_27|BANK2|DIFFI_B2_40N|o_RST_I2C1_MUX_N_R|output|NO
Y1|IOBS_156_25|BANK2|DIFFI_B2_41N|o_PAL_P12V_STBY_EFUSE_EN_R|output|NO
T8|IOBS_156_57|BANK2|DIFFI_B2_32N|o_PAL_UPD1_PONRST_N_R|output|NO
Y5|IOBS_156_55|BANK2|DIFFI_B2_33N|o_LED7_N|output|NO
R8|IOBS_156_51|BANK2|DIFFI_B2_34N|o_RST_I2C_BMC_9548_MUX_N_R|output|NO
Y4|IOBS_156_49|BANK2|DIFFI_B2_35N|o_PAL_LED_UID_R|output|NO
U6|IOBS_156_39|BANK2|DIFFI_B2_36N|o_PAL_RISER2_SLOT_PERST_N_R|output|NO
Y3|IOBS_156_37|BANK2|DIFFI_B2_37N|o_PAL_M2_0_PERST_N_R|output|NO
R7|IOBS_156_33|BANK2|DIFFI_B2_38N|o_PAL_UPD2_PERST_N_R|output|NO
Y6|IOBS_156_61|BANK2|DIFFI_B2_31N/MISO_SO|o_PAL_RST_TPM_N_R|output|NO
W20|IOBS_156_223|BANK2|DIFFI_B2_1N/MOSI_SI|o_PAL_OCP2_SS_CLK_R|output|NO
P14|IOBR_156_212|BANK2|DIFFI_B2_2P|o_Riser2_TOD_UART_TXD_R|output|NO
Y19|IOBR_156_210|BANK2|DIFFI_B2_3P|i_PCA_REVISION_0|input|NO
T14|IOBR_156_206|BANK2|DIFFI_B2_4P|i_PCB_REVISION_1|input|NO
Y18|IOBR_156_204|BANK2|DIFFI_B2_5P|o_PAL_OCP1_SS_CLK_R|output|NO
V15|IOBR_156_200|BANK2|DIFFI_B2_6P|o_PAL_BMC_SS_CLK|output|NO
V14|IOBR_156_198|BANK2|DIFFI_B2_7P|i_PAL_BMC_SS_DATA_IN|input|NO
P13|IOBR_156_188|BANK2|DIFFI_B2_8P|i_CHASSIS_ID1_N|input|NO
Y17|IOBR_156_186|BANK2|DIFFI_B2_9P|i_PAL_RISER2_SS_DATA_IN|input|NO
T12|IOBR_156_182|BANK2|DIFFI_B2_10P|i_CPU_NVME6_PRSNT_N|input|NO
Y16|IOBR_156_180|BANK2|DIFFI_B2_11P|i_CPU_NVME1_PRSNT_N|input|NO
P12|IOBR_156_158|BANK2|DIFFI_B2_12P|i_PAL_UPD72020_1_ALART|input|NO
Y15|IOBR_156_156|BANK2|DIFFI_B2_13P|i_CPU_NVME14_PRSNT_N|input|NO
U12|IOBR_156_152|BANK2|DIFFI_B2_14P|i_PAL_OCP2_SS_DATA_IN_R|input|NO
Y14|IOBR_156_150|BANK2|DIFFI_B2_15P|i_CPU_NVME11_PRSNT_N|input|NO
V12|IOBR_156_146|BANK2|DIFFI_B2_16P|i_PAL_M2_1_PRSNT_N|input|NO
Y13|IOBR_156_144|BANK2|DIFFI_B2_17P|i_CHASSIS_ID0_N|input|NO
P11|IOBR_156_122|BANK2|DIFFI_B2_18P|i_CPU_NVME16_PRSNT_N|input|NO
Y12|IOBR_156_120|BANK2|DIFFI_B2_19P/CLK1P_B2|o_LED4_N|output|NO
U11|IOBR_156_116|BANK2|DIFFI_B2_20P|i_SW_3|input|NO
Y11|IOBR_156_114|BANK2|DIFFI_B2_21P|i_CPLD_M_S_SGPIO_LD_N|input|NO
U10|IOBR_156_110|BANK2|DIFFI_B2_22P|i_PAL_M2_0_PRSNT_N|input|NO
Y10|IOBR_156_108|BANK2|DIFFI_B2_23P|i_CPLD_M_S_SGPIO_CLK|input|NO
P10|IOBR_156_92|BANK2|DIFFI_B2_24P|i_PAL_RISER1_SS_DATA_IN|input|NO
W9|IOBR_156_90|BANK2|DIFFI_B2_25P/CLK0P_B2|i_CLK_C42_IN_25M|input|NO
V9|IOBR_156_86|BANK2|DIFFI_B2_26P|o_PAL_OCP_NCSI_SW_EN_N_R|output|NO
W8|IOBR_156_84|BANK2|DIFFI_B2_27P|o_RST_I2C5_MUX_N_R|output|NO
V8|IOBR_156_80|BANK2|DIFFI_B2_28P|o_RST_I2C4_1_MUX_N_R|output|NO
W7|IOBR_156_78|BANK2|DIFFI_B2_29P|o_PAL_LED_HEL_RED_R|output|NO
P9|IOBR_156_62|BANK2|DIFFI_B2_30P|o_RST_I2C2_MUX_N_R|output|NO
Y20|IOBR_156_222|BANK2|DIFFI_B2_1P/FCSI_N|i_PCA_REVISION_1|input|NO
T16|IOBR_156_224|BANK2|DIFFI_B2_0P|o_UART2_PAL_OCP_TX_R|output|NO
R6|IOBR_156_26|BANK2|DIFFI_B2_40P|o_PAL_GPU3_EFUSE_EN_R|output|NO
W1|IOBR_156_24|BANK2|DIFFI_B2_41P|o_PAL_GPU4_EFUSE_EN_R|output|NO
W2|IOBR_156_30|BANK2|DIFFI_B2_39P/FCS_N|o_PAL_GPU1_EFUSE_EN_R|output|NO
T7|IOBR_156_56|BANK2|DIFFI_B2_32P|o_RST_I2C4_2_MUX_N_R|output|NO
W5|IOBR_156_54|BANK2|DIFFI_B2_33P|o_PAL_M2_1_PERST_N_R|output|NO
P8|IOBR_156_50|BANK2|DIFFI_B2_34P|o_RST_I2C12_MUX_N_R|output|NO
W4|IOBR_156_48|BANK2|DIFFI_B2_35P|o_PAL_LED_HEL_GR_R|output|NO
V6|IOBR_156_38|BANK2|DIFFI_B2_36P|o_MCIO11_RISER1_PERST2_N|output|NO
W3|IOBR_156_36|BANK2|DIFFI_B2_37P|o_RISER_AUX_TOD_UART1_TXD|output|NO
P7|IOBR_156_32|BANK2|DIFFI_B2_38P|o_PAL_RISER1_SLOT_PERST_N_R|output|NO
W6|IOBR_156_60|BANK2|DIFFI_B2_31P/CFG_CLK|o_PAL_UPD1_PERST_N_R|output|NO
N4|IOBS_103_0|BANK3|DIFFI_B3_0N|o_PAL_CPU1_I3C_SPD_SEL|output|NO
M7|IOBS_105_0|BANK3|DIFFI_B3_1N|o_PAL_P1V1_STBY_EN_R|output|NO
P4|IOBS_109_0|BANK3|DIFFI_B3_2N|o_PAL_M2_PWR_EN_R|output|NO
R2|IOBS_111_0|BANK3|DIFFI_B3_3N|o_DBG_PAL_BMC_UART1_TX_CONN_R|output|NO
T2|IOBS_115_0|BANK3|DIFFI_B3_4N|o_P5V_USB2_EN|output|NO
N6|IOBS_117_0|BANK3|DIFFI_B3_5N|o_PAL_TEST_BAT_EN|output|NO
U2|IOBS_127_0|BANK3|DIFFI_B3_6N/CLK0N_B3|o_PAL_DB800_1_PD_R|output|NO
R4|IOBS_129_0|BANK3|DIFFI_B3_7N|o_PAL_CK440_OE_N_R|output|NO
T4|IOBS_133_0|BANK3|DIFFI_B3_8N|o_LED1_N|output|NO
V2|IOBS_135_0|BANK3|DIFFI_B3_9N|o_LED2_N|output|NO
V4|IOBS_139_0|BANK3|DIFFI_B3_10N|o_PAL_THROTTLE_RISER1_R|output|NO
P6|IOBS_141_0|BANK3|DIFFI_B3_11N|o_PAL_RJ45_2_ACT_LED|output|NO
R5|IOBS_145_0|BANK3|DIFFI_B3_12N|o_RST_I2C13_MUX_N_R|output|NO
U5|IOBS_147_0|BANK3|DIFFI_B3_13N|o_PAL_LED_NIC_ACT_R|output|NO
N3|IOBS_102_0|BANK3|DIFFI_B3_0P|o_PAL_CPU0_I3C_SPD_SEL|output|NO
M6|IOBS_104_0|BANK3|DIFFI_B3_1P|o_LED6_N|output|NO
P3|IOBS_108_0|BANK3|DIFFI_B3_2P|o_LEAR_CPU0_UART1_TX|output|NO
R1|IOBS_110_0|BANK3|DIFFI_B3_3P|o_DB_UART_TX_R|output|NO
T1|IOBS_114_0|BANK3|DIFFI_B3_4P|o_P5V_USB2_LEFT_EAR_EN|output|NO
N5|IOBS_116_0|BANK3|DIFFI_B3_5P|o_LED5_N|output|NO
U1|IOBS_126_0|BANK3|DIFFI_B3_6P/CLK0P_B3|o_PAL_DB2000_1_OE_N_R|output|NO
R3|IOBS_128_0|BANK3|DIFFI_B3_7P|o_PAL_DB800_1_OE_N_R|output|NO
T3|IOBS_132_0|BANK3|DIFFI_B3_8P|o_LED3_N|output|NO
V1|IOBS_134_0|BANK3|DIFFI_B3_9P|o_PAL_RJ45_1_100M_LED|output|NO
V3|IOBS_138_0|BANK3|DIFFI_B3_10P|o_PAL_THROTTLE_RISER2_R|output|NO
P5|IOBS_140_0|BANK3|DIFFI_B3_11P|o_PAL_RST_TCM_N_R|output|NO
T5|IOBS_144_0|BANK3|DIFFI_B3_12P|o_RST_I2C3_MUX_N_R|output|NO
U4|IOBS_146_0|BANK3|DIFFI_B3_13P|o_PAL_UPD2_P3V3_EN_R|output|NO
J2|IOBS_54_0|BANK4|DIFFI_B4_0P|||
K5|IOBS_56_0|BANK4|DIFFI_B4_1P|o_PAL_BMC_UART1_RX|output|NO
K2|IOBS_60_0|BANK4|DIFFI_B4_2P|i_JACK_CPU0_D0_UART_SIN|input|NO
K6|IOBS_62_0|BANK4|DIFFI_B4_3P|||
L1|IOBS_66_0|BANK4|DIFFI_B4_4P/CLK0P_B4|o_CPU1_RISER2_9548_RST_N_R|output|NO
L3|IOBS_68_0|BANK4|DIFFI_B4_5P|o_JACK_CPU0_UART1_TX|output|NO
M1|IOBS_84_0|BANK4|DIFFI_B4_6P|o_CPLD_M_S_SGPIO1_MISO_R|output|NO
M3|IOBS_86_0|BANK4|DIFFI_B4_7P|io_BMC_I2C3_PAL_S_SDA1_R|inout|NO
L5|IOBS_90_0|BANK4|DIFFI_B4_8P|o_PAL_RISER1_SS_LD_N|output|NO
L6|IOBS_92_0|BANK4|DIFFI_B4_9P|i_SW_8|input|NO
N1|IOBS_96_0|BANK4|DIFFI_B4_10P|o_CPU_MCIO5_GPU_THROTTLE_N_R|output|NO
P1|IOBS_98_0|BANK4|DIFFI_B4_11P|o_CPU_MCIO3_GPU_THROTTLE_N_R|output|NO
J1|IOBS_55_0|BANK4|DIFFI_B4_0N|||
K4|IOBS_57_0|BANK4|DIFFI_B4_1N|i_CPU0_D0_UART1_TX|input|NO
K1|IOBS_61_0|BANK4|DIFFI_B4_2N|||
K7|IOBS_63_0|BANK4|DIFFI_B4_3N|||
L2|IOBS_67_0|BANK4|DIFFI_B4_4N/CLK0N_B4|i_CPLD_M_S_SGPIO_MOSI|input|NO
L4|IOBS_69_0|BANK4|DIFFI_B4_5N|||
M2|IOBS_85_0|BANK4|DIFFI_B4_6N|io_CPU1_D0_I2C1_PE_STRAP_SDA|inout|NO
M4|IOBS_87_0|BANK4|DIFFI_B4_7N|||
M5|IOBS_91_0|BANK4|DIFFI_B4_8N|o_PAL_SPI_SELECT_R|output|NO
L7|IOBS_93_0|BANK4|DIFFI_B4_9N|o_CPU0_RISER1_9548_RST_N_R|output|NO
N2|IOBS_97_0|BANK4|DIFFI_B4_10N|i_SW_6|input|NO
P2|IOBS_99_0|BANK4|DIFFI_B4_11N|o_CPU_MCIO2_GPU_THROTTLE_N_R|output|NO
F5|IOBS_20_0|BANK5|DIFFI_B5_5P|||
F4|IOBS_24_0|BANK5|DIFFI_B5_6P|||
H6|IOBS_26_0|BANK5|DIFFI_B5_7P|||
E2|IOBS_30_0|BANK5|DIFFI_B5_8P/CLK0P_B5|o_PAL_UART4_OCP_DEBUG_TX|output|NO
F2|IOBS_32_0|BANK5|DIFFI_B5_9P|||
G4|IOBS_36_0|BANK5|DIFFI_B5_10P|||
H3|IOBS_38_0|BANK5|DIFFI_B5_11P|||
G2|IOBS_42_0|BANK5|DIFFI_B5_12P|i_PAL_BMC_UART4_TX|input|NO
J6|IOBS_44_0|BANK5|DIFFI_B5_13P|||
H2|IOBS_48_0|BANK5|DIFFI_B5_14P|o_CPU0_D0_UART_SIN|output|NO
J4|IOBS_50_0|BANK5|DIFFI_B5_15P|||
C3|IOBS_7_0|BANK5|DIFFI_B5_0N|||
G6|IOBS_9_0|BANK5|DIFFI_B5_1N|||
C1|IOBS_13_0|BANK5|DIFFI_B5_2N/PLL0_CLKFB_N|||
E3|IOBS_15_0|BANK5|DIFFI_B5_3N|||
D1|IOBS_19_0|BANK5|DIFFI_B5_4N/PLL0_CLKIN_N|||
G5|IOBS_21_0|BANK5|DIFFI_B5_5N|||
F3|IOBS_25_0|BANK5|DIFFI_B5_6N|||
H7|IOBS_27_0|BANK5|DIFFI_B5_7N|||
E1|IOBS_31_0|BANK5|DIFFI_B5_8N/CLK0N_B5|||
F1|IOBS_33_0|BANK5|DIFFI_B5_9N|||
G3|IOBS_37_0|BANK5|DIFFI_B5_10N|||
H4|IOBS_39_0|BANK5|DIFFI_B5_11N|||
G1|IOBS_43_0|BANK5|DIFFI_B5_12N|||
J5|IOBS_45_0|BANK5|DIFFI_B5_13N|||
H1|IOBS_49_0|BANK5|DIFFI_B5_14N|||
J3|IOBS_51_0|BANK5|DIFFI_B5_15N|||
C4|IOBS_6_0|BANK5|DIFFI_B5_0P|||
F6|IOBS_8_0|BANK5|DIFFI_B5_1P|||
C2|IOBS_12_0|BANK5|DIFFI_B5_2P/PLL0_CLKFB_P|||
E4|IOBS_14_0|BANK5|DIFFI_B5_3P|||
D2|IOBS_18_0|BANK5|DIFFI_B5_4P/PLL0_CLKIN_P|||
