#Build: Fabric Compiler 2024.2-SP1.2, Build 187561, May 22 18:16 2025
#Install: C:\studyware\pango\PDS_2024.2-SP1.2-ads\bin
#Application name: pds_shell.exe
#OS: Windows 10 10.0.18363
#Hostname: z02665mj
Generated by Fabric Compiler (version 2024.2-SP1.2 build 187561) at Wed Feb 11 17:37:56 2026
Parameters for debugging are loaded as follows:
Compiling verification operator library.
Compiling common defs.
Compiling prim grid devices.
Compiling place grid timing.
Compiling gate devices.
Compiling gate operators.
Building architecture model.
Loading device packaging model.
Building architecture floorplan logic view.
Elaborate the liberty model.
I: Multithreading enabled for Timing using a maximum of 4 processes.

Routing started.
Build routing arch for double attribute device.
Enter timing driven router mode.
I: Multithreading enabled for route using a maximum of 1 processes.
W: Route-4027: Cannot find permit_rougth_thru_units.json file in working directory.
Building routing graph takes 0.70 sec.
Enable Recovery Analysis in Routing
Init coarse delay table.
Read place coarse delay table takes 0.05 sec.
build place dedicate switch graph takes 0.20 sec
Setup STE netlist take 623 msec.
Slack Weight : 90
CE/RS signal series limit : 500
Dispose control chain take 85 msec.
Collect const net info take 25 msec.
Total nets for routing: 2883.
Total loads for routing: 13541.
Direct connect net size: 1173
Build all design net take 293 msec.
Processing design graph takes 1.03 sec.
Delay table total memory: 4.79386520 MB
Route graph total memory: 11.12904358 MB
Route design total memory: 4.18499374 MB
The remaining process takes 0.13 sec.
Stage: after context initialize | Performance: TNS = 0 ; WNS = 9928 ; THS = NA ; WHS = NA | Time (s): real = 0h:0m:6s ; cpu = 0h:0m:4s ; process = 0h:0m:5s | Memory (MB): curr = 351.507813 ; peak = 373.824219 | Checksum: F1B87097B6105B11
Global routing takes 0.00 sec.
Pin Cost Increasing Speed 300
Unrouted clock nets at iteration 0 (0.009 sec): 0
Stage: after clock route | Performance: TNS = 0 ; WNS = 9928 ; THS = NA ; WHS = NA | Time (s): real = 0h:0m:6s ; cpu = 0h:0m:4s ; process = 0h:0m:5s | Memory (MB): curr = 352.554688 ; peak = 373.824219 | Checksum: E8ECF51EEEE1D6D9
Total route nets size: 2876
I: Start printing congestion info.
I: Finish printing congestion info.
Pre route takes 2.226 sec
Stage: after pre route | Performance: TNS = 0 ; WNS = 10879 ; THS = 0 ; WHS = 257 | Time (s): real = 0h:0m:9s ; cpu = 0h:0m:4s ; process = 0h:0m:7s | Memory (MB): curr = 409.445313 ; peak = 414.910156 | Checksum: 448785688FDEDE88
Unrouted general nets at iteration 2 (MT total route time: 1.373 sec): 2462(overused: 13663)
Unrouted general nets at iteration 3 (MT total route time: 0.815 sec): 2095(overused: 8593)
Unrouted general nets at iteration 4 (MT total route time: 0.503 sec): 1849(overused: 6693)
Unrouted general nets at iteration 5 (MT total route time: 0.394 sec): 1646(overused: 5332)
Unrouted general nets at iteration 6 (MT total route time: 0.322 sec): 1499(overused: 4581)
Unrouted general nets at iteration 7 (MT total route time: 0.218 sec): 1056(overused: 3354)
Unrouted general nets at iteration 8 (MT total route time: 0.289 sec): 820(overused: 2158)
Unrouted general nets at iteration 9 (MT total route time: 0.124 sec): 644(overused: 1622)
Unrouted general nets at iteration 10 (MT total route time: 0.080 sec): 511(overused: 1209)
Unrouted general nets at iteration 11 (MT total route time: 0.065 sec): 405(overused: 921)
Unrouted general nets at iteration 12 (MT total route time: 0.062 sec): 340(overused: 734)
Unrouted general nets at iteration 13 (MT total route time: 0.058 sec): 271(overused: 653)
Unrouted general nets at iteration 14 (MT total route time: 0.071 sec): 221(overused: 488)
Unrouted general nets at iteration 15 (MT total route time: 0.045 sec): 193(overused: 382)
Unrouted general nets at iteration 16 (MT total route time: 0.035 sec): 164(overused: 352)
Unrouted general nets at iteration 17 (MT total route time: 0.032 sec): 138(overused: 269)
Unrouted general nets at iteration 18 (MT total route time: 0.026 sec): 117(overused: 234)
Unrouted general nets at iteration 19 (MT total route time: 0.022 sec): 90(overused: 174)
Unrouted general nets at iteration 20 (MT total route time: 0.019 sec): 77(overused: 116)
Unrouted general nets at iteration 21 (MT total route time: 0.017 sec): 68(overused: 118)
Unrouted general nets at iteration 22 (MT total route time: 0.014 sec): 67(overused: 116)
Unrouted general nets at iteration 23 (MT total route time: 0.017 sec): 75(overused: 120)
Unrouted general nets at iteration 24 (MT total route time: 0.018 sec): 60(overused: 108)
Unrouted general nets at iteration 25 (MT total route time: 0.016 sec): 52(overused: 90)
Unrouted general nets at iteration 26 (MT total route time: 0.018 sec): 54(overused: 92)
Unrouted general nets at iteration 27 (MT total route time: 0.022 sec): 50(overused: 82)
Unrouted general nets at iteration 28 (MT total route time: 0.023 sec): 39(overused: 74)
Unrouted general nets at iteration 29 (MT total route time: 0.016 sec): 28(overused: 52)
Unrouted general nets at iteration 30 (MT total route time: 0.010 sec): 24(overused: 48)
Unrouted general nets at iteration 31 (MT total route time: 0.019 sec): 23(overused: 38)
Unrouted general nets at iteration 32 (MT total route time: 0.012 sec): 20(overused: 30)
Unrouted general nets at iteration 33 (MT total route time: 0.011 sec): 21(overused: 40)
Unrouted general nets at iteration 34 (MT total route time: 0.012 sec): 21(overused: 48)
Unrouted general nets at iteration 35 (MT total route time: 0.010 sec): 15(overused: 26)
Unrouted general nets at iteration 36 (MT total route time: 0.013 sec): 21(overused: 38)
Unrouted general nets at iteration 37 (MT total route time: 0.010 sec): 20(overused: 26)
Unrouted general nets at iteration 38 (MT total route time: 0.009 sec): 13(overused: 16)
Unrouted general nets at iteration 39 (MT total route time: 0.010 sec): 9(overused: 12)
Unrouted general nets at iteration 40 (MT total route time: 0.008 sec): 6(overused: 8)
Unrouted general nets at iteration 41 (MT total route time: 0.008 sec): 5(overused: 8)
Unrouted general nets at iteration 42 (MT total route time: 0.008 sec): 4(overused: 6)
Unrouted general nets at iteration 43 (MT total route time: 0.007 sec): 4(overused: 6)
Unrouted general nets at iteration 44 (MT total route time: 0.008 sec): 4(overused: 6)
Unrouted general nets at iteration 45 (MT total route time: 0.007 sec): 2(overused: 2)
Unrouted general nets at iteration 46 (MT total route time: 0.007 sec): 2(overused: 4)
Unrouted general nets at iteration 47 (MT total route time: 0.007 sec): 0(overused: 0)
----General net take 0.008 sec(route net take 0.000 sec, inc cost take 0.003 sec, iter times: 1)
----const net route take 0.008 sec
Unrouted nets at iteration 48 (0.017 sec): 0
Stage: after detail route | Performance: TNS = 0 ; WNS = 9794 ; THS = NA ; WHS = NA | Time (s): real = 0h:0m:14s ; cpu = 0h:0m:5s ; process = 0h:0m:12s | Memory (MB): curr = 417.535156 ; peak = 417.964844 | Checksum: 619EF20E3A0588A0
Begin rip-up and reroute:
Rip-up and reroute takes 0.12 sec.
Stage: after ripup & reroute | Performance: TNS = 0 ; WNS = 9789 ; THS = NA ; WHS = NA | Time (s): real = 0h:0m:14s ; cpu = 0h:0m:5s ; process = 0h:0m:12s | Memory (MB): curr = 421.710938 ; peak = 421.757813 | Checksum: C96082E4CD164CFA
Detailed routing takes 7.94 sec.
I: Design net nt_i_CLK_PAL_IN_25M is routed by general path.
C: Route-2036: The clock path from i_CLK_PAL_IN_25M_ibuf/opit_1:OUT to pll_inst/u_pll_e2/goppllinmuxd:CLK_IN[0] is routed by SRB.
Sort Original Nets take 0.002 sec
Check HPIO div result take 0.000 sec
Total net: 2883, route succeed net: 2883
Generate routing result take 0.006 sec
Handle PERMUX permutation take 0.116 sec
Handle const net take 0.009 sec
Handle route through take 0.033 sec
Used SRB routing arc is 22658.
Stage: after finish route | Performance: TNS = 0 ; WNS = 9789 ; THS = NA ; WHS = NA | Time (s): real = 0h:0m:15s ; cpu = 0h:0m:5s ; process = 0h:0m:12s | Memory (MB): curr = 397.750000 ; peak = 421.757813 | Checksum: 5B1CEBC66552C23E
Finish routing takes 0.24 sec.
Total routing takes 10.15 sec.


Device Utilization Summary :
+----------------------------------------------------------------------------+
| Device Type                      | Used     | Available     | Util(%)     
+----------------------------------------------------------------------------+
| CLMA                             | 359      | 592           | 61          
| + FF                             | 762      | 3552          | 22          
| + LUT                            | 1020     | 2368          | 44          
|   + LUT as Logic                 | 845      |               |             
|   + LUT as Const                 | 163      |               |             
|   + LUT as Bypass                | 12       |               |             
| CLMS                             | 510      | 888           | 58          
| + FF                             | 1179     | 5328          | 23          
| + LUT                            | 1366     | 3552          | 39          
|   + LUT as Logic                 | 1217     |               |             
|   + LUT as Memory                | 0        |               |             
|     + LUT as Distributed RAM     | 0        |               |             
|   + LUT as Const                 | 125      |               |             
|   + LUT as Bypass                | 24       |               |             
| IO                               | 284      | 336           | 85          
| + IOBD                           | 21       | 21            | 100         
| + IOBR                           | 30       | 42            | 72          
| + IOBS                           | 233      | 273           | 86          
| BKCL                             | 6        | 6             | 100         
| CCS                              | 1        | 1             | 100         
| CLKDIV                           | 0        | 4             | 0           
| CLKDLY                           | 0        | 8             | 0           
| DLL                              | 0        | 2             | 0           
| DRM                              | 0        | 26            | 0           
| HARD0N1                          | 146      | 936           | 16          
| IOCKBRG                          | 0        | 2             | 0           
| IOCKGATE                         | 0        | 4             | 0           
| + IOCKGATE as Bypass             | 0        |               |             
| IOLDLYS                          | 132      | 252           | 53          
| IOLDLY                           | 47       | 84            | 56          
| IOL                              | 284      | 336           | 85          
| ISERDES                          | 0        | 21            | 0           
| LDO                              | 0        | 2             | 0           
| OSC                              | 0        | 1             | 0           
| OSERDES                          | 0        | 21            | 0           
| PLLINMUXD                        | 1        | 2             | 50          
| + PLLINMUXD as Bypass            | 0        |               |             
| PLL                              | 1        | 2             | 50          
| USCMDC                           | 2        | 8             | 25          
| + USCMDC as Bypass               | 0        |               |             
| USCMD                            | 0        | 2             | 0           
| + USCMD as Bypass                | 0        |               |             
| USSMBUF                          | 0        | 8             | 0           
| + USSMBUF as Bypass              | 0        |               |             
+----------------------------------------------------------------------------+

Finished routing. (CPU time elapsed 0h:00m:11s)
Design 'Tieta_Feiteng_1001_top' has been routed successfully.
Saving design to DB.
Action route: Export DB successfully.
Action route: Real time elapsed is 0h:0m:16s
Action route: CPU time elapsed is 0h:0m:12s
Action route: Process CPU time elapsed is 0h:0m:13s
Action route: Peak memory pool usage is 421 MB

Current time: Wed Feb 11 17:38:10 2026
