B15|IOBS_0_157|BANK0|DIFFIO_B0_13N/SPAL_D1|i_BMC_RESERVE_12|input|YES
B14|IOBS_0_151|BANK0|DIFFIO_B0_15N|i_BMC_RESERVE_18|input|YES
B13|IOBS_0_145|BANK0|DIFFIO_B0_17N|i_BMC_RESERVE_17|input|YES
B12|IOBS_0_121|BANK0|DIFFIO_B0_19N|i_BMC_RESERVE_15|input|YES
A20|IOBS_0_223|BANK0|DIFFIO_B0_1N/SPAL_CLK|o_PAL_CPU0_PLL_P1V8_EN_R|output|YES
D16|IOBS_0_211|BANK0|DIFFIO_B0_3N/SPAL_D15|i_PAL_CPU0_PLL_P1V8_PG|input|YES
B18|IOBS_0_205|BANK0|DIFFIO_B0_5N/SPAL_D11|o_CPLD_M_S_EXCHANGE_S4_R|output|YES
C16|IOBS_0_199|BANK0|DIFFIO_B0_7N/SPAL_D7|i_PAL_CPU0_DDR_VDD_PG|input|YES
B17|IOBS_0_187|BANK0|DIFFIO_B0_9N/SPAL_D3|o_CPLD_M_S_EXCHANGE_S5_R|output|YES
B16|IOBS_0_181|BANK0|DIFFIO_B0_11N|i_BMC_RESERVE_11|input|YES
A9|IOBS_0_91|BANK0|DIFFIO_B0_25N|i_PAL_DB_GPIO3_R|input|YES
A8|IOBS_0_85|BANK0|DIFFIO_B0_27N|i_PAL_DB_GPIO2_R|input|YES
A7|IOBS_0_79|BANK0|DIFFIO_B0_29N|i_PAL_DB_GPIO0_R|input|YES
A6|IOBS_0_61|BANK0|DIFFIO_B0_31N|i_PAL_DB_PRSNT_N_R|input|YES
A5|IOBS_0_55|BANK0|DIFFIO_B0_33N|||
A4|IOBS_0_49|BANK0|DIFFIO_B0_35N|i_PAL_DB_GPIO5_R|input|YES
A3|IOBS_0_37|BANK0|DIFFIO_B0_37N|i_PAL_DB_ON_N_R|input|YES
A2|IOBS_0_31|BANK0|DIFFIO_B0_39N|||
A1|IOBS_0_25|BANK0|DIFFIO_B0_41N|o_PAL_RST_CPU1_VPP_N_R|output|YES
A11|IOBS_0_115|BANK0|DIFFIO_B0_21N|i_PAL_DPLL_GPIO3_R|input|YES
A10|IOBS_0_109|BANK0|DIFFIO_B0_23N/CLK1N_B0|i_PAL_DPLL_GPIO2_R|input|YES
A12|IOBD_0_120|BANK0|DIFFIO_B0_19P|i_PAL_DPLL_RRSNT_R|input|YES
B19|IOBD_0_222|BANK0|DIFFIO_B0_1P/SPAL_CS_N|o_PAL_CPU0_P1V8_EN_R|output|YES
E15|IOBD_0_210|BANK0|DIFFIO_B0_3P/SPAL_D14|i_PAL_CPU0_P1V8_PG|input|YES
A18|IOBD_0_204|BANK0|DIFFIO_B0_5P/SPAL_D10|o_PAL_CPU0_DDR_VDD_EN_R|output|YES
C15|IOBD_0_198|BANK0|DIFFIO_B0_7P/SPAL_D6|i_BMC_RESERVE_3|input|YES
A17|IOBD_0_186|BANK0|DIFFIO_B0_9P/SPAL_D2|o_PAL_P12V_RISER1_VIN_EN_R|output|YES
A16|IOBD_0_180|BANK0|DIFFIO_B0_11P|o_PAL_DPLL_GPIO1_R|output|YES
B6|IOBD_0_60|BANK0|DIFFIO_B0_31P|i_PAL_BMCUID_BUTTON_R|input|YES
B5|IOBD_0_54|BANK0|DIFFIO_B0_33P|o_PAL_WX1860_NRST_R|output|YES
B4|IOBD_0_48|BANK0|DIFFIO_B0_35P|o_PAL_VCC_1V1_EN_R|output|YES
B3|IOBD_0_36|BANK0|DIFFIO_B0_37P|io_BMC_I2C9_PAL_M_SDA1_R|inout|YES
B2|IOBD_0_30|BANK0|DIFFIO_B0_39P|i_BMC_I2C9_PAL_M_SCL1_R|input|YES
B1|IOBD_0_24|BANK0|DIFFIO_B0_41P|i_PAL_PGD_88SE9230_P1V8|input|YES
B9|IOBD_0_90|BANK0|DIFFIO_B0_25P|o_PAL_CPU0_D1_VP_0V9_EN|output|YES
B8|IOBD_0_84|BANK0|DIFFIO_B0_27P|i_PAL_DPLL_GPIO5_R|input|YES
B7|IOBD_0_78|BANK0|DIFFIO_B0_29P|i_PAL_DB_GPIO4_R|input|YES
A15|IOBD_0_156|BANK0|DIFFIO_B0_13P/SPAL_D0|o_PAL_BMC_SRST_R|output|YES
A14|IOBD_0_150|BANK0|DIFFIO_B0_15P|o_PAL_DPLL_GPIO0_R|output|YES
F8|IOBS_0_57|BANK0|DIFFI_B0_32N|i_BMC_RESERVE_4|input|YES
D7|IOBS_0_51|BANK0|DIFFI_B0_34N|i_PAL_DB_GPIO1_R|input|YES
E7|IOBS_0_39|BANK0|DIFFI_B0_36N|i_BMC_RESERVE_5|input|YES
D5|IOBS_0_33|BANK0|DIFFI_B0_38N|o_PAL_WX1860_PERST_R|output|YES
F7|IOBS_0_27|BANK0|DIFFI_B0_40N|i_FAN_TACH_0_D|input|YES
C7|IOBS_0_63|BANK0|DIFFI_B0_30N/TDI|||
C8|IOBS_0_87|BANK0|DIFFI_B0_26N|o_PAL_P5V_STBY_EN_R|output|YES
F9|IOBS_0_81|BANK0|DIFFI_B0_28N|i_PAL_BP2_AUX_PG|input|YES
D9|IOBS_0_93|BANK0|DIFFI_B0_24N/TMS|||
F10|IOBS_0_111|BANK0|DIFFI_B0_22N|i_PAL_BP2_CPU_1P2P|input|YES
F14|IOBS_0_213|BANK0|DIFFI_B0_2N/SPAL_RDWR_N|i_BMC_RESERVE_10|input|YES
D15|IOBS_0_207|BANK0|DIFFI_B0_4N/SPAL_D13|i_CPLD_M_S_SGPIO_MISO|input|YES
F13|IOBS_0_201|BANK0|DIFFI_B0_6N/SPAL_D9|i_PAL_P12V_FAN0_PG|input|YES
D14|IOBS_0_189|BANK0|DIFFI_B0_8N/SPAL_D5|o_CPLD_M_S_SGPIO_CLK_R|output|YES
F12|IOBS_0_183|BANK0|DIFFI_B0_10N|i_PAL_BMC_INT_N|input|YES
D10|IOBS_0_116|BANK0|DIFFI_B0_20P|o_PAL_DPLL_INIT_R|output|YES
C9|IOBS_0_92|BANK0|DIFFI_B0_24P/TCK|||
D12|IOBS_0_152|BANK0|DIFFI_B0_14P/EFB_STR|i_CPLD_M_S_SGPIO1_MISO|input|YES
G11|IOBS_0_146|BANK0|DIFFI_B0_16P|||
C17|IOBS_0_224|BANK0|DIFFI_B0_0P/INIT_FLAG_N|||
D11|IOBS_0_123|BANK0|DIFFI_B0_18N/SDA/CLK0N_B0|||
C12|IOBS_0_153|BANK0|DIFFI_B0_14N/EFB_CLK|i_PAL_REAT_BP_EFUSE_PG|input|YES
F11|IOBS_0_147|BANK0|DIFFI_B0_16N/EFB_D|i_BMC_RESERVE_13|input|YES
D13|IOBS_0_159|BANK0|DIFFI_B0_12N/RSTN|||
C13|IOBS_0_158|BANK0|DIFFI_B0_12P/JTAGEN|||
C11|IOBS_0_122|BANK0|DIFFI_B0_18P/SCL/CLK0P_B0|||
G8|IOBS_0_56|BANK0|DIFFI_B0_32P|||
C6|IOBS_0_50|BANK0|DIFFI_B0_34P|i_FAN_TACH_1_D|input|YES
D6|IOBS_0_38|BANK0|DIFFI_B0_36P|i_BMC_RESERVE_2|input|YES
E6|IOBS_0_32|BANK0|DIFFI_B0_38P|i_PAL_PS1_SMB_ALERT_TO_FPGA|input|YES
G7|IOBS_0_26|BANK0|DIFFI_B0_40P|i_FAN0_PRSNT_N|input|YES
G14|IOBS_0_212|BANK0|DIFFI_B0_2P/SPAL_BUSY|i_TPM_MODULE_PRSNT_N|input|YES
E14|IOBS_0_206|BANK0|DIFFI_B0_4P/SPAL_D12|i_PAL_P5V_STBY_PGD|input|YES
G13|IOBS_0_200|BANK0|DIFFI_B0_6P/SPAL_D8|i_BMC_RESERVE_16|input|YES
C14|IOBS_0_188|BANK0|DIFFI_B0_8P/SPAL_D4|i_PAL_P12V_FAN0_FLTB|input|YES
G12|IOBS_0_182|BANK0|DIFFI_B0_10P|||
G10|IOBS_0_110|BANK0|DIFFI_B0_22P|||
A19|IOBS_0_225|BANK0|DIFFI_B0_0N/CFG_DONE|||
D8|IOBS_0_86|BANK0|DIFFI_B0_26P|i_PAL_DPLL_GPIO4_R|input|YES
G9|IOBS_0_80|BANK0|DIFFI_B0_28P|||
E8|IOBS_0_62|BANK0|DIFFI_B0_30P/TDO|||
C10|IOBS_0_117|BANK0|DIFFI_B0_20N|o_PAL_DPLL_RESET_R|output|YES
A13|IOBD_0_144|BANK0|DIFFIO_B0_17P|o_PAL_P12V_RISER2_VIN_EN_R|output|YES
B11|IOBD_0_114|BANK0|DIFFIO_B0_21P|i_BMC_RESERVE_14|input|YES
B10|IOBD_0_108|BANK0|DIFFIO_B0_23P/CLK1P_B0|i_SMB_PEHP_CPU0_3V3_ALERT_N|input|YES
F20|IOBS_37_246|BANK1|DIFFI_B1_10N|||
J15|IOBS_39_246|BANK1|DIFFI_B1_11N|i_FRONT_PAL_INTRUDER|input|YES
H17|IOBS_43_246|BANK1|DIFFI_B1_12N|i_PAL_PS1_ACFAIL|input|YES
G20|IOBS_45_246|BANK1|DIFFI_B1_13N|o_PAL_REAT_BP_EFUSE_EN_R|output|YES
H19|IOBS_49_246|BANK1|DIFFI_B1_14N|i_PAL_CPU0_VDD_VCORE_P0V8_PG|input|YES
H20|IOBS_51_246|BANK1|DIFFI_B1_15N|o_PAL_UPD_VCC_3V3_EN_R|output|YES
J16|IOBS_55_246|BANK1|DIFFI_B1_16N|i_PAL_PS2_ACFAIL|input|YES
K15|IOBS_57_246|BANK1|DIFFI_B1_17N|i_PAL_CPU0_D1_VPH_1V8_PG|input|YES
J20|IOBS_61_246|BANK1|DIFFI_B1_18N|o_PAL_CPU0_VDDQ_EN_R|output|YES
K18|IOBS_63_246|BANK1|DIFFI_B1_19N|i_PAL_P12V_CPU0_VIN_FLTB|input|YES
K20|IOBS_67_246|BANK1|DIFFI_B1_20N/CLKON_B1|o_PAL_PS1_P12V_ON_R|output|YES
L17|IOBS_69_246|BANK1|DIFFI_B1_21N|i_FAN1_PRSNT_N|input|YES
L20|IOBS_85_246|BANK1|DIFFI_B1_22N|o_CPU0_PE3_RST_N_R|output|YES
L15|IOBS_87_246|BANK1|DIFFI_B1_23N|i_PAL_PS2_DCOK|input|YES
M19|IOBS_91_246|BANK1|DIFFI_B1_24N|o_PAL_FAN_FAIL_LED0_R|output|YES
M18|IOBS_93_246|BANK1|DIFFI_B1_25N|i_FAN_TACH_2_D|input|YES
N20|IOBS_97_246|BANK1|DIFFI_B1_26N|o_PAL_FAN_NRML_LED1_R|output|YES
N19|IOBS_99_246|BANK1|DIFFI_B1_27N|i_PAL_CPU0_D0_VPH_1V8_PG|input|YES
N17|IOBS_103_246|BANK1|DIFFI_B1_28N|o_PAL_CPU0_D0_VP_0V9_EN|output|YES
P19|IOBS_105_246|BANK1|DIFFI_B1_29N|o_PAL_P12V_FAN1_EN_R|output|YES
R20|IOBS_109_246|BANK1|DIFFI_B1_30N|o_PAL_FAN_NRML_LED0_R|output|YES
M14|IOBS_111_246|BANK1|DIFFI_B1_31N|o_PAL_RISER2_SWITCH_EN|output|YES
R19|IOBS_115_246|BANK1|DIFFI_B1_32N|i_FAN2_PRSNT_N|input|YES
T19|IOBS_117_246|BANK1|DIFFI_B1_33N|i_FAN_TACH_5_D|input|YES
P17|IOBS_127_246|BANK1|DIFFI_B1_34N|i_PAL_CPU0_D0_VP_0V9_PG|input|YES
U19|IOBS_129_246|BANK1|DIFFI_B1_35N|i_PAL_P12V_FAN2_FLTB|input|YES
P16|IOBS_133_246|BANK1|DIFFI_B1_36N|o_PAL_CPU0_D1_VPH_1V8_EN|output|YES
N14|IOBS_135_246|BANK1|DIFFI_B1_37N|i_PAL_88SE9230_WAKE_N|input|YES
U18|IOBS_139_246|BANK1|DIFFI_B1_38N|o_CPU0_PE2_RST_N_R|output|YES
R16|IOBS_141_246|BANK1|DIFFI_B1_39N|i_PAL_BP1_AUX_PG|input|YES
T17|IOBS_145_246|BANK1|DIFFI_B1_40N|o_P1V8_STBY_CPLD_EN_R|output|YES
V17|IOBS_147_246|BANK1|DIFFI_B1_41N|i_PAL_TMP1_ALERT_N|input|YES
D17|IOBS_6_246|BANK1|DIFFI_B1_0P/PLL1_CLKFB_P|i_PAL_BP1_CPU_1P2P|input|YES
F15|IOBS_8_246|BANK1|DIFFI_B1_1P|o_CPLD_M_S_SGPIO_MOSI_R|output|YES
C19|IOBS_12_246|BANK1|DIFFI_B1_2P/PLL1_CLKIN_P|o_CPLD_M_S_EXCHANGE_S1_R|output|YES
F16|IOBS_14_246|BANK1|DIFFI_B1_3P|o_CPLD_M_S_SGPIO1_LD_N_R|output|YES
B20|IOBS_18_246|BANK1|DIFFI_B1_4P|o_PAL_P12V_FAN0_EN_R|output|YES
H14|IOBS_20_246|BANK1|DIFFI_B1_5P|||
D19|IOBS_24_246|BANK1|DIFFI_B1_6P|o_CPLD_M_S_SGPIO1_MOSI_R|output|YES
D20|IOBS_26_246|BANK1|DIFFI_B1_7P|i_MNG_GPIO_0_PCIE_R|input|YES
G16|IOBS_30_246|BANK1|DIFFI_B1_8P|i_PAL_REAT_BP_EFUSE_OC|input|YES
G17|IOBS_32_246|BANK1|DIFFI_B1_9P|i_CPU0_VR_ALERT_N_R|input|YES
F19|IOBS_36_246|BANK1|DIFFI_B1_10P|i_PAL_CPU0_DIMM_PWRGD_F|input|YES
J14|IOBS_38_246|BANK1|DIFFI_B1_11P|||
G19|IOBS_42_246|BANK1|DIFFI_B1_12P|o_PAL_PVCC_HPMOS_CPU_EN_R|output|YES
H16|IOBS_44_246|BANK1|DIFFI_B1_13P|i_PAL_USB_UPD1_OCI1B|input|YES
H18|IOBS_48_246|BANK1|DIFFI_B1_14P|o_PAL_CPU0_VDD_CORE_EN_R|output|YES
J17|IOBS_50_246|BANK1|DIFFI_B1_15P|i_P1V8_STBY_CPLD_PG|input|YES
J18|IOBS_54_246|BANK1|DIFFI_B1_16P|i_PAL_CPU0_VDDQ_P1V1_PG|input|YES
K14|IOBS_56_246|BANK1|DIFFI_B1_17P|||
J19|IOBS_60_246|BANK1|DIFFI_B1_18P|o_PAL_CPU0_VR8_RESET_R|output|YES
K17|IOBS_62_246|BANK1|DIFFI_B1_19P|i_CPU0_VR8_CAT_FLT|input|YES
K19|IOBS_66_246|BANK1|DIFFI_B1_20P/CLKOP_B1|i_CLK_PAL_IN_25M|input|YES
K16|IOBS_68_246|BANK1|DIFFI_B1_21P|i_PAL_P12V_CPU0_VIN_PG|input|YES
L19|IOBS_84_246|BANK1|DIFFI_B1_22P|io_PAL_BP1_PWR_ON_R|inout|YES
L14|IOBS_86_246|BANK1|DIFFI_B1_23P|||
M20|IOBS_90_246|BANK1|DIFFI_B1_24P|o_PAL_CPU0_VR_SELECT_N_R|output|YES
L16|IOBS_92_246|BANK1|DIFFI_B1_25P|i_FAN_TACH_3_D|input|YES
M17|IOBS_96_246|BANK1|DIFFI_B1_26P|i_PAL_PS2_SMB_ALERT_TO_FPGA|input|YES
M16|IOBS_98_246|BANK1|DIFFI_B1_27P|i_PAL_P12V_FAN1_PG|input|YES
N18|IOBS_102_246|BANK1|DIFFI_B1_28P|o_PAL_P12V_CPU0_VIN_EN_R|output|YES
P20|IOBS_104_246|BANK1|DIFFI_B1_29P|o_PAL_FAN1_PWM_R|output|YES
P18|IOBS_108_246|BANK1|DIFFI_B1_30P|o_PAL_FAN_FAIL_LED1_R|output|YES
M15|IOBS_110_246|BANK1|DIFFI_B1_31P|i_PAL_CPU0_TMP_ALERT_N|input|YES
N16|IOBS_114_246|BANK1|DIFFI_B1_32P|o_PAL_CPU0_D0_VPH_1V8_EN|output|YES
T20|IOBS_116_246|BANK1|DIFFI_B1_33P|||
U20|IOBS_126_246|BANK1|DIFFI_B1_34P|o_PAL_RISER1_PWR_EN_R|output|YES
T18|IOBS_128_246|BANK1|DIFFI_B1_35P|o_PAL_FAN0_PWM_R|output|YES
V20|IOBS_132_246|BANK1|DIFFI_B1_36P|o_BIOS1_RST_N_R|output|YES
N15|IOBS_134_246|BANK1|DIFFI_B1_37P|i_PAL_RTC_INTB|input|YES
R17|IOBS_138_246|BANK1|DIFFI_B1_38P|i_FAN_TACH_4_D|input|YES
P15|IOBS_140_246|BANK1|DIFFI_B1_39P|i_PAL_BP1_PRSNT_N|input|YES
V19|IOBS_144_246|BANK1|DIFFI_B1_40P|o_PAL_P12V_FAN2_EN_R|output|YES
U17|IOBS_146_246|BANK1|DIFFI_B1_41P|i_PAL_P12V_FAN2_PG|input|YES
C18|IOBS_7_246|BANK1|DIFFI_B1_0N/PLL1_CLKFB_N|i_INTRUDER_CABLE_INST_N|input|YES
G15|IOBS_9_246|BANK1|DIFFI_B1_1N|i_BMC_RESERVE_9|input|YES
E17|IOBS_13_246|BANK1|DIFFI_B1_2N/PLL1_CLKIN_N|i_CPLD_M_S_EXCHANGE_S2_R|input|YES
D18|IOBS_15_246|BANK1|DIFFI_B1_3N/MFG_TEST_OUT|o_CPLD_M_S_EXCHANGE_S3_R|output|YES
C20|IOBS_19_246|BANK1|DIFFI_B1_4N|o_P5V_USB_MB_DOWN_EN_R|output|YES
H15|IOBS_21_246|BANK1|DIFFI_B1_5N|i_PAL_USB_UPD1_OCI2B|input|YES
F17|IOBS_25_246|BANK1|DIFFI_B1_6N|i_PAL_PS2_PRSNT|input|YES
E19|IOBS_27_246|BANK1|DIFFI_B1_7N|o_CPLD_M_S_SGPIO1_CLK_R|output|YES
F18|IOBS_31_246|BANK1|DIFFI_B1_8N|o_CPLD_M_S_SGPIO_LD_N_R|output|YES
E20|IOBS_33_246|BANK1|DIFFI_B1_9N|o_P5V_USB_MB_UP_EN_R|output|YES
W11|IOBS_156_115|BANK2|DIFFI_B2_21N|i_CPU0_D0_PEU_PREST_3_N_R|input|YES
V10|IOBS_156_111|BANK2|DIFFI_B2_22N|i_CPU1_BOARD_TEMP_OVER_R|input|YES
W10|IOBS_156_109|BANK2|DIFFI_B2_23N|o_CPU1_D0_SE_RECOVERY_R|output|YES
R10|IOBS_156_93|BANK2|DIFFI_B2_24N|i_CPU0_D0_BIOS_OVER|input|YES
Y9|IOBS_156_91|BANK2|DIFFI_B2_25N/CLK0N_B2|i_CPU1_D0_PEU_PREST_1_N_R|input|YES
T9|IOBS_156_87|BANK2|DIFFI_B2_26N|i_CPU1_D0_BIOS_OVER|input|YES
Y8|IOBS_156_85|BANK2|DIFFI_B2_27N|||
U9|IOBS_156_81|BANK2|DIFFI_B2_28N|i_CPU0_D0_CRU_RST_OK|input|YES
Y7|IOBS_156_79|BANK2|DIFFI_B2_29N|i_CPU0_D0_GPIO_PORT10_R|input|YES
R9|IOBS_156_63|BANK2|DIFFI_B2_30N|||
T10|IOBS_156_117|BANK2|DIFFI_B2_20N|||
R14|IOBS_156_213|BANK2|DIFFI_B2_2N|||
W19|IOBS_156_211|BANK2|DIFFI_B2_3N|i_CPU0_D1_PEU_PREST_1_N_R|input|YES
U15|IOBS_156_207|BANK2|DIFFI_B2_4N|i_CPU0_BOARD_TEMP_OVER_R|input|YES
W18|IOBS_156_205|BANK2|DIFFI_B2_5N|i_PAL_CPU0_VR_PMALT_R|input|YES
V16|IOBS_156_201|BANK2|DIFFI_B2_6N|||
U14|IOBS_156_199|BANK2|DIFFI_B2_7N|i_CPU0_D0_GPIO_PORT2_R|input|YES
R13|IOBS_156_189|BANK2|DIFFI_B2_8N|||
W17|IOBS_156_187|BANK2|DIFFI_B2_9N|o_PAL_CPU0_NVME_ALERT_N_R|output|YES
T13|IOBS_156_183|BANK2|DIFFI_B2_10N|i_CPU0_D0_PCIE_RST|input|YES
W16|IOBS_156_181|BANK2|DIFFI_B2_11N|o_CPU1_D0123_SOCKET_ID_R|output|YES
R12|IOBS_156_159|BANK2|DIFFI_B2_12N|i_CPU0_D1_CRU_RST_OK|input|YES
W15|IOBS_156_157|BANK2|DIFFI_B2_13N|i_CPU0_D0_GPIO_PORT0_R|input|YES
T11|IOBS_156_153|BANK2|DIFFI_B2_14N|i_CPU0_D0_GPIO_PORT9_R|input|YES
W14|IOBS_156_151|BANK2|DIFFI_B2_15N|i_CPU0_D0_GPIO_PORT1_R|input|YES
V13|IOBS_156_147|BANK2|DIFFI_B2_16N|i_CPU0_D0_GPIO_PORT4_R|input|YES
W13|IOBS_156_145|BANK2|DIFFI_B2_17N|i_CPU0_D0_GPIO_PORT6_R|input|YES
R11|IOBS_156_123|BANK2|DIFFI_B2_18N|o_CPU0_D0_SOFT_SHUTDOWN_INT_N|output|YES
W12|IOBS_156_121|BANK2|DIFFI_B2_19N/CLK1N_B2|o_CPU0_D0_SE_RECOVERY_R|output|YES
R15|IOBS_156_225|BANK2|DIFFI_B2_0N|||
Y2|IOBS_156_31|BANK2|DIFFI_B2_39N|o_CPU1_D1_SE_RECOVERY_R|output|YES
T6|IOBS_156_27|BANK2|DIFFI_B2_40N|i_CPU1_D0_MEMORY_POWER_INT_N|input|YES
Y1|IOBS_156_25|BANK2|DIFFI_B2_41N|o_CPU0_I2C_TRAN_EN_R|output|YES
T8|IOBS_156_57|BANK2|DIFFI_B2_32N|o_CPU1_D0_SOFT_SHUTDOWN_INT_N|output|YES
Y5|IOBS_156_55|BANK2|DIFFI_B2_33N|||
R8|IOBS_156_51|BANK2|DIFFI_B2_34N|||
Y4|IOBS_156_49|BANK2|DIFFI_B2_35N|i_CPU1_D1_PEU_PREST_0_N_R|input|YES
U6|IOBS_156_39|BANK2|DIFFI_B2_36N|o_PAL_CPU1_NVME_ALERT_N_R|output|YES
Y3|IOBS_156_37|BANK2|DIFFI_B2_37N|i_CPU1_D1_PEU_PREST_2_N_R|input|YES
R7|IOBS_156_33|BANK2|DIFFI_B2_38N|i_CPU1_D0_DOWN_GPIO8_RST_N|input|YES
Y6|IOBS_156_61|BANK2|DIFFI_B2_31N/MISO_SO|||
W20|IOBS_156_223|BANK2|DIFFI_B2_1N/MOSI_SI|||
P14|IOBR_156_212|BANK2|DIFFI_B2_2P|||
Y19|IOBR_156_210|BANK2|DIFFI_B2_3P|i_CPU0_D1_PEU_PREST_3_N_R|input|YES
T14|IOBR_156_206|BANK2|DIFFI_B2_4P|o_CPU0_D1_SE_RECOVERY_R|output|YES
Y18|IOBR_156_204|BANK2|DIFFI_B2_5P|||
V15|IOBR_156_200|BANK2|DIFFI_B2_6P|i_CPU0_D1_PEU_PREST_2_N_R|input|YES
V14|IOBR_156_198|BANK2|DIFFI_B2_7P|i_CPU1_D0_PEU_PREST_2_N_R|input|YES
P13|IOBR_156_188|BANK2|DIFFI_B2_8P|i_CPU01_TIMER_FORCE_START|input|YES
Y17|IOBR_156_186|BANK2|DIFFI_B2_9P|i_CPU0_D1_PEU_PREST_0_N_R|input|YES
T12|IOBR_156_182|BANK2|DIFFI_B2_10P|i_CPU0_D0_MEMORY_POWER_INT_N|input|YES
Y16|IOBR_156_180|BANK2|DIFFI_B2_11P|i_CPU1_D0_PEU_PREST_3_N_R|input|YES
P12|IOBR_156_158|BANK2|DIFFI_B2_12P|i_CPU0_D1_PCIE_RST|input|YES
Y15|IOBR_156_156|BANK2|DIFFI_B2_13P|i_CPU0_D0_GPIO_PORT3_R|input|YES
U12|IOBR_156_152|BANK2|DIFFI_B2_14P|i_CPU0_D0_PEU_PREST_1_N_R|input|YES
Y14|IOBR_156_150|BANK2|DIFFI_B2_15P|i_CPU0_D0_GPIO_PORT5_R|input|YES
V12|IOBR_156_146|BANK2|DIFFI_B2_16P|||
Y13|IOBR_156_144|BANK2|DIFFI_B2_17P|i_CPU0_D0_PWR_CTR0_R|input|YES
P11|IOBR_156_122|BANK2|DIFFI_B2_18P|i_CPU0_D0_DOWN_GPIO8_RST_N|input|YES
Y12|IOBR_156_120|BANK2|DIFFI_B2_19P/CLK1P_B2|i_CPU0_D0_PEU_PREST_2_N_R|input|YES
U11|IOBR_156_116|BANK2|DIFFI_B2_20P|i_CPU0_D0_PWR_CTR1_R|input|YES
Y11|IOBR_156_114|BANK2|DIFFI_B2_21P|o_CPU0_D0123_SOCKET_ID_R|output|YES
U10|IOBR_156_110|BANK2|DIFFI_B2_22P|i_CPU0_D0_PEU_PREST_0_N_R|input|YES
Y10|IOBR_156_108|BANK2|DIFFI_B2_23P|i_CPU1_D0_PEU_PREST_0_N_R|input|YES
P10|IOBR_156_92|BANK2|DIFFI_B2_24P|||
W9|IOBR_156_90|BANK2|DIFFI_B2_25P/CLK0P_B2|||
V9|IOBR_156_86|BANK2|DIFFI_B2_26P|o_CPU1_POR_N_R|output|YES
W8|IOBR_156_84|BANK2|DIFFI_B2_27P|||
V8|IOBR_156_80|BANK2|DIFFI_B2_28P|i_PAL_CPU1_VR_PMALT_R|input|YES
W7|IOBR_156_78|BANK2|DIFFI_B2_29P|i_CPU0_D0_GPIO_PORT7_R|input|YES
P9|IOBR_156_62|BANK2|DIFFI_B2_30P|||
Y20|IOBR_156_222|BANK2|DIFFI_B2_1P/FCSI_N|||
T16|IOBR_156_224|BANK2|DIFFI_B2_0P|o_CPU0_POR_N_R|output|YES
R6|IOBR_156_26|BANK2|DIFFI_B2_40P|i_CPU1_D0_CRU_RST_OK|input|YES
W1|IOBR_156_24|BANK2|DIFFI_B2_41P|o_CPU1_I2C_TRAN_EN_R|output|YES
W2|IOBR_156_30|BANK2|DIFFI_B2_39P/FCS_N|||
T7|IOBR_156_56|BANK2|DIFFI_B2_32P|i_CPU1_D1_PCIE_RST|input|YES
W5|IOBR_156_54|BANK2|DIFFI_B2_33P|i_CPU1_D1_PEU_PREST_3_N_R|input|YES
P8|IOBR_156_50|BANK2|DIFFI_B2_34P|||
W4|IOBR_156_48|BANK2|DIFFI_B2_35P|i_CPU1_D1_PEU_PREST_1_N_R|input|YES
V6|IOBR_156_38|BANK2|DIFFI_B2_36P|i_CPU1_D1_CRU_RST_OK|input|YES
W3|IOBR_156_36|BANK2|DIFFI_B2_37P|||
P7|IOBR_156_32|BANK2|DIFFI_B2_38P|i_CPU1_D0_PCIE_RST|input|YES
W6|IOBR_156_60|BANK2|DIFFI_B2_31P/CFG_CLK|||
N4|IOBS_103_0|BANK3|DIFFI_B3_0N|i_PAL_PGD_P12V_DROOP|input|YES
M7|IOBS_105_0|BANK3|DIFFI_B3_1N|i_PAL_PS1_PRSNT|input|YES
P4|IOBS_109_0|BANK3|DIFFI_B3_2N|i_PAL_PGD_P12V_STBY_DROOP|input|YES
R2|IOBS_111_0|BANK3|DIFFI_B3_3N|i_PAL_CPU1_PLL_P1V8_PG|input|YES
T2|IOBS_115_0|BANK3|DIFFI_B3_4N|o_PAL_CPU1_D0_VP_0V9_EN|output|YES
N6|IOBS_117_0|BANK3|DIFFI_B3_5N|||
U2|IOBS_127_0|BANK3|DIFFI_B3_6N/CLK0N_B3|i_PAL_P3V3_STBY_PGD|input|YES
R4|IOBS_129_0|BANK3|DIFFI_B3_7N|i_PAL_CPU1_P1V8_PG|input|YES
T4|IOBS_133_0|BANK3|DIFFI_B3_8N|i_PAL_CPU1_D0_VP_0V9_PG|input|YES
V2|IOBS_135_0|BANK3|DIFFI_B3_9N|i_PAL_CPU1_VDD_VCORE_P0V8_PG|input|YES
V4|IOBS_139_0|BANK3|DIFFI_B3_10N|o_PAL_CPU1_D1_VP_0V9_EN|output|YES
P6|IOBS_141_0|BANK3|DIFFI_B3_11N|||
R5|IOBS_145_0|BANK3|DIFFI_B3_12N|o_PAL_RTC_SELECT_N|output|YES
U5|IOBS_147_0|BANK3|DIFFI_B3_13N|i_PAL_CPU1_D1_VP_0V9_PG|input|YES
N3|IOBS_102_0|BANK3|DIFFI_B3_0P|i_FAN3_PRSNT_N|input|YES
M6|IOBS_104_0|BANK3|DIFFI_B3_1P|i_PAL_UPD72020_VCC_ALART|input|YES
P3|IOBS_108_0|BANK3|DIFFI_B3_2P|i_PAL_P12V_CPU1_VIN_FLTB|input|YES
R1|IOBS_110_0|BANK3|DIFFI_B3_3P|o_PAL_RST_CPU0_VPP_N_R|output|YES
T1|IOBS_114_0|BANK3|DIFFI_B3_4P|o_CK440_SS_EN_R|output|YES
N5|IOBS_116_0|BANK3|DIFFI_B3_5P|||
U1|IOBS_126_0|BANK3|DIFFI_B3_6P/CLK0P_B3|io_PAL_BP2_PWR_ON_R|inout|YES
R3|IOBS_128_0|BANK3|DIFFI_B3_7P|i_PAL_CPU1_DDR_VDD_PG|input|YES
T3|IOBS_132_0|BANK3|DIFFI_B3_8P|o_PAL_CPU1_D0_VPH_1V8_EN|output|YES
V1|IOBS_134_0|BANK3|DIFFI_B3_9P|o_BIOS0_RST_N_R|output|YES
V3|IOBS_138_0|BANK3|DIFFI_B3_10P|i_PAL_CPU1_VDDQ_P1V1_PG|input|YES
P5|IOBS_140_0|BANK3|DIFFI_B3_11P|i_SMB_PEHP_CPU1_3V3_ALERT_N|input|YES
T5|IOBS_144_0|BANK3|DIFFI_B3_12P|i_PAL_CPU1_D0_VPH_1V8_PG|input|YES
U4|IOBS_146_0|BANK3|DIFFI_B3_13P|i_CPU1_VR8_CAT_FLT|input|YES
J2|IOBS_54_0|BANK4|DIFFI_B4_0P|o_PAL_SYS_EEPROM_BYPASS_N_R|output|YES
K5|IOBS_56_0|BANK4|DIFFI_B4_1P|i_PAL_CPU1_DIMM_PWRGD_F|input|YES
K2|IOBS_60_0|BANK4|DIFFI_B4_2P|o_PAL_FAN_FAIL_LED3_R|output|YES
K6|IOBS_62_0|BANK4|DIFFI_B4_3P|||
L1|IOBS_66_0|BANK4|DIFFI_B4_4P/CLK0P_B4|o_PAL_P12V_DISCHARGE_R|output|YES
L3|IOBS_68_0|BANK4|DIFFI_B4_5P|o_PAL_P3V3_STBY_RST_R|output|YES
M1|IOBS_84_0|BANK4|DIFFI_B4_6P|o_PAL_P12V_CPU1_VIN_EN_R|output|YES
M3|IOBS_86_0|BANK4|DIFFI_B4_7P|i_FAN_TACH_6_D|input|YES
L5|IOBS_90_0|BANK4|DIFFI_B4_8P|i_PAL_CPU0_D1_VP_0V9_PG|input|YES
L6|IOBS_92_0|BANK4|DIFFI_B4_9P|i_PAL_PS1_DCOK|input|YES
N1|IOBS_96_0|BANK4|DIFFI_B4_10P|o_CPU1_PE2_RST_N_R|output|YES
P1|IOBS_98_0|BANK4|DIFFI_B4_11P|o_CPU1_PE1_RST_N_R|output|YES
J1|IOBS_55_0|BANK4|DIFFI_B4_0N|o_PAL_FAN_NRML_LED3_R|output|YES
K4|IOBS_57_0|BANK4|DIFFI_B4_1N|o_PAL_CPU1_VDDQ_EN_R|output|YES
K1|IOBS_61_0|BANK4|DIFFI_B4_2N|o_PAL_88SE9230_RST_N_R|output|YES
K7|IOBS_63_0|BANK4|DIFFI_B4_3N|||
L2|IOBS_67_0|BANK4|DIFFI_B4_4N/CLK0N_B4|o_PAL_CK440_PWRDN_N_R|output|YES
L4|IOBS_69_0|BANK4|DIFFI_B4_5N|o_PAL_CPU1_P1V8_EN_R|output|YES
M2|IOBS_85_0|BANK4|DIFFI_B4_6N|i_PAL_P12V_FAN3_PG|input|YES
M4|IOBS_87_0|BANK4|DIFFI_B4_7N|i_PAL_P12V_FAN3_FLTB|input|YES
M5|IOBS_91_0|BANK4|DIFFI_B4_8N|||
L7|IOBS_93_0|BANK4|DIFFI_B4_9N|i_PAL_P12V_FAN1_FLTB|input|YES
N2|IOBS_97_0|BANK4|DIFFI_B4_10N|i_FAN_TACH_7_D|input|YES
P2|IOBS_99_0|BANK4|DIFFI_B4_11N|i_PAL_P12V_CPU1_VIN_PG|input|YES
F5|IOBS_20_0|BANK5|DIFFI_B5_5P|i_PAL_TMP3_ALERT_N|input|YES
F4|IOBS_24_0|BANK5|DIFFI_B5_6P|i_BMC_RESERVE_1|input|YES
H6|IOBS_26_0|BANK5|DIFFI_B5_7P|i_BMC_RESERVE_6|input|YES
E2|IOBS_30_0|BANK5|DIFFI_B5_8P/CLK0P_B5|o_PAL_CPU1_DDR_VDD_EN_R|output|YES
F2|IOBS_32_0|BANK5|DIFFI_B5_9P|o_PAL_CPU1_VR_SELECT_N_R|output|YES
G4|IOBS_36_0|BANK5|DIFFI_B5_10P|i_BMC_RESERVE_0|input|YES
H3|IOBS_38_0|BANK5|DIFFI_B5_11P|o_PAL_CPU1_VDD_CORE_EN_R|output|YES
G2|IOBS_42_0|BANK5|DIFFI_B5_12P|o_PAL_FAN3_PWM_R|output|YES
J6|IOBS_44_0|BANK5|DIFFI_B5_13P|i_PAL_BP2_PRSNT_N|input|YES
H2|IOBS_48_0|BANK5|DIFFI_B5_14P|o_PAL_FAN_FAIL_LED2_R|output|YES
J4|IOBS_50_0|BANK5|DIFFI_B5_15P|i_PAL_CPU1_TMP_ALERT_N|input|YES
C3|IOBS_7_0|BANK5|DIFFI_B5_0N|o_PAL_PS2_P12V_ON_R|output|YES
G6|IOBS_9_0|BANK5|DIFFI_B5_1N|i_PAL_TMP2_ALERT_N|input|YES
C1|IOBS_13_0|BANK5|DIFFI_B5_2N/PLL0_CLKFB_N|o_PWR_88SE9230_P1V8_EN_R|output|YES
E3|IOBS_15_0|BANK5|DIFFI_B5_3N|o_PAL_PWR_LOM_EN_R|output|YES
D1|IOBS_19_0|BANK5|DIFFI_B5_4N/PLL0_CLKIN_N|o_PAL_CPU1_PLL_P1V8_EN_R|output|YES
G5|IOBS_21_0|BANK5|DIFFI_B5_5N|i_PAL_BMC_CARD_PRSNT_N|input|YES
F3|IOBS_25_0|BANK5|DIFFI_B5_6N|o_PAL_CPU1_D1_VPH_1V8_EN|output|YES
H7|IOBS_27_0|BANK5|DIFFI_B5_7N|i_PAL_VCC_1V1_PG|input|YES
E1|IOBS_31_0|BANK5|DIFFI_B5_8N/CLK0N_B5|o_PAL_P12V_FAN3_EN_R|output|YES
F1|IOBS_33_0|BANK5|DIFFI_B5_9N|o_PAL_RISER2_PWR_EN_R|output|YES
G3|IOBS_37_0|BANK5|DIFFI_B5_10N|i_PAL_CPU1_D1_VPH_1V8_PG|input|YES
H4|IOBS_39_0|BANK5|DIFFI_B5_11N|i_BMC_RESERVE_19|input|YES
G1|IOBS_43_0|BANK5|DIFFI_B5_12N|o_PAL_FAN2_PWM_R|output|YES
J5|IOBS_45_0|BANK5|DIFFI_B5_13N|i_BMC_RESERVE_8|input|YES
H1|IOBS_49_0|BANK5|DIFFI_B5_14N|o_PAL_FAN_NRML_LED2_R|output|YES
J3|IOBS_51_0|BANK5|DIFFI_B5_15N|o_PAL_CPU1_VR8_RESET_R|output|YES
C4|IOBS_6_0|BANK5|DIFFI_B5_0P|o_PWR_88SE9230_P1V0_EN_R|output|YES
F6|IOBS_8_0|BANK5|DIFFI_B5_1P|i_PAL_PGD_88SE9230_VDD1V0|input|YES
C2|IOBS_12_0|BANK5|DIFFI_B5_2P/PLL0_CLKFB_P|o_PAL_BMC_PERST_N_R|output|YES
E4|IOBS_14_0|BANK5|DIFFI_B5_3P|i_BMC_RESERVE_7|input|YES
D2|IOBS_18_0|BANK5|DIFFI_B5_4P/PLL0_CLKIN_P|i_CPU1_VR_ALERT_N_R|input|YES
