#Build: Fabric Compiler 2024.2-SP1.2, Build 187561, May 22 18:16 2025
#Install: C:\studyware\pango\PDS_2024.2-SP1.2-ads\bin
#Application name: pds_shell.exe
#OS: Windows 10 10.0.18363
#Hostname: z02665mj
Generated by Fabric Compiler (version 2024.2-SP1.2 build 187561) at Tue Feb 10 16:31:35 2026
Parameters for debugging are loaded as follows:
Compiling verification operator library.
Compiling common defs.
Compiling prim grid devices.
Compiling place grid timing.
Compiling gate devices.
Compiling gate operators.
Building architecture model.
Loading device packaging model.
Reading design from pnr DB.
Start Report Post-PnR timing.
Elaborate the liberty model.
I: Multithreading enabled for Timing using a maximum of 4 processes.
Constructing timing graph ...
Timing graph has been constructed successfully
C: STA-3009: The clock clk_25m is not connected to any clock endpoints,it will be treated as a normal port or pin.
W: Timing-4087: Port 'io_BMC_I2C3_PAL_S_SDA1_R' is not constrained, it is treated as combinational output.
W: Timing-4086: Port 'io_CPU0_D0_I2C1_PE_STRAP_SDA' is not constrained, it is treated as combinational input.
W: Timing-4087: Port 'io_CPU0_D0_I2C1_PE_STRAP_SDA' is not constrained, it is treated as combinational output.
W: Timing-4087: Port 'io_CPU1_D0_I2C1_PE_STRAP_SDA' is not constrained, it is treated as combinational output.
W: Timing-4086: Port 'io_MCIO_PWR_EN0_R' is not constrained, it is treated as combinational input.
W: Timing-4087: Port 'io_MCIO_PWR_EN0_R' is not constrained, it is treated as combinational output.
W: Timing-4086: Port 'io_MCIO_PWR_EN2_R' is not constrained, it is treated as combinational input.
W: Timing-4087: Port 'io_MCIO_PWR_EN2_R' is not constrained, it is treated as combinational output.
W: Timing-4086: Port 'io_MCIO_PWR_EN3_R' is not constrained, it is treated as combinational input.
W: Timing-4087: Port 'io_MCIO_PWR_EN3_R' is not constrained, it is treated as combinational output.
W: Timing-4086: Port 'io_MCIO_PWR_EN5_R' is not constrained, it is treated as combinational input.
W: Timing-4087: Port 'io_MCIO_PWR_EN5_R' is not constrained, it is treated as combinational output.
W: Timing-4086: Port 'io_MCIO_PWR_EN7_R' is not constrained, it is treated as combinational input.
W: Timing-4087: Port 'io_MCIO_PWR_EN7_R' is not constrained, it is treated as combinational output.
W: Timing-4086: Port 'io_MCIO_PWR_EN8_R' is not constrained, it is treated as combinational input.
W: Timing-4087: Port 'io_MCIO_PWR_EN8_R' is not constrained, it is treated as combinational output.
W: Timing-4087: Port 'o_CPLD_M_S_EXCHANGE_S2' is not constrained, it is treated as combinational output.
W: Timing-4087: Port 'o_CPLD_M_S_SGPIO1_MISO_R' is not constrained, it is treated as combinational output.
W: Timing-4087: Port 'o_CPLD_M_S_SGPIO_MISO_R' is not constrained, it is treated as combinational output.
W: Timing-4087: Port 'o_CPU0_D0_UART1_RX' is not constrained, it is treated as combinational output.
W: Timing-4087: Port 'o_CPU0_D0_UART_SIN' is not constrained, it is treated as combinational output.
W: Timing-4087: Port 'o_CPU0_D1_UART1_RX' is not constrained, it is treated as combinational output.
W: Timing-4087: Port 'o_CPU0_RISER1_9548_RST_N_R' is not constrained, it is treated as combinational output.
W: Timing-4087: Port 'o_CPU1_D0_UART1_RX' is not constrained, it is treated as combinational output.
W: Timing-4087: Port 'o_CPU1_D0_UART_SIN' is not constrained, it is treated as combinational output.
W: Timing-4087: Port 'o_CPU1_D1_UART1_RX' is not constrained, it is treated as combinational output.
W: Timing-4087: Port 'o_CPU1_RISER2_9548_RST_N_R' is not constrained, it is treated as combinational output.
W: Timing-4087: Port 'o_CPU_MCIO0_GPU_THROTTLE_N_R' is not constrained, it is treated as combinational output.
W: Timing-4087: Port 'o_CPU_MCIO2_GPU_THROTTLE_N_R' is not constrained, it is treated as combinational output.
W: Timing-4087: Port 'o_CPU_MCIO3_GPU_THROTTLE_N_R' is not constrained, it is treated as combinational output.
W: Timing-4087: Port 'o_CPU_MCIO5_GPU_THROTTLE_N_R' is not constrained, it is treated as combinational output.
W: Timing-4087: Port 'o_CPU_MCIO7_GPU_THROTTLE_N_R' is not constrained, it is treated as combinational output.
W: Timing-4087: Port 'o_CPU_MCIO8_GPU_THROTTLE_N_R' is not constrained, it is treated as combinational output.
W: Timing-4087: Port 'o_DB9_TOD_UART_TX' is not constrained, it is treated as combinational output.
W: Timing-4087: Port 'o_DBG_CPU0_UART1_TX_CONN_R' is not constrained, it is treated as combinational output.
W: Timing-4087: Port 'o_DBG_PAL_BMC_UART1_TX_CONN_R' is not constrained, it is treated as combinational output.
W: Timing-4087: Port 'o_DB_UART_TX_R' is not constrained, it is treated as combinational output.
W: Timing-4087: Port 'o_JACK_CPU0_D0_UART_SOUT' is not constrained, it is treated as combinational output.
W: Timing-4087: Port 'o_JACK_CPU0_UART1_TX' is not constrained, it is treated as combinational output.
W: Timing-4087: Port 'o_JACK_CPU1_D0_UART_SOUT' is not constrained, it is treated as combinational output.
W: Timing-4087: Port 'o_JACK_CPU1_UART1_TX' is not constrained, it is treated as combinational output.
W: Timing-4087: Port 'o_LEAR_CPU0_UART1_TX' is not constrained, it is treated as combinational output.
W: Timing-4087: Port 'o_LED1_N' is not constrained, it is treated as combinational output.
W: Timing-4087: Port 'o_LED2_N' is not constrained, it is treated as combinational output.
W: Timing-4087: Port 'o_LED3_N' is not constrained, it is treated as combinational output.
W: Timing-4087: Port 'o_LED4_N' is not constrained, it is treated as combinational output.
W: Timing-4087: Port 'o_LED5_N' is not constrained, it is treated as combinational output.
W: Timing-4087: Port 'o_LED6_N' is not constrained, it is treated as combinational output.
W: Timing-4087: Port 'o_LED7_N' is not constrained, it is treated as combinational output.
W: Timing-4087: Port 'o_LED8_N' is not constrained, it is treated as combinational output.
W: Timing-4087: Port 'o_MCIO11_RISER1_PERST2_N' is not constrained, it is treated as combinational output.
W: Timing-4087: Port 'o_N0_100M' is not constrained, it is treated as combinational output.
W: Timing-4087: Port 'o_N0_1000M' is not constrained, it is treated as combinational output.
W: Timing-4087: Port 'o_N0_ACT' is not constrained, it is treated as combinational output.
W: Timing-4087: Port 'o_N1_100M' is not constrained, it is treated as combinational output.
W: Timing-4087: Port 'o_N1_1000M' is not constrained, it is treated as combinational output.
W: Timing-4087: Port 'o_N1_ACT' is not constrained, it is treated as combinational output.
W: Timing-4087: Port 'o_P5V_USB2_EN' is not constrained, it is treated as combinational output.
W: Timing-4087: Port 'o_PAL_BMC_SS_CLK' is not constrained, it is treated as combinational output.
W: Timing-4087: Port 'o_PAL_BMC_SS_DATA_OUT' is not constrained, it is treated as combinational output.
W: Timing-4087: Port 'o_PAL_BMC_SS_LOAD_N' is not constrained, it is treated as combinational output.
W: Timing-4087: Port 'o_PAL_BMC_UART1_RX' is not constrained, it is treated as combinational output.
W: Timing-4087: Port 'o_PAL_BMC_UART4_RX' is not constrained, it is treated as combinational output.
W: Timing-4087: Port 'o_PAL_CK440_OE_N_R' is not constrained, it is treated as combinational output.
W: Timing-4087: Port 'o_PAL_CPU0_I3C_SPD_SEL' is not constrained, it is treated as combinational output.
W: Timing-4087: Port 'o_PAL_CPU1_I3C_SPD_SEL' is not constrained, it is treated as combinational output.
W: Timing-4087: Port 'o_PAL_DB800_1_OE_N_R' is not constrained, it is treated as combinational output.
W: Timing-4087: Port 'o_PAL_DB800_1_PD_R' is not constrained, it is treated as combinational output.
W: Timing-4087: Port 'o_PAL_DB2000_1_OE_N_R' is not constrained, it is treated as combinational output.
W: Timing-4087: Port 'o_PAL_DB2000_1_PD_R' is not constrained, it is treated as combinational output.
W: Timing-4087: Port 'o_PAL_GPU1_EFUSE_EN_R' is not constrained, it is treated as combinational output.
W: Timing-4087: Port 'o_PAL_GPU2_EFUSE_EN_R' is not constrained, it is treated as combinational output.
W: Timing-4087: Port 'o_PAL_GPU3_EFUSE_EN_R' is not constrained, it is treated as combinational output.
W: Timing-4087: Port 'o_PAL_GPU4_EFUSE_EN_R' is not constrained, it is treated as combinational output.
W: Timing-4087: Port 'o_PAL_LED_HEL_GR_R' is not constrained, it is treated as combinational output.
W: Timing-4087: Port 'o_PAL_LED_HEL_RED_R' is not constrained, it is treated as combinational output.
W: Timing-4087: Port 'o_PAL_LED_PWRBTN_AMB_R' is not constrained, it is treated as combinational output.
W: Timing-4087: Port 'o_PAL_LED_PWRBTN_GR_R' is not constrained, it is treated as combinational output.
W: Timing-4087: Port 'o_PAL_LED_UID_R' is not constrained, it is treated as combinational output.
W: Timing-4087: Port 'o_PAL_M2_0_PERST_N_R' is not constrained, it is treated as combinational output.
W: Timing-4087: Port 'o_PAL_M2_1_PERST_N_R' is not constrained, it is treated as combinational output.
W: Timing-4087: Port 'o_PAL_M2_PWR_EN_R' is not constrained, it is treated as combinational output.
W: Timing-4087: Port 'o_PAL_OCP_NCSI_CLK_50M_R' is not constrained, it is treated as combinational output.
W: Timing-4087: Port 'o_PAL_OCP_NCSI_SW_EN_N_R' is not constrained, it is treated as combinational output.
W: Timing-4087: Port 'o_PAL_P1V1_STBY_EN_R' is not constrained, it is treated as combinational output.
W: Timing-4087: Port 'o_PAL_P12V_STBY_EFUSE_EN_R' is not constrained, it is treated as combinational output.
W: Timing-4087: Port 'o_PAL_RISER1_SLOT_PERST_N_R' is not constrained, it is treated as combinational output.
W: Timing-4087: Port 'o_PAL_RISER1_SS_CLK' is not constrained, it is treated as combinational output.
W: Timing-4087: Port 'o_PAL_RISER1_SS_LD_N' is not constrained, it is treated as combinational output.
W: Timing-4087: Port 'o_PAL_RISER2_SLOT_PERST_N_R' is not constrained, it is treated as combinational output.
W: Timing-4087: Port 'o_PAL_RISER2_SS_CLK' is not constrained, it is treated as combinational output.
W: Timing-4087: Port 'o_PAL_RISER2_SS_LD_N' is not constrained, it is treated as combinational output.
W: Timing-4087: Port 'o_PAL_RJ45_1_100M_LED' is not constrained, it is treated as combinational output.
W: Timing-4087: Port 'o_PAL_RJ45_1_1000M_LED' is not constrained, it is treated as combinational output.
W: Timing-4087: Port 'o_PAL_RJ45_1_ACT_LED' is not constrained, it is treated as combinational output.
W: Timing-4087: Port 'o_PAL_RJ45_2_100M_LED' is not constrained, it is treated as combinational output.
W: Timing-4087: Port 'o_PAL_RJ45_2_1000M_LED' is not constrained, it is treated as combinational output.
W: Timing-4087: Port 'o_PAL_RJ45_2_ACT_LED' is not constrained, it is treated as combinational output.
W: Timing-4087: Port 'o_PAL_RST_TCM_N_R' is not constrained, it is treated as combinational output.
W: Timing-4087: Port 'o_PAL_SPI_SELECT_R' is not constrained, it is treated as combinational output.
W: Timing-4087: Port 'o_PAL_SPI_SWITCH_EN_R' is not constrained, it is treated as combinational output.
W: Timing-4087: Port 'o_PAL_TEST_BAT_EN' is not constrained, it is treated as combinational output.
W: Timing-4087: Port 'o_PAL_THROTTLE_RISER1_R' is not constrained, it is treated as combinational output.
W: Timing-4087: Port 'o_PAL_THROTTLE_RISER2_R' is not constrained, it is treated as combinational output.
W: Timing-4087: Port 'o_PAL_UART4_OCP_DEBUG_TX' is not constrained, it is treated as combinational output.
W: Timing-4087: Port 'o_PAL_UPD1_P1V1_EN_R' is not constrained, it is treated as combinational output.
W: Timing-4087: Port 'o_PAL_UPD1_P3V3_EN_R' is not constrained, it is treated as combinational output.
W: Timing-4087: Port 'o_PAL_UPD1_PERST_N_R' is not constrained, it is treated as combinational output.
W: Timing-4087: Port 'o_PAL_UPD1_PONRST_N_R' is not constrained, it is treated as combinational output.
W: Timing-4087: Port 'o_PAL_UPD2_P1V1_EN_R' is not constrained, it is treated as combinational output.
W: Timing-4087: Port 'o_PAL_UPD2_P3V3_EN_R' is not constrained, it is treated as combinational output.
W: Timing-4087: Port 'o_PAL_UPD2_PERST_N_R' is not constrained, it is treated as combinational output.
W: Timing-4087: Port 'o_PAL_UPD2_PONRST_N_R' is not constrained, it is treated as combinational output.
W: Timing-4087: Port 'o_PAL_WX1860_NCSI_CLK_50M_R' is not constrained, it is treated as combinational output.
W: Timing-4087: Port 'o_PAL_WX1860_NCSI_SW_EN_N_R' is not constrained, it is treated as combinational output.
W: Timing-4087: Port 'o_RISER1_SELECT' is not constrained, it is treated as combinational output.
W: Timing-4087: Port 'o_RISER1_SWITCH_EN' is not constrained, it is treated as combinational output.
W: Timing-4087: Port 'o_RISER_AUX_TOD_UART1_TXD' is not constrained, it is treated as combinational output.
W: Timing-4087: Port 'o_RISER_AUX_TOD_UART2_TXD' is not constrained, it is treated as combinational output.
W: Timing-4087: Port 'o_RST_I2C1_MUX_N_R' is not constrained, it is treated as combinational output.
W: Timing-4087: Port 'o_RST_I2C2_MUX_N_R' is not constrained, it is treated as combinational output.
W: Timing-4087: Port 'o_RST_I2C3_MUX_N_R' is not constrained, it is treated as combinational output.
W: Timing-4087: Port 'o_RST_I2C4_1_MUX_N_R' is not constrained, it is treated as combinational output.
W: Timing-4087: Port 'o_RST_I2C4_2_MUX_N_R' is not constrained, it is treated as combinational output.
W: Timing-4087: Port 'o_RST_I2C5_MUX_N_R' is not constrained, it is treated as combinational output.
W: Timing-4087: Port 'o_RST_I2C12_MUX_N_R' is not constrained, it is treated as combinational output.
W: Timing-4087: Port 'o_RST_I2C13_MUX_N_R' is not constrained, it is treated as combinational output.
W: Timing-4087: Port 'o_RST_I2C_BMC_9548_MUX_N_R' is not constrained, it is treated as combinational output.
W: Timing-4087: Port 'o_Riser1_TOD_UART_TXD_R' is not constrained, it is treated as combinational output.
W: Timing-4087: Port 'o_Riser2_TOD_UART_TXD_R' is not constrained, it is treated as combinational output.
W: Timing-4087: Port 'o_UART0_CPU_LOG_TX' is not constrained, it is treated as combinational output.
W: Timing-4087: Port 'o_UART2_PAL_OCP_TX_R' is not constrained, it is treated as combinational output.
W: Timing-4087: Port 'o_USB2_SW_SEL_R' is not constrained, it is treated as combinational output.
W: Timing-4086: Port 'i_CHASSIS_ID0_N' is not constrained, it is treated as combinational input.
W: Timing-4086: Port 'i_CHASSIS_ID1_N' is not constrained, it is treated as combinational input.
W: Timing-4086: Port 'i_CPLD_M_S_EXCHANGE_S1' is not constrained, it is treated as combinational input.
W: Timing-4086: Port 'i_CPLD_M_S_SGPIO_CLK' is not constrained, it is treated as combinational input.
W: Timing-4086: Port 'i_CPLD_M_S_SGPIO_LD_N' is not constrained, it is treated as combinational input.
W: Timing-4086: Port 'i_CPLD_M_S_SGPIO_MOSI' is not constrained, it is treated as combinational input.
W: Timing-4086: Port 'i_CPU0_D0_I2C1_PE_STRAP_SCL' is not constrained, it is treated as combinational input.
W: Timing-4086: Port 'i_CPU0_D0_TEMP_OVER' is not constrained, it is treated as combinational input.
W: Timing-4086: Port 'i_CPU0_D0_UART1_TX' is not constrained, it is treated as combinational input.
W: Timing-4086: Port 'i_CPU0_D0_UART_SOUT' is not constrained, it is treated as combinational input.
W: Timing-4086: Port 'i_CPU0_D1_TEMP_OVER' is not constrained, it is treated as combinational input.
W: Timing-4086: Port 'i_CPU0_MCIO0_CABLE_ID0_R' is not constrained, it is treated as combinational input.
W: Timing-4086: Port 'i_CPU0_MCIO0_CABLE_ID1_R' is not constrained, it is treated as combinational input.
W: Timing-4086: Port 'i_CPU0_MCIO2_CABLE_ID0_R' is not constrained, it is treated as combinational input.
W: Timing-4086: Port 'i_CPU0_MCIO2_CABLE_ID1_R' is not constrained, it is treated as combinational input.
W: Timing-4086: Port 'i_CPU0_MCIO3_CABLE_ID0_R' is not constrained, it is treated as combinational input.
W: Timing-4086: Port 'i_CPU0_MCIO3_CABLE_ID1_R' is not constrained, it is treated as combinational input.
W: Timing-4086: Port 'i_CPU1_D0_TEMP_OVER' is not constrained, it is treated as combinational input.
W: Timing-4086: Port 'i_CPU1_D0_UART1_TX' is not constrained, it is treated as combinational input.
W: Timing-4086: Port 'i_CPU1_D0_UART_SOUT' is not constrained, it is treated as combinational input.
W: Timing-4086: Port 'i_CPU1_D1_TEMP_OVER' is not constrained, it is treated as combinational input.
W: Timing-4086: Port 'i_CPU1_MCIO0_CABLE_ID0_R' is not constrained, it is treated as combinational input.
W: Timing-4086: Port 'i_CPU1_MCIO0_CABLE_ID1_R' is not constrained, it is treated as combinational input.
W: Timing-4086: Port 'i_CPU1_MCIO2_CABLE_ID0_R' is not constrained, it is treated as combinational input.
W: Timing-4086: Port 'i_CPU1_MCIO2_CABLE_ID1_R' is not constrained, it is treated as combinational input.
W: Timing-4086: Port 'i_CPU1_MCIO3_CABLE_ID0_R' is not constrained, it is treated as combinational input.
W: Timing-4086: Port 'i_CPU1_MCIO3_CABLE_ID1_R' is not constrained, it is treated as combinational input.
W: Timing-4086: Port 'i_CPU_NVME0_PRSNT_N' is not constrained, it is treated as combinational input.
W: Timing-4086: Port 'i_CPU_NVME1_PRSNT_N' is not constrained, it is treated as combinational input.
W: Timing-4086: Port 'i_CPU_NVME4_PRSNT_N' is not constrained, it is treated as combinational input.
W: Timing-4086: Port 'i_CPU_NVME5_PRSNT_N' is not constrained, it is treated as combinational input.
W: Timing-4086: Port 'i_CPU_NVME6_PRSNT_N' is not constrained, it is treated as combinational input.
W: Timing-4086: Port 'i_CPU_NVME7_PRSNT_N' is not constrained, it is treated as combinational input.
W: Timing-4086: Port 'i_CPU_NVME10_PRSNT_N' is not constrained, it is treated as combinational input.
W: Timing-4086: Port 'i_CPU_NVME11_PRSNT_N' is not constrained, it is treated as combinational input.
W: Timing-4086: Port 'i_CPU_NVME14_PRSNT_N' is not constrained, it is treated as combinational input.
W: Timing-4086: Port 'i_CPU_NVME15_PRSNT_N' is not constrained, it is treated as combinational input.
W: Timing-4086: Port 'i_CPU_NVME16_PRSNT_N' is not constrained, it is treated as combinational input.
W: Timing-4086: Port 'i_CPU_NVME17_PRSNT_N' is not constrained, it is treated as combinational input.
W: Timing-4086: Port 'i_FAN_SNS_ALERT' is not constrained, it is treated as combinational input.
W: Timing-4086: Port 'i_JACK_CPU0_D0_UART_SIN' is not constrained, it is treated as combinational input.
W: Timing-4086: Port 'i_JACK_CPU0_UART1_RX' is not constrained, it is treated as combinational input.
W: Timing-4086: Port 'i_JACK_CPU1_D0_UART_SIN' is not constrained, it is treated as combinational input.
W: Timing-4086: Port 'i_JACK_CPU1_UART1_RX' is not constrained, it is treated as combinational input.
W: Timing-4086: Port 'i_MB_CB_RISER1_PRSNT0_N' is not constrained, it is treated as combinational input.
W: Timing-4086: Port 'i_MB_CB_RISER2_PRSNT0_N' is not constrained, it is treated as combinational input.
W: Timing-4086: Port 'i_P12V_STBY_SNS_ALERT' is not constrained, it is treated as combinational input.
W: Timing-4086: Port 'i_PAL_BMC_NCSI_CLK_50M_R' is not constrained, it is treated as combinational input.
W: Timing-4086: Port 'i_PAL_BMC_SS_DATA_IN' is not constrained, it is treated as combinational input.
W: Timing-4086: Port 'i_PAL_BMC_UART4_TX' is not constrained, it is treated as combinational input.
W: Timing-4086: Port 'i_PAL_EXT_RST_N' is not constrained, it is treated as combinational input.
W: Timing-4086: Port 'i_PAL_LOM_FAN_ON_AUX_R' is not constrained, it is treated as combinational input.
W: Timing-4086: Port 'i_PAL_M2_0_PRSNT_N' is not constrained, it is treated as combinational input.
W: Timing-4086: Port 'i_PAL_M2_1_PRSNT_N' is not constrained, it is treated as combinational input.
W: Timing-4086: Port 'i_PAL_PWR_SW_IN_N' is not constrained, it is treated as combinational input.
W: Timing-4086: Port 'i_PAL_RISER1_MODE_R' is not constrained, it is treated as combinational input.
W: Timing-4086: Port 'i_PAL_RISER1_WIDTH_R' is not constrained, it is treated as combinational input.
W: Timing-4086: Port 'i_PAL_RISER2_MODE_R' is not constrained, it is treated as combinational input.
W: Timing-4086: Port 'i_PAL_RISER2_PRSNT_N' is not constrained, it is treated as combinational input.
W: Timing-4086: Port 'i_PAL_RISER2_WIDTH_R' is not constrained, it is treated as combinational input.
W: Timing-4086: Port 'i_PAL_UART4_OCP_DEBUG_RX' is not constrained, it is treated as combinational input.
W: Timing-4086: Port 'i_PAL_UPD72020_1_ALART' is not constrained, it is treated as combinational input.
W: Timing-4086: Port 'i_PAL_UPD72020_2_ALART' is not constrained, it is treated as combinational input.
W: Timing-4086: Port 'i_PCA_REVISION_0' is not constrained, it is treated as combinational input.
W: Timing-4086: Port 'i_PCA_REVISION_1' is not constrained, it is treated as combinational input.
W: Timing-4086: Port 'i_PCA_REVISION_2' is not constrained, it is treated as combinational input.
W: Timing-4086: Port 'i_PCB_REVISION_0' is not constrained, it is treated as combinational input.
W: Timing-4086: Port 'i_PCB_REVISION_1' is not constrained, it is treated as combinational input.
W: Timing-4086: Port 'i_SW_1' is not constrained, it is treated as combinational input.
W: Timing-4086: Port 'i_SW_2' is not constrained, it is treated as combinational input.
W: Timing-4086: Port 'i_SW_3' is not constrained, it is treated as combinational input.
W: Timing-4086: Port 'i_SW_4' is not constrained, it is treated as combinational input.
W: Timing-4086: Port 'i_SW_5' is not constrained, it is treated as combinational input.
W: Timing-4086: Port 'i_SW_6' is not constrained, it is treated as combinational input.
W: Timing-4086: Port 'i_SW_7' is not constrained, it is treated as combinational input.
W: Timing-4086: Port 'i_SW_8' is not constrained, it is treated as combinational input.
Action report_timing: Export DB successfully.
Report timing is finished successfully.
Action report_timing: Real time elapsed is 0h:0m:5s
Action report_timing: CPU time elapsed is 0h:0m:3s
Action report_timing: Process CPU time elapsed is 0h:0m:4s
Action report_timing: Peak memory pool usage is 297 MB

Current time: Tue Feb 10 16:31:38 2026
