#Build: Fabric Compiler 2024.2-SP1.2, Build 187561, May 22 18:16 2025
#Install: C:\studyware\pango\PDS_2024.2-SP1.2-ads\bin
#Application name: pds_shell.exe
#OS: Windows 10 10.0.18363
#Hostname: z02665mj
Generated by Fabric Compiler (version 2024.2-SP1.2 build 187561) at Mon Feb  9 21:01:48 2026
Parameters for debugging are loaded as follows:
Compiling verification operator library.
Compiling common defs.
Compiling prim grid devices.
Compiling place grid timing.
Compiling gate devices.
Compiling gate operators.
Building architecture model.
Loading device packaging model.
Building architecture floorplan logic view.
Elaborate the liberty model.
I: Multithreading enabled for Timing using a maximum of 4 processes.

Routing started.
Build routing arch for double attribute device.
Enter timing driven router mode.
I: Multithreading enabled for route using a maximum of 1 processes.
W: Route-4027: Cannot find permit_rougth_thru_units.json file in working directory.
Building routing graph takes 0.43 sec.
Enable Recovery Analysis in Routing
Init coarse delay table.
Read place coarse delay table takes 0.03 sec.
build place dedicate switch graph takes 0.13 sec
Setup STE netlist take 540 msec.
Slack Weight : 90
CE/RS signal series limit : 500
Dispose control chain take 92 msec.
Collect const net info take 26 msec.
Total nets for routing: 2887.
Total loads for routing: 13528.
Direct connect net size: 823
Build all design net take 174 msec.
Processing design graph takes 0.84 sec.
Delay table total memory: 4.79386520 MB
Route graph total memory: 11.13096237 MB
Route design total memory: 4.02951431 MB
The remaining process takes 0.05 sec.
Stage: after context initialize | Performance: TNS = 0 ; WNS = 989626 ; THS = NA ; WHS = NA | Time (s): real = 0h:0m:5s ; cpu = 0h:0m:3s ; process = 0h:0m:4s | Memory (MB): curr = 349.238281 ; peak = 371.894531 | Checksum: E150D6C4A7073ECD
Global routing takes 0.00 sec.
Pin Cost Increasing Speed 300
Unrouted clock nets at iteration 0 (0.007 sec): 0
Stage: after clock route | Performance: TNS = 0 ; WNS = 989626 ; THS = NA ; WHS = NA | Time (s): real = 0h:0m:5s ; cpu = 0h:0m:3s ; process = 0h:0m:4s | Memory (MB): curr = 350.285156 ; peak = 371.894531 | Checksum: 8863A6FD9989C4C6
Total route nets size: 2881
I: Start printing congestion info.
I: Finish printing congestion info.
Pre route takes 0.789 sec
Stage: after pre route | Performance: TNS = 0 ; WNS = 990336 ; THS = 0 ; WHS = 256 | Time (s): real = 0h:0m:6s ; cpu = 0h:0m:3s ; process = 0h:0m:5s | Memory (MB): curr = 407.949219 ; peak = 413.449219 | Checksum: E4EA94F08E64546C
Unrouted general nets at iteration 2 (MT total route time: 0.465 sec): 2463(overused: 13579)
Unrouted general nets at iteration 3 (MT total route time: 0.377 sec): 2090(overused: 8212)
Unrouted general nets at iteration 4 (MT total route time: 0.280 sec): 1867(overused: 6563)
Unrouted general nets at iteration 5 (MT total route time: 0.231 sec): 1675(overused: 5391)
Unrouted general nets at iteration 6 (MT total route time: 0.210 sec): 1517(overused: 4491)
Unrouted general nets at iteration 7 (MT total route time: 0.157 sec): 999(overused: 3209)
Unrouted general nets at iteration 8 (MT total route time: 0.130 sec): 777(overused: 2183)
Unrouted general nets at iteration 9 (MT total route time: 0.104 sec): 603(overused: 1633)
Unrouted general nets at iteration 10 (MT total route time: 0.079 sec): 465(overused: 1178)
Unrouted general nets at iteration 11 (MT total route time: 0.065 sec): 363(overused: 944)
Unrouted general nets at iteration 12 (MT total route time: 0.058 sec): 303(overused: 766)
Unrouted general nets at iteration 13 (MT total route time: 0.048 sec): 259(overused: 638)
Unrouted general nets at iteration 14 (MT total route time: 0.042 sec): 224(overused: 468)
Unrouted general nets at iteration 15 (MT total route time: 0.037 sec): 186(overused: 409)
Unrouted general nets at iteration 16 (MT total route time: 0.035 sec): 156(overused: 352)
Unrouted general nets at iteration 17 (MT total route time: 0.030 sec): 124(overused: 250)
Unrouted general nets at iteration 18 (MT total route time: 0.059 sec): 93(overused: 216)
Unrouted general nets at iteration 19 (MT total route time: 0.024 sec): 72(overused: 156)
Unrouted general nets at iteration 20 (MT total route time: 0.018 sec): 66(overused: 124)
Unrouted general nets at iteration 21 (MT total route time: 0.020 sec): 65(overused: 140)
Unrouted general nets at iteration 22 (MT total route time: 0.017 sec): 60(overused: 104)
Unrouted general nets at iteration 23 (MT total route time: 0.014 sec): 35(overused: 60)
Unrouted general nets at iteration 24 (MT total route time: 0.011 sec): 31(overused: 50)
Unrouted general nets at iteration 25 (MT total route time: 0.009 sec): 28(overused: 48)
Unrouted general nets at iteration 26 (MT total route time: 0.013 sec): 30(overused: 56)
Unrouted general nets at iteration 27 (MT total route time: 0.032 sec): 26(overused: 52)
Unrouted general nets at iteration 28 (MT total route time: 0.025 sec): 30(overused: 48)
Unrouted general nets at iteration 29 (MT total route time: 0.030 sec): 27(overused: 52)
Unrouted general nets at iteration 30 (MT total route time: 0.025 sec): 22(overused: 42)
Unrouted general nets at iteration 31 (MT total route time: 0.020 sec): 23(overused: 42)
Unrouted general nets at iteration 32 (MT total route time: 0.019 sec): 20(overused: 34)
Unrouted general nets at iteration 33 (MT total route time: 0.014 sec): 14(overused: 18)
Unrouted general nets at iteration 34 (MT total route time: 0.016 sec): 12(overused: 22)
Unrouted general nets at iteration 35 (MT total route time: 0.013 sec): 11(overused: 16)
Unrouted general nets at iteration 36 (MT total route time: 0.015 sec): 8(overused: 10)
Unrouted general nets at iteration 37 (MT total route time: 0.014 sec): 8(overused: 10)
Unrouted general nets at iteration 38 (MT total route time: 0.014 sec): 6(overused: 10)
Unrouted general nets at iteration 39 (MT total route time: 0.011 sec): 6(overused: 10)
Unrouted general nets at iteration 40 (MT total route time: 0.016 sec): 9(overused: 14)
Unrouted general nets at iteration 41 (MT total route time: 0.022 sec): 9(overused: 16)
Unrouted general nets at iteration 42 (MT total route time: 0.019 sec): 7(overused: 14)
Unrouted general nets at iteration 43 (MT total route time: 0.016 sec): 7(overused: 12)
Unrouted general nets at iteration 44 (MT total route time: 0.015 sec): 6(overused: 10)
Unrouted general nets at iteration 45 (MT total route time: 0.015 sec): 4(overused: 6)
Unrouted general nets at iteration 46 (MT total route time: 0.013 sec): 4(overused: 6)
Unrouted general nets at iteration 47 (MT total route time: 0.011 sec): 4(overused: 4)
Unrouted general nets at iteration 48 (MT total route time: 0.011 sec): 4(overused: 4)
Unrouted general nets at iteration 49 (MT total route time: 0.015 sec): 2(overused: 4)
Unrouted general nets at iteration 50 (MT total route time: 0.014 sec): 0(overused: 0)
----General net take 0.025 sec(route net take 0.000 sec, inc cost take 0.012 sec, iter times: 1)
----const net route take 0.015 sec
Unrouted nets at iteration 51 (0.041 sec): 0
Stage: after detail route | Performance: TNS = 0 ; WNS = 989240 ; THS = NA ; WHS = NA | Time (s): real = 0h:0m:10s ; cpu = 0h:0m:4s ; process = 0h:0m:9s | Memory (MB): curr = 416.203125 ; peak = 416.207031 | Checksum: E3B4E68C5E078A9
Begin rip-up and reroute:
Rip-up and reroute takes 0.12 sec.
Stage: after ripup & reroute | Performance: TNS = 0 ; WNS = 989241 ; THS = NA ; WHS = NA | Time (s): real = 0h:0m:10s ; cpu = 0h:0m:4s ; process = 0h:0m:9s | Memory (MB): curr = 419.363281 ; peak = 420.160156 | Checksum: 31436FBEB47B896B
Detailed routing takes 4.63 sec.
Sort Original Nets take 0.001 sec
Check HPIO div result take 0.000 sec
Total net: 2887, route succeed net: 2887
Generate routing result take 0.006 sec
Handle PERMUX permutation take 0.110 sec
Handle const net take 0.009 sec
Handle route through take 0.031 sec
Used SRB routing arc is 22350.
Stage: after finish route | Performance: TNS = 0 ; WNS = 989241 ; THS = NA ; WHS = NA | Time (s): real = 0h:0m:10s ; cpu = 0h:0m:4s ; process = 0h:0m:10s | Memory (MB): curr = 398.226563 ; peak = 420.160156 | Checksum: 695F34B61907249E
Finish routing takes 0.22 sec.
Total routing takes 6.27 sec.


Device Utilization Summary :
+----------------------------------------------------------------------------+
| Device Type                      | Used     | Available     | Util(%)     
+----------------------------------------------------------------------------+
| CLMA                             | 365      | 592           | 62          
| + FF                             | 750      | 3552          | 22          
| + LUT                            | 1018     | 2368          | 43          
|   + LUT as Logic                 | 852      |               |             
|   + LUT as Const                 | 148      |               |             
|   + LUT as Bypass                | 18       |               |             
| CLMS                             | 511      | 888           | 58          
| + FF                             | 1190     | 5328          | 23          
| + LUT                            | 1398     | 3552          | 40          
|   + LUT as Logic                 | 1221     |               |             
|   + LUT as Memory                | 0        |               |             
|     + LUT as Distributed RAM     | 0        |               |             
|   + LUT as Const                 | 153      |               |             
|   + LUT as Bypass                | 24       |               |             
| IO                               | 168      | 336           | 50          
| + IOBD                           | 14       | 21            | 67          
| + IOBR                           | 38       | 42            | 91          
| + IOBS                           | 116      | 273           | 43          
| BKCL                             | 0        | 6             | 0           
| CCS                              | 1        | 1             | 100         
| CLKDIV                           | 0        | 4             | 0           
| CLKDLY                           | 0        | 8             | 0           
| DLL                              | 0        | 2             | 0           
| DRM                              | 0        | 26            | 0           
| HARD0N1                          | 141      | 936           | 16          
| IOCKBRG                          | 0        | 2             | 0           
| IOCKGATE                         | 0        | 4             | 0           
| + IOCKGATE as Bypass             | 0        |               |             
| IOLDLYS                          | 39       | 252           | 16          
| IOLDLY                           | 15       | 84            | 18          
| IOL                              | 168      | 336           | 50          
| ISERDES                          | 0        | 21            | 0           
| LDO                              | 0        | 2             | 0           
| OSC                              | 0        | 1             | 0           
| OSERDES                          | 0        | 21            | 0           
| PLLINMUXD                        | 1        | 2             | 50          
| + PLLINMUXD as Bypass            | 0        |               |             
| PLL                              | 1        | 2             | 50          
| USCMDC                           | 2        | 8             | 25          
| + USCMDC as Bypass               | 0        |               |             
| USCMD                            | 0        | 2             | 0           
| + USCMD as Bypass                | 0        |               |             
| USSMBUF                          | 0        | 8             | 0           
| + USSMBUF as Bypass              | 0        |               |             
+----------------------------------------------------------------------------+

Finished routing. (CPU time elapsed 0h:00m:08s)
Design 'Tieta_Feiteng_1001_top' has been routed successfully.
Saving design to DB.
Action route: Export DB successfully.
Action route: Real time elapsed is 0h:0m:11s
Action route: CPU time elapsed is 0h:0m:9s
Action route: Process CPU time elapsed is 0h:0m:11s
Action route: Peak memory pool usage is 420 MB

Current time: Mon Feb  9 21:01:57 2026
