#Build: Fabric Compiler 2024.2-SP1.2, Build 187561, May 22 18:16 2025
#Install: C:\studyware\pango\PDS_2024.2-SP1.2-ads\bin
#Application name: pds_shell.exe
#OS: Windows 10 10.0.18363
#Hostname: z02665mj
Generated by Fabric Compiler (version 2024.2-SP1.2 build 187561) at Mon Feb  9 21:01:58 2026
Parameters for debugging are loaded as follows:
Compiling verification operator library.
Compiling common defs.
Compiling prim grid devices.
Compiling place grid timing.
Compiling gate devices.
Compiling gate operators.
Building architecture model.
Loading device packaging model.
Building architecture floorplan logic view.
Elaborate the liberty model.
I: Multithreading enabled for Timing using a maximum of 4 processes.

Route Optimize started.
Build routing arch for double attribute device.
Enter timing driven router mode.
I: Multithreading enabled for route using a maximum of 1 processes.
I: Column Clock Check close.
W: Route-4027: Cannot find permit_rougth_thru_units.json file in working directory.
Building routing graph takes 0.35 sec.
Total nets for routing: 3329.
Total loads for routing: 13528.
Direct connect net size: 823
Build all design net take 189 msec.
Processing design graph takes 0.19 sec.
Delay table total memory: 4.79386520 MB
Route graph total memory: 11.30878067 MB
Route design total memory: 3.97067642 MB
The remaining process takes 0.05 sec.
Stage: after context initialize in post route | Performance: TNS = NA ; WNS = NA ; THS = NA ; WHS = NA | Time (s): real = 0h:0m:4s ; cpu = 0h:0m:3s ; process = 0h:0m:4s | Memory (MB): curr = 299.246094 ; peak = 314.199219 | Checksum: 6F7CBEEDB3035DAE
Load route result takes 0.03 sec
Fix Hold Violation Threshold For Clock Path Cross SRB(ps) : 200
Fix Hold Violation Threshold For Clock Path On Clock Tree(ps) : 100
Hold fix to no violation.
Hold fix to threshold
Stage: after hold fix | Performance: TNS = 0 ; WNS = 989237 ; THS = 0 ; WHS = 257 | Time (s): real = 0h:0m:5s ; cpu = 0h:0m:3s ; process = 0h:0m:4s | Memory (MB): curr = 379.558594 ; peak = 379.562500 | Checksum: 63DE8BBC5BF67408
Hold Violation Fix in router takes 0.42 sec.
Sort Original Nets take 0.001 sec
Total net: 3329, route succeed net: 3329
Generate routing result take 0.009 sec
Handle PERMUX permutation take 0.009 sec
Handle const net take 0.000 sec
Handle route through take 0.029 sec
Used SRB routing arc is 22350.
Stage: after finish post route | Performance: TNS = 0 ; WNS = 989237 ; THS = NA ; WHS = NA | Time (s): real = 0h:0m:5s ; cpu = 0h:0m:3s ; process = 0h:0m:4s | Memory (MB): curr = 361.062500 ; peak = 379.570313 | Checksum: 2A13FEE4F9F3195B
Finish post route takes 0.09 sec.
Total post route takes 1.16 sec.


Device Utilization Summary :
+----------------------------------------------------------------------------+
| Device Type                      | Used     | Available     | Util(%)     
+----------------------------------------------------------------------------+
| CLMA                             | 365      | 592           | 62          
| + FF                             | 750      | 3552          | 22          
| + LUT                            | 1018     | 2368          | 43          
|   + LUT as Logic                 | 852      |               |             
|   + LUT as Const                 | 148      |               |             
|   + LUT as Bypass                | 18       |               |             
| CLMS                             | 511      | 888           | 58          
| + FF                             | 1190     | 5328          | 23          
| + LUT                            | 1398     | 3552          | 40          
|   + LUT as Logic                 | 1221     |               |             
|   + LUT as Memory                | 0        |               |             
|     + LUT as Distributed RAM     | 0        |               |             
|   + LUT as Const                 | 153      |               |             
|   + LUT as Bypass                | 24       |               |             
| IO                               | 168      | 336           | 50          
| + IOBD                           | 14       | 21            | 67          
| + IOBR                           | 38       | 42            | 91          
| + IOBS                           | 116      | 273           | 43          
| BKCL                             | 0        | 6             | 0           
| CCS                              | 1        | 1             | 100         
| CLKDIV                           | 0        | 4             | 0           
| CLKDLY                           | 0        | 8             | 0           
| DLL                              | 0        | 2             | 0           
| DRM                              | 0        | 26            | 0           
| HARD0N1                          | 141      | 936           | 16          
| IOCKBRG                          | 0        | 2             | 0           
| IOCKGATE                         | 0        | 4             | 0           
| + IOCKGATE as Bypass             | 0        |               |             
| IOLDLYS                          | 39       | 252           | 16          
| IOLDLY                           | 15       | 84            | 18          
| IOL                              | 168      | 336           | 50          
| ISERDES                          | 0        | 21            | 0           
| LDO                              | 0        | 2             | 0           
| OSC                              | 0        | 1             | 0           
| OSERDES                          | 0        | 21            | 0           
| PLLINMUXD                        | 1        | 2             | 50          
| + PLLINMUXD as Bypass            | 0        |               |             
| PLL                              | 1        | 2             | 50          
| USCMDC                           | 2        | 8             | 25          
| + USCMDC as Bypass               | 0        |               |             
| USCMD                            | 0        | 2             | 0           
| + USCMD as Bypass                | 0        |               |             
| USSMBUF                          | 0        | 8             | 0           
| + USSMBUF as Bypass              | 0        |               |             
+----------------------------------------------------------------------------+

Finished route optimize. (CPU time elapsed 0h:00m:04s)
Design 'Tieta_Feiteng_1001_top' has been routed successfully.
Saving design to DB.
Action route_optimize: Export DB successfully.
Action route_optimize: Real time elapsed is 0h:0m:6s
Action route_optimize: CPU time elapsed is 0h:0m:4s
Action route_optimize: Process CPU time elapsed is 0h:0m:5s
Action route_optimize: Peak memory pool usage is 379 MB

Current time: Mon Feb  9 21:02:03 2026
