#Build: Fabric Compiler 2024.2-SP1.2, Build 187561, May 22 18:16 2025
#Install: C:\studyware\pango\PDS_2024.2-SP1.2-ads\bin
#Application name: pds_shell.exe
#OS: Windows 10 10.0.18363
#Hostname: z02665mj
Generated by Fabric Compiler (version 2024.2-SP1.2 build 187561) at Wed Feb 11 11:35:33 2026
Parameters for debugging are loaded as follows:
Compiling verification operator library.
Compiling common defs.
Compiling prim grid devices.
Compiling place grid timing.
Compiling gate devices.
Compiling gate operators.
Building architecture model.
Loading device packaging model.
Building architecture floorplan logic view.
Elaborate the liberty model.
I: Multithreading enabled for Timing using a maximum of 4 processes.

Routing started.
Build routing arch for double attribute device.
Enter timing driven router mode.
I: Multithreading enabled for route using a maximum of 1 processes.
W: Route-4027: Cannot find permit_rougth_thru_units.json file in working directory.
Building routing graph takes 0.31 sec.
Enable Recovery Analysis in Routing
Init coarse delay table.
Read place coarse delay table takes 0.03 sec.
build place dedicate switch graph takes 0.16 sec
Setup STE netlist take 502 msec.
Slack Weight : 90
CE/RS signal series limit : 500
Dispose control chain take 62 msec.
Collect const net info take 20 msec.
Total nets for routing: 2188.
Total loads for routing: 10419.
Direct connect net size: 1073
Build all design net take 140 msec.
Processing design graph takes 0.73 sec.
Delay table total memory: 4.79386520 MB
Route graph total memory: 10.74792480 MB
Route design total memory: 3.59920883 MB
The remaining process takes 0.04 sec.
Stage: after context initialize | Performance: TNS = 0 ; WNS = 11287 ; THS = NA ; WHS = NA | Time (s): real = 0h:0m:5s ; cpu = 0h:0m:3s ; process = 0h:0m:4s | Memory (MB): curr = 331.027344 ; peak = 351.218750 | Checksum: 81B52552E32FC6EE
Global routing takes 0.00 sec.
Pin Cost Increasing Speed 300
Unrouted clock nets at iteration 0 (0.006 sec): 0
Stage: after clock route | Performance: TNS = 0 ; WNS = 11287 ; THS = NA ; WHS = NA | Time (s): real = 0h:0m:5s ; cpu = 0h:0m:3s ; process = 0h:0m:4s | Memory (MB): curr = 332.390625 ; peak = 351.218750 | Checksum: 1B58E0A779FC0E22
Total route nets size: 2183
I: Start printing congestion info.
I: Finish printing congestion info.
Pre route takes 0.714 sec
Stage: after pre route | Performance: TNS = 0 ; WNS = 11668 ; THS = 0 ; WHS = 257 | Time (s): real = 0h:0m:6s ; cpu = 0h:0m:3s ; process = 0h:0m:5s | Memory (MB): curr = 381.617188 ; peak = 385.863281 | Checksum: D41330AF01FFFF
Unrouted general nets at iteration 2 (MT total route time: 0.394 sec): 1796(overused: 11352)
Unrouted general nets at iteration 3 (MT total route time: 0.432 sec): 1616(overused: 7207)
Unrouted general nets at iteration 4 (MT total route time: 0.261 sec): 1439(overused: 5656)
Unrouted general nets at iteration 5 (MT total route time: 0.207 sec): 1308(overused: 4736)
Unrouted general nets at iteration 6 (MT total route time: 0.179 sec): 1196(overused: 4019)
Unrouted general nets at iteration 7 (MT total route time: 0.139 sec): 749(overused: 2805)
Unrouted general nets at iteration 8 (MT total route time: 0.120 sec): 582(overused: 1926)
Unrouted general nets at iteration 9 (MT total route time: 0.092 sec): 466(overused: 1404)
Unrouted general nets at iteration 10 (MT total route time: 0.081 sec): 384(overused: 1131)
Unrouted general nets at iteration 11 (MT total route time: 0.060 sec): 319(overused: 844)
Unrouted general nets at iteration 12 (MT total route time: 0.050 sec): 269(overused: 684)
Unrouted general nets at iteration 13 (MT total route time: 0.040 sec): 222(overused: 544)
Unrouted general nets at iteration 14 (MT total route time: 0.035 sec): 169(overused: 424)
Unrouted general nets at iteration 15 (MT total route time: 0.036 sec): 150(overused: 344)
Unrouted general nets at iteration 16 (MT total route time: 0.026 sec): 120(overused: 269)
Unrouted general nets at iteration 17 (MT total route time: 0.022 sec): 98(overused: 202)
Unrouted general nets at iteration 18 (MT total route time: 0.019 sec): 85(overused: 194)
Unrouted general nets at iteration 19 (MT total route time: 0.017 sec): 86(overused: 184)
Unrouted general nets at iteration 20 (MT total route time: 0.019 sec): 82(overused: 164)
Unrouted general nets at iteration 21 (MT total route time: 0.032 sec): 72(overused: 140)
Unrouted general nets at iteration 22 (MT total route time: 0.013 sec): 53(overused: 102)
Unrouted general nets at iteration 23 (MT total route time: 0.011 sec): 53(overused: 102)
Unrouted general nets at iteration 24 (MT total route time: 0.013 sec): 42(overused: 72)
Unrouted general nets at iteration 25 (MT total route time: 0.012 sec): 32(overused: 78)
Unrouted general nets at iteration 26 (MT total route time: 0.008 sec): 19(overused: 36)
Unrouted general nets at iteration 27 (MT total route time: 0.009 sec): 21(overused: 34)
Unrouted general nets at iteration 28 (MT total route time: 0.010 sec): 16(overused: 28)
Unrouted general nets at iteration 29 (MT total route time: 0.008 sec): 14(overused: 20)
Unrouted general nets at iteration 30 (MT total route time: 0.009 sec): 21(overused: 46)
Unrouted general nets at iteration 31 (MT total route time: 0.008 sec): 14(overused: 28)
Unrouted general nets at iteration 32 (MT total route time: 0.008 sec): 11(overused: 16)
Unrouted general nets at iteration 33 (MT total route time: 0.006 sec): 10(overused: 18)
Unrouted general nets at iteration 34 (MT total route time: 0.005 sec): 2(overused: 4)
Unrouted general nets at iteration 35 (MT total route time: 0.005 sec): 2(overused: 2)
Unrouted general nets at iteration 36 (MT total route time: 0.004 sec): 2(overused: 4)
Unrouted general nets at iteration 37 (MT total route time: 0.006 sec): 2(overused: 4)
Unrouted general nets at iteration 38 (MT total route time: 0.005 sec): 2(overused: 2)
Unrouted general nets at iteration 39 (MT total route time: 0.004 sec): 2(overused: 2)
Unrouted general nets at iteration 40 (MT total route time: 0.004 sec): 2(overused: 4)
Unrouted general nets at iteration 41 (MT total route time: 0.005 sec): 0(overused: 0)
----General net take 0.004 sec(route net take 0.000 sec, inc cost take 0.001 sec, iter times: 1)
----const net route take 0.006 sec
Unrouted nets at iteration 42 (0.012 sec): 0
Stage: after detail route | Performance: TNS = 0 ; WNS = 11290 ; THS = NA ; WHS = NA | Time (s): real = 0h:0m:9s ; cpu = 0h:0m:4s ; process = 0h:0m:8s | Memory (MB): curr = 389.195313 ; peak = 389.199219 | Checksum: F6A96BCBBAC64289
Begin rip-up and reroute:
Rip-up and reroute takes 0.10 sec.
Stage: after ripup & reroute | Performance: TNS = 0 ; WNS = 11289 ; THS = NA ; WHS = NA | Time (s): real = 0h:0m:9s ; cpu = 0h:0m:4s ; process = 0h:0m:8s | Memory (MB): curr = 392.363281 ; peak = 392.421875 | Checksum: 7BF0AFC5225E8553
Detailed routing takes 3.68 sec.
I: Design net nt_i_CLK_C42_IN_25M is routed by general path.
C: Route-2036: The clock path from i_CLK_C42_IN_25M_ibuf/opit_1:OUT to pll_inst/u_pll_e2/goppllinmuxd:CLK_IN[0] is routed by SRB.
Sort Original Nets take 0.001 sec
Check HPIO div result take 0.000 sec
Total net: 2188, route succeed net: 2188
Generate routing result take 0.007 sec
Handle PERMUX permutation take 0.106 sec
Handle const net take 0.005 sec
Handle route through take 0.034 sec
Used SRB routing arc is 17933.
Stage: after finish route | Performance: TNS = 0 ; WNS = 11289 ; THS = NA ; WHS = NA | Time (s): real = 0h:0m:9s ; cpu = 0h:0m:4s ; process = 0h:0m:8s | Memory (MB): curr = 375.003906 ; peak = 392.421875 | Checksum: 4FF0988E495AD741
Finish routing takes 0.22 sec.
Total routing takes 5.06 sec.


Device Utilization Summary :
+----------------------------------------------------------------------------+
| Device Type                      | Used     | Available     | Util(%)     
+----------------------------------------------------------------------------+
| CLMA                             | 274      | 592           | 47          
| + FF                             | 609      | 3552          | 18          
| + LUT                            | 727      | 2368          | 31          
|   + LUT as Logic                 | 612      |               |             
|   + LUT as Const                 | 97       |               |             
|   + LUT as Bypass                | 18       |               |             
| CLMS                             | 383      | 888           | 44          
| + FF                             | 852      | 5328          | 16          
| + LUT                            | 1021     | 3552          | 29          
|   + LUT as Logic                 | 924      |               |             
|   + LUT as Memory                | 0        |               |             
|     + LUT as Distributed RAM     | 0        |               |             
|   + LUT as Const                 | 91       |               |             
|   + LUT as Bypass                | 6        |               |             
| IO                               | 279      | 336           | 84          
| + IOBD                           | 19       | 21            | 91          
| + IOBR                           | 34       | 42            | 81          
| + IOBS                           | 226      | 273           | 83          
| BKCL                             | 6        | 6             | 100         
| CCS                              | 1        | 1             | 100         
| CLKDIV                           | 0        | 4             | 0           
| CLKDLY                           | 0        | 8             | 0           
| DLL                              | 0        | 2             | 0           
| DRM                              | 0        | 26            | 0           
| HARD0N1                          | 64       | 936           | 7           
| IOCKBRG                          | 0        | 2             | 0           
| IOCKGATE                         | 0        | 4             | 0           
| + IOCKGATE as Bypass             | 0        |               |             
| IOLDLYS                          | 127      | 252           | 51          
| IOLDLY                           | 35       | 84            | 42          
| IOL                              | 279      | 336           | 84          
| ISERDES                          | 0        | 21            | 0           
| LDO                              | 0        | 2             | 0           
| OSC                              | 0        | 1             | 0           
| OSERDES                          | 0        | 21            | 0           
| PLLINMUXD                        | 1        | 2             | 50          
| + PLLINMUXD as Bypass            | 0        |               |             
| PLL                              | 1        | 2             | 50          
| USCMDC                           | 1        | 8             | 13          
| + USCMDC as Bypass               | 0        |               |             
| USCMD                            | 0        | 2             | 0           
| + USCMD as Bypass                | 0        |               |             
| USSMBUF                          | 0        | 8             | 0           
| + USSMBUF as Bypass              | 0        |               |             
+----------------------------------------------------------------------------+

Finished routing. (CPU time elapsed 0h:00m:07s)
Design 'Tieta_Feiteng_2001_top' has been routed successfully.
Saving design to DB.
Action route: Export DB successfully.
Action route: Real time elapsed is 0h:0m:10s
Action route: CPU time elapsed is 0h:0m:8s
Action route: Process CPU time elapsed is 0h:0m:9s
Action route: Peak memory pool usage is 392 MB

Current time: Wed Feb 11 11:35:41 2026
