#Build: Fabric Compiler 2024.2-SP1.2, Build 187561, May 22 18:16 2025
#Install: C:\studyware\pango\PDS_2024.2-SP1.2-ads\bin
#Application name: pds_shell.exe
#OS: Windows 10 10.0.18363
#Hostname: z02665mj
Generated by Fabric Compiler (version 2024.2-SP1.2 build 187561) at Wed Feb 11 11:35:43 2026
Parameters for debugging are loaded as follows:
Compiling verification operator library.
Compiling common defs.
Compiling prim grid devices.
Compiling place grid timing.
Compiling gate devices.
Compiling gate operators.
Building architecture model.
Loading device packaging model.
Building architecture floorplan logic view.
Elaborate the liberty model.
I: Multithreading enabled for Timing using a maximum of 4 processes.

Route Optimize started.
Build routing arch for double attribute device.
Enter timing driven router mode.
I: Multithreading enabled for route using a maximum of 1 processes.
I: Column Clock Check close.
W: Route-4027: Cannot find permit_rougth_thru_units.json file in working directory.
Building routing graph takes 0.31 sec.
Total nets for routing: 2439.
Total loads for routing: 10419.
Direct connect net size: 1073
Build all design net take 154 msec.
Processing design graph takes 0.15 sec.
Delay table total memory: 4.79386520 MB
Route graph total memory: 10.77622986 MB
Route design total memory: 3.61112595 MB
The remaining process takes 0.07 sec.
Stage: after context initialize in post route | Performance: TNS = NA ; WNS = NA ; THS = NA ; WHS = NA | Time (s): real = 0h:0m:5s ; cpu = 0h:0m:3s ; process = 0h:0m:4s | Memory (MB): curr = 288.847656 ; peak = 306.558594 | Checksum: 439DD8ED15AFEF4E
Load route result takes 0.02 sec
Fix Hold Violation Threshold For Clock Path Cross SRB(ps) : 200
Fix Hold Violation Threshold For Clock Path On Clock Tree(ps) : 100
Hold fix to no violation.
Hold fix to threshold
Stage: after hold fix | Performance: TNS = 0 ; WNS = 11289 ; THS = 0 ; WHS = 256 | Time (s): real = 0h:0m:6s ; cpu = 0h:0m:3s ; process = 0h:0m:5s | Memory (MB): curr = 355.664063 ; peak = 355.667969 | Checksum: C3F30E8E84741957
Hold Violation Fix in router takes 0.39 sec.
Sort Original Nets take 0.001 sec
Total net: 2439, route succeed net: 2439
Generate routing result take 0.009 sec
Handle PERMUX permutation take 0.010 sec
Handle const net take 0.000 sec
Handle route through take 0.026 sec
Used SRB routing arc is 17933.
Stage: after finish post route | Performance: TNS = 0 ; WNS = 11289 ; THS = NA ; WHS = NA | Time (s): real = 0h:0m:6s ; cpu = 0h:0m:4s ; process = 0h:0m:5s | Memory (MB): curr = 342.367188 ; peak = 355.675781 | Checksum: B4D5AA1421709E5D
Finish post route takes 0.11 sec.
Total post route takes 1.07 sec.


Device Utilization Summary :
+----------------------------------------------------------------------------+
| Device Type                      | Used     | Available     | Util(%)     
+----------------------------------------------------------------------------+
| CLMA                             | 274      | 592           | 47          
| + FF                             | 609      | 3552          | 18          
| + LUT                            | 727      | 2368          | 31          
|   + LUT as Logic                 | 612      |               |             
|   + LUT as Const                 | 97       |               |             
|   + LUT as Bypass                | 18       |               |             
| CLMS                             | 383      | 888           | 44          
| + FF                             | 852      | 5328          | 16          
| + LUT                            | 1021     | 3552          | 29          
|   + LUT as Logic                 | 924      |               |             
|   + LUT as Memory                | 0        |               |             
|     + LUT as Distributed RAM     | 0        |               |             
|   + LUT as Const                 | 91       |               |             
|   + LUT as Bypass                | 6        |               |             
| IO                               | 279      | 336           | 84          
| + IOBD                           | 19       | 21            | 91          
| + IOBR                           | 34       | 42            | 81          
| + IOBS                           | 226      | 273           | 83          
| BKCL                             | 6        | 6             | 100         
| CCS                              | 1        | 1             | 100         
| CLKDIV                           | 0        | 4             | 0           
| CLKDLY                           | 0        | 8             | 0           
| DLL                              | 0        | 2             | 0           
| DRM                              | 0        | 26            | 0           
| HARD0N1                          | 64       | 936           | 7           
| IOCKBRG                          | 0        | 2             | 0           
| IOCKGATE                         | 0        | 4             | 0           
| + IOCKGATE as Bypass             | 0        |               |             
| IOLDLYS                          | 127      | 252           | 51          
| IOLDLY                           | 35       | 84            | 42          
| IOL                              | 279      | 336           | 84          
| ISERDES                          | 0        | 21            | 0           
| LDO                              | 0        | 2             | 0           
| OSC                              | 0        | 1             | 0           
| OSERDES                          | 0        | 21            | 0           
| PLLINMUXD                        | 1        | 2             | 50          
| + PLLINMUXD as Bypass            | 0        |               |             
| PLL                              | 1        | 2             | 50          
| USCMDC                           | 1        | 8             | 13          
| + USCMDC as Bypass               | 0        |               |             
| USCMD                            | 0        | 2             | 0           
| + USCMD as Bypass                | 0        |               |             
| USSMBUF                          | 0        | 8             | 0           
| + USSMBUF as Bypass              | 0        |               |             
+----------------------------------------------------------------------------+

Finished route optimize. (CPU time elapsed 0h:00m:04s)
Design 'Tieta_Feiteng_2001_top' has been routed successfully.
Saving design to DB.
Action route_optimize: Export DB successfully.
Action route_optimize: Real time elapsed is 0h:0m:7s
Action route_optimize: CPU time elapsed is 0h:0m:4s
Action route_optimize: Process CPU time elapsed is 0h:0m:5s
Action route_optimize: Peak memory pool usage is 355 MB

Current time: Wed Feb 11 11:35:48 2026
