#Build: Fabric Compiler 2024.2-SP1.2, Build 187561, May 22 18:16 2025
#Install: C:\studyware\pango\PDS_2024.2-SP1.2-ads\bin
#Application name: pds_shell.exe
#OS: Windows 10 10.0.18363
#Hostname: z02665mj
Generated by Fabric Compiler (version 2024.2-SP1.2 build 187561) at Tue Feb 10 16:31:29 2026
Parameters for debugging are loaded as follows:
Compiling verification operator library.
Compiling common defs.
Compiling prim grid devices.
Compiling place grid timing.
Compiling gate devices.
Compiling gate operators.
Building architecture model.
Loading device packaging model.
Building architecture floorplan logic view.
Elaborate the liberty model.
I: Multithreading enabled for Timing using a maximum of 4 processes.

Route Optimize started.
Build routing arch for double attribute device.
Enter timing driven router mode.
I: Multithreading enabled for route using a maximum of 1 processes.
I: Column Clock Check close.
W: Route-4027: Cannot find permit_rougth_thru_units.json file in working directory.
Building routing graph takes 0.31 sec.
Total nets for routing: 2440.
Total loads for routing: 10450.
Direct connect net size: 1107
Build all design net take 152 msec.
Processing design graph takes 0.15 sec.
Delay table total memory: 4.79386520 MB
Route graph total memory: 10.77772522 MB
Route design total memory: 3.61198807 MB
The remaining process takes 0.04 sec.
Stage: after context initialize in post route | Performance: TNS = NA ; WNS = NA ; THS = NA ; WHS = NA | Time (s): real = 0h:0m:5s ; cpu = 0h:0m:3s ; process = 0h:0m:3s | Memory (MB): curr = 289.195313 ; peak = 306.574219 | Checksum: AFED0C7EE3B0789C
Load route result takes 0.03 sec
Fix Hold Violation Threshold For Clock Path Cross SRB(ps) : 200
Fix Hold Violation Threshold For Clock Path On Clock Tree(ps) : 100
Hold fix to no violation.
Hold fix to threshold
Stage: after hold fix | Performance: TNS = 0 ; WNS = 10806 ; THS = 0 ; WHS = 257 | Time (s): real = 0h:0m:5s ; cpu = 0h:0m:3s ; process = 0h:0m:4s | Memory (MB): curr = 356.210938 ; peak = 356.214844 | Checksum: 80253C62985B0159
Hold Violation Fix in router takes 0.37 sec.
Sort Original Nets take 0.001 sec
Total net: 2440, route succeed net: 2440
Generate routing result take 0.006 sec
Handle PERMUX permutation take 0.009 sec
Handle const net take 0.000 sec
Handle route through take 0.062 sec
Used SRB routing arc is 17842.
Stage: after finish post route | Performance: TNS = 0 ; WNS = 10806 ; THS = NA ; WHS = NA | Time (s): real = 0h:0m:6s ; cpu = 0h:0m:3s ; process = 0h:0m:4s | Memory (MB): curr = 343.542969 ; peak = 356.222656 | Checksum: A958170E4DAAD3E6
Finish post route takes 0.13 sec.
Total post route takes 1.06 sec.


Device Utilization Summary :
+----------------------------------------------------------------------------+
| Device Type                      | Used     | Available     | Util(%)     
+----------------------------------------------------------------------------+
| CLMA                             | 277      | 592           | 47          
| + FF                             | 604      | 3552          | 18          
| + LUT                            | 710      | 2368          | 30          
|   + LUT as Logic                 | 598      |               |             
|   + LUT as Const                 | 94       |               |             
|   + LUT as Bypass                | 18       |               |             
| CLMS                             | 386      | 888           | 44          
| + FF                             | 857      | 5328          | 17          
| + LUT                            | 1047     | 3552          | 30          
|   + LUT as Logic                 | 938      |               |             
|   + LUT as Memory                | 0        |               |             
|     + LUT as Distributed RAM     | 0        |               |             
|   + LUT as Const                 | 101      |               |             
|   + LUT as Bypass                | 8        |               |             
| IO                               | 292      | 336           | 87          
| + IOBD                           | 19       | 21            | 91          
| + IOBR                           | 36       | 42            | 86          
| + IOBS                           | 237      | 273           | 87          
| BKCL                             | 6        | 6             | 100         
| CCS                              | 1        | 1             | 100         
| CLKDIV                           | 0        | 4             | 0           
| CLKDLY                           | 0        | 8             | 0           
| DLL                              | 0        | 2             | 0           
| DRM                              | 0        | 26            | 0           
| HARD0N1                          | 59       | 936           | 7           
| IOCKBRG                          | 0        | 2             | 0           
| IOCKGATE                         | 0        | 4             | 0           
| + IOCKGATE as Bypass             | 0        |               |             
| IOLDLYS                          | 137      | 252           | 55          
| IOLDLY                           | 38       | 84            | 46          
| IOL                              | 292      | 336           | 87          
| ISERDES                          | 0        | 21            | 0           
| LDO                              | 0        | 2             | 0           
| OSC                              | 0        | 1             | 0           
| OSERDES                          | 0        | 21            | 0           
| PLLINMUXD                        | 1        | 2             | 50          
| + PLLINMUXD as Bypass            | 0        |               |             
| PLL                              | 1        | 2             | 50          
| USCMDC                           | 1        | 8             | 13          
| + USCMDC as Bypass               | 0        |               |             
| USCMD                            | 0        | 2             | 0           
| + USCMD as Bypass                | 0        |               |             
| USSMBUF                          | 0        | 8             | 0           
| + USSMBUF as Bypass              | 0        |               |             
+----------------------------------------------------------------------------+

Finished route optimize. (CPU time elapsed 0h:00m:03s)
Design 'Tieta_Feiteng_2001_top' has been routed successfully.
Saving design to DB.
Action route_optimize: Export DB successfully.
Action route_optimize: Real time elapsed is 0h:0m:6s
Action route_optimize: CPU time elapsed is 0h:0m:4s
Action route_optimize: Process CPU time elapsed is 0h:0m:5s
Action route_optimize: Peak memory pool usage is 356 MB

Current time: Tue Feb 10 16:31:33 2026
